ARM GAS  C:\Users\johnn\AppData\Local\Temp\ccrri3EY.s 			page 1


   1              		.syntax unified
   2              		.cpu cortex-m0
   3              		.fpu softvfp
   4              		.eabi_attribute 20, 1
   5              		.eabi_attribute 21, 1
   6              		.eabi_attribute 23, 3
   7              		.eabi_attribute 24, 1
   8              		.eabi_attribute 25, 1
   9              		.eabi_attribute 26, 1
  10              		.eabi_attribute 30, 1
  11              		.eabi_attribute 34, 0
  12              		.eabi_attribute 18, 4
  13              		.thumb
  14              		.syntax unified
  15              		.file	"JI2C.c"
  16              		.text
  17              	.Ltext0:
  18              		.cfi_sections	.debug_frame
  19              		.section	.text.accel_ReadReg,"ax",%progbits
  20              		.align	2
  21              		.global	accel_ReadReg
  22              		.code	16
  23              		.thumb_func
  24              		.type	accel_ReadReg, %function
  25              	accel_ReadReg:
  26              	.LFB35:
  27              		.file 1 "JI2C.c"
   1:JI2C.c        **** /* ========================================
   2:JI2C.c        ****  *
   3:JI2C.c        ****  * Copyright Johnny Chiahao Li, Columbia University, 2019
   4:JI2C.c        ****  * Version 6.2
   5:JI2C.c        ****  *
   6:JI2C.c        ****  * All Rights Reserved
   7:JI2C.c        ****  * UNPUBLISHED, LICENSED SOFTWARE.
   8:JI2C.c        ****  *
   9:JI2C.c        ****  * CONFIDENTIAL AND PROPRIETARY INFORMATION
  10:JI2C.c        ****  * WHICH IS THE PROPERTY OF your company.
  11:JI2C.c        ****  *
  12:JI2C.c        ****  * ========================================
  13:JI2C.c        **** */
  14:JI2C.c        **** #include <JI2C.h>
  15:JI2C.c        **** //ACCEL
  16:JI2C.c        **** //=======================================================================================
  17:JI2C.c        **** 
  18:JI2C.c        **** //Takes target register and return 1 byte data.
  19:JI2C.c        **** uint8 accel_ReadReg(uint8 Reg){
  28              		.loc 1 19 0
  29              		.cfi_startproc
  30              		@ args = 0, pretend = 0, frame = 8
  31              		@ frame_needed = 0, uses_anonymous_args = 0
  32              	.LVL0:
  33 0000 00B5     		push	{lr}
  34              		.cfi_def_cfa_offset 4
  35              		.cfi_offset 14, -4
  36 0002 83B0     		sub	sp, sp, #12
  37              		.cfi_def_cfa_offset 16
  20:JI2C.c        ****     //Buffer containing the target register.
ARM GAS  C:\Users\johnn\AppData\Local\Temp\ccrri3EY.s 			page 2


  21:JI2C.c        ****     uint8 Write_Buf[1]={0};
  38              		.loc 1 21 0
  39 0004 01A9     		add	r1, sp, #4
  22:JI2C.c        ****     Write_Buf[0]=Reg;
  40              		.loc 1 22 0
  41 0006 0870     		strb	r0, [r1]
  23:JI2C.c        ****     
  24:JI2C.c        ****     //Buffer to store read value
  25:JI2C.c        ****     uint8 Read_Buf[1]={0};
  42              		.loc 1 25 0
  43 0008 0023     		movs	r3, #0
  44 000a 6A46     		mov	r2, sp
  45 000c 1370     		strb	r3, [r2]
  26:JI2C.c        ****     
  27:JI2C.c        ****     //Write register to read to salve device
  28:JI2C.c        ****     I2C_I2CMasterWriteBuf(ACCEL_ADDR, (uint8*)Write_Buf,1,I2C_I2C_MODE_NO_STOP);
  46              		.loc 1 28 0
  47 000e 0233     		adds	r3, r3, #2
  48 0010 0122     		movs	r2, #1
  49 0012 6820     		movs	r0, #104
  50              	.LVL1:
  51 0014 FFF7FEFF 		bl	I2C_I2CMasterWriteBuf
  52              	.LVL2:
  53              	.L2:
  29:JI2C.c        ****     while((I2C_I2CMasterStatus()& I2C_I2C_MSTAT_WR_CMPLT)==0){}
  54              		.loc 1 29 0 discriminator 1
  55 0018 FFF7FEFF 		bl	I2C_I2CMasterStatus
  56              	.LVL3:
  57 001c 8307     		lsls	r3, r0, #30
  58 001e FBD5     		bpl	.L2
  30:JI2C.c        ****     
  31:JI2C.c        ****     
  32:JI2C.c        ****     //Read register value and return data.
  33:JI2C.c        ****     I2C_I2CMasterReadBuf(ACCEL_ADDR,(uint8*)Read_Buf,1,I2C_I2C_MODE_REPEAT_START);
  59              		.loc 1 33 0
  60 0020 0123     		movs	r3, #1
  61 0022 0122     		movs	r2, #1
  62 0024 6946     		mov	r1, sp
  63 0026 6820     		movs	r0, #104
  64 0028 FFF7FEFF 		bl	I2C_I2CMasterReadBuf
  65              	.LVL4:
  66              	.L3:
  34:JI2C.c        ****     while((I2C_I2CMasterStatus()& I2C_I2C_MSTAT_RD_CMPLT)==0){}
  67              		.loc 1 34 0 discriminator 1
  68 002c FFF7FEFF 		bl	I2C_I2CMasterStatus
  69              	.LVL5:
  70 0030 C307     		lsls	r3, r0, #31
  71 0032 FBD5     		bpl	.L3
  35:JI2C.c        ****         
  36:JI2C.c        ****     return Read_Buf[0];
  72              		.loc 1 36 0
  73 0034 6B46     		mov	r3, sp
  74 0036 1878     		ldrb	r0, [r3]
  37:JI2C.c        **** }
  75              		.loc 1 37 0
  76 0038 03B0     		add	sp, sp, #12
  77              		@ sp needed
ARM GAS  C:\Users\johnn\AppData\Local\Temp\ccrri3EY.s 			page 3


  78 003a 00BD     		pop	{pc}
  79              		.cfi_endproc
  80              	.LFE35:
  81              		.size	accel_ReadReg, .-accel_ReadReg
  82              		.section	.text.accel_WriteReg,"ax",%progbits
  83              		.align	2
  84              		.global	accel_WriteReg
  85              		.code	16
  86              		.thumb_func
  87              		.type	accel_WriteReg, %function
  88              	accel_WriteReg:
  89              	.LFB36:
  38:JI2C.c        **** 
  39:JI2C.c        **** //Takes target register and write 1 byte config.
  40:JI2C.c        **** void accel_WriteReg(uint8 Reg, uint8 Config){
  90              		.loc 1 40 0
  91              		.cfi_startproc
  92              		@ args = 0, pretend = 0, frame = 8
  93              		@ frame_needed = 0, uses_anonymous_args = 0
  94              	.LVL6:
  95 0000 10B5     		push	{r4, lr}
  96              		.cfi_def_cfa_offset 8
  97              		.cfi_offset 4, -8
  98              		.cfi_offset 14, -4
  99 0002 82B0     		sub	sp, sp, #8
 100              		.cfi_def_cfa_offset 16
  41:JI2C.c        ****     
  42:JI2C.c        ****     //Crete uint8 buffer array of 2 for cofig register address and 2 bytes of data.
  43:JI2C.c        ****     uint8 Write_Buf[2]={0};
 101              		.loc 1 43 0
 102 0004 01AC     		add	r4, sp, #4
  44:JI2C.c        ****     Write_Buf[0]=Reg;
 103              		.loc 1 44 0
 104 0006 2070     		strb	r0, [r4]
  45:JI2C.c        ****     Write_Buf[1]=Config;
 105              		.loc 1 45 0
 106 0008 6170     		strb	r1, [r4, #1]
  46:JI2C.c        ****     
  47:JI2C.c        ****     //Write to slave register to be altered.
  48:JI2C.c        ****     I2C_I2CMasterWriteBuf(ACCEL_ADDR,(uint8*)Write_Buf,2,I2C_I2C_MODE_COMPLETE_XFER);    
 107              		.loc 1 48 0
 108 000a 0023     		movs	r3, #0
 109 000c 0222     		movs	r2, #2
 110 000e 2100     		movs	r1, r4
 111              	.LVL7:
 112 0010 6820     		movs	r0, #104
 113              	.LVL8:
 114 0012 FFF7FEFF 		bl	I2C_I2CMasterWriteBuf
 115              	.LVL9:
 116              	.L5:
  49:JI2C.c        ****     //False loop       
  50:JI2C.c        ****     while((I2C_I2CMasterStatus() & I2C_I2C_MSTAT_WR_CMPLT)==0){}
 117              		.loc 1 50 0 discriminator 1
 118 0016 FFF7FEFF 		bl	I2C_I2CMasterStatus
 119              	.LVL10:
 120 001a 8307     		lsls	r3, r0, #30
 121 001c FBD5     		bpl	.L5
ARM GAS  C:\Users\johnn\AppData\Local\Temp\ccrri3EY.s 			page 4


  51:JI2C.c        **** 
  52:JI2C.c        **** 
  53:JI2C.c        ****     //Exit method.
  54:JI2C.c        ****     return;
  55:JI2C.c        **** }
 122              		.loc 1 55 0
 123 001e 02B0     		add	sp, sp, #8
 124              		@ sp needed
 125 0020 10BD     		pop	{r4, pc}
 126              		.cfi_endproc
 127              	.LFE36:
 128              		.size	accel_WriteReg, .-accel_WriteReg
 129 0022 C046     		.section	.text.ADC_ReadReg,"ax",%progbits
 130              		.align	2
 131              		.global	ADC_ReadReg
 132              		.code	16
 133              		.thumb_func
 134              		.type	ADC_ReadReg, %function
 135              	ADC_ReadReg:
 136              	.LFB37:
  56:JI2C.c        **** //ADC
  57:JI2C.c        **** //=======================================================================================
  58:JI2C.c        **** //Select conversion register by default and return uint16 data that is the combination result of th
  59:JI2C.c        **** uint16 ADC_ReadReg(){
 137              		.loc 1 59 0
 138              		.cfi_startproc
 139              		@ args = 0, pretend = 0, frame = 8
 140              		@ frame_needed = 0, uses_anonymous_args = 0
 141 0000 00B5     		push	{lr}
 142              		.cfi_def_cfa_offset 4
 143              		.cfi_offset 14, -4
 144 0002 83B0     		sub	sp, sp, #12
 145              		.cfi_def_cfa_offset 16
  60:JI2C.c        ****     //Buffer to store read value
  61:JI2C.c        ****     uint8 Read_Buf[2]={0};
 146              		.loc 1 61 0
 147 0004 0022     		movs	r2, #0
 148 0006 01AB     		add	r3, sp, #4
 149 0008 1A80     		strh	r2, [r3]
  62:JI2C.c        ****     
  63:JI2C.c        ****     uint8 PReg[1]={0};
 150              		.loc 1 63 0
 151 000a 0023     		movs	r3, #0
 152 000c 6A46     		mov	r2, sp
 153 000e 1370     		strb	r3, [r2]
  64:JI2C.c        ****     PReg[0]= CONVERSION_REG;
  65:JI2C.c        ****     I2C_I2CMasterWriteBuf(ADC_ADDR,(uint8*)PReg,1,I2C_I2C_MODE_COMPLETE_XFER);
 154              		.loc 1 65 0
 155 0010 0023     		movs	r3, #0
 156 0012 0122     		movs	r2, #1
 157 0014 6946     		mov	r1, sp
 158 0016 4820     		movs	r0, #72
 159 0018 FFF7FEFF 		bl	I2C_I2CMasterWriteBuf
 160              	.LVL11:
 161              	.L7:
  66:JI2C.c        ****     
  67:JI2C.c        ****     //False loop       
ARM GAS  C:\Users\johnn\AppData\Local\Temp\ccrri3EY.s 			page 5


  68:JI2C.c        ****     while((I2C_I2CMasterStatus() & I2C_I2C_MSTAT_WR_CMPLT)==0){}
 162              		.loc 1 68 0 discriminator 1
 163 001c FFF7FEFF 		bl	I2C_I2CMasterStatus
 164              	.LVL12:
 165 0020 8307     		lsls	r3, r0, #30
 166 0022 FBD5     		bpl	.L7
  69:JI2C.c        ****     
  70:JI2C.c        ****     //Read register value and return data.
  71:JI2C.c        ****     I2C_I2CMasterReadBuf(ADC_ADDR,(uint8*)Read_Buf,2,I2C_I2C_MODE_REPEAT_START);
 167              		.loc 1 71 0
 168 0024 0123     		movs	r3, #1
 169 0026 0222     		movs	r2, #2
 170 0028 01A9     		add	r1, sp, #4
 171 002a 4820     		movs	r0, #72
 172 002c FFF7FEFF 		bl	I2C_I2CMasterReadBuf
 173              	.LVL13:
 174              	.L8:
  72:JI2C.c        ****     while((I2C_I2CMasterStatus()& I2C_I2C_MSTAT_RD_CMPLT)==0){}
 175              		.loc 1 72 0 discriminator 1
 176 0030 FFF7FEFF 		bl	I2C_I2CMasterStatus
 177              	.LVL14:
 178 0034 C307     		lsls	r3, r0, #31
 179 0036 FBD5     		bpl	.L8
  73:JI2C.c        ****     I2C_I2CMasterSendStop(100UL);
 180              		.loc 1 73 0
 181 0038 6420     		movs	r0, #100
 182 003a FFF7FEFF 		bl	I2C_I2CMasterSendStop
 183              	.LVL15:
  74:JI2C.c        ****     
  75:JI2C.c        ****     uint16 Read_Res=(Read_Buf[0] << 8) | Read_Buf[1];
 184              		.loc 1 75 0
 185 003e 01AB     		add	r3, sp, #4
 186 0040 1878     		ldrb	r0, [r3]
 187 0042 0002     		lsls	r0, r0, #8
 188 0044 5B78     		ldrb	r3, [r3, #1]
 189 0046 1843     		orrs	r0, r3
 190              	.LVL16:
  76:JI2C.c        ****     
  77:JI2C.c        ****     return Read_Res;
  78:JI2C.c        **** }
 191              		.loc 1 78 0
 192 0048 03B0     		add	sp, sp, #12
 193              		@ sp needed
 194 004a 00BD     		pop	{pc}
 195              		.cfi_endproc
 196              	.LFE37:
 197              		.size	ADC_ReadReg, .-ADC_ReadReg
 198              		.section	.text.ADC_WriteReg,"ax",%progbits
 199              		.align	2
 200              		.global	ADC_WriteReg
 201              		.code	16
 202              		.thumb_func
 203              		.type	ADC_WriteReg, %function
 204              	ADC_WriteReg:
 205              	.LFB38:
  79:JI2C.c        **** 
  80:JI2C.c        **** //Select configuration register by default and writes two bytes of configurations.
ARM GAS  C:\Users\johnn\AppData\Local\Temp\ccrri3EY.s 			page 6


  81:JI2C.c        **** void ADC_WriteReg(uint8 ConfigU, uint8 ConfigL){
 206              		.loc 1 81 0
 207              		.cfi_startproc
 208              		@ args = 0, pretend = 0, frame = 8
 209              		@ frame_needed = 0, uses_anonymous_args = 0
 210              	.LVL17:
 211 0000 30B5     		push	{r4, r5, lr}
 212              		.cfi_def_cfa_offset 12
 213              		.cfi_offset 4, -12
 214              		.cfi_offset 5, -8
 215              		.cfi_offset 14, -4
 216 0002 83B0     		sub	sp, sp, #12
 217              		.cfi_def_cfa_offset 24
 218 0004 0500     		movs	r5, r0
 219 0006 0C00     		movs	r4, r1
  82:JI2C.c        ****     uint8 PReg[1]={0};
 220              		.loc 1 82 0
 221 0008 01A9     		add	r1, sp, #4
 222              	.LVL18:
  83:JI2C.c        ****     PReg[0]= CONFIG_REG;
 223              		.loc 1 83 0
 224 000a 0123     		movs	r3, #1
 225 000c 0B70     		strb	r3, [r1]
  84:JI2C.c        ****     I2C_I2CMasterWriteBuf(ADC_ADDR,(uint8*)PReg,1,I2C_I2C_MODE_NO_STOP);
 226              		.loc 1 84 0
 227 000e 0133     		adds	r3, r3, #1
 228 0010 0122     		movs	r2, #1
 229 0012 4820     		movs	r0, #72
 230              	.LVL19:
 231 0014 FFF7FEFF 		bl	I2C_I2CMasterWriteBuf
 232              	.LVL20:
 233              	.L10:
  85:JI2C.c        ****     
  86:JI2C.c        ****     //False loop       
  87:JI2C.c        ****     while((I2C_I2CMasterStatus() & I2C_I2C_MSTAT_WR_CMPLT)==0){}
 234              		.loc 1 87 0 discriminator 1
 235 0018 FFF7FEFF 		bl	I2C_I2CMasterStatus
 236              	.LVL21:
 237 001c 8307     		lsls	r3, r0, #30
 238 001e FBD5     		bpl	.L10
  88:JI2C.c        ****     
  89:JI2C.c        ****     //Crete uint8 buffer array of 2 for cofig register address and 2 bytes of data.
  90:JI2C.c        ****     uint8 Write_Buf[2]={0};  
  91:JI2C.c        ****     Write_Buf[0]=ConfigU;
 239              		.loc 1 91 0
 240 0020 6B46     		mov	r3, sp
 241 0022 1D70     		strb	r5, [r3]
  92:JI2C.c        ****     Write_Buf[1]=ConfigL;
 242              		.loc 1 92 0
 243 0024 5C70     		strb	r4, [r3, #1]
  93:JI2C.c        ****    
  94:JI2C.c        ****     //Write to the config register with data in the buffer.
  95:JI2C.c        ****     I2C_I2CMasterWriteBuf(ADC_ADDR,(uint8*)Write_Buf,2,I2C_I2C_MODE_REPEAT_START);    
 244              		.loc 1 95 0
 245 0026 0123     		movs	r3, #1
 246 0028 0222     		movs	r2, #2
 247 002a 6946     		mov	r1, sp
ARM GAS  C:\Users\johnn\AppData\Local\Temp\ccrri3EY.s 			page 7


 248 002c 4820     		movs	r0, #72
 249 002e FFF7FEFF 		bl	I2C_I2CMasterWriteBuf
 250              	.LVL22:
 251              	.L11:
  96:JI2C.c        ****     //False loop       
  97:JI2C.c        ****     while((I2C_I2CMasterStatus() & I2C_I2C_MSTAT_WR_CMPLT)==0){}
 252              		.loc 1 97 0 discriminator 1
 253 0032 FFF7FEFF 		bl	I2C_I2CMasterStatus
 254              	.LVL23:
 255 0036 8307     		lsls	r3, r0, #30
 256 0038 FBD5     		bpl	.L11
  98:JI2C.c        ****     
  99:JI2C.c        ****     I2C_I2CMasterSendStop(100UL);
 257              		.loc 1 99 0
 258 003a 6420     		movs	r0, #100
 259 003c FFF7FEFF 		bl	I2C_I2CMasterSendStop
 260              	.LVL24:
 100:JI2C.c        ****     //Exit method.
 101:JI2C.c        ****     return;
 102:JI2C.c        **** }
 261              		.loc 1 102 0
 262 0040 03B0     		add	sp, sp, #12
 263              		@ sp needed
 264 0042 30BD     		pop	{r4, r5, pc}
 265              		.cfi_endproc
 266              	.LFE38:
 267              		.size	ADC_WriteReg, .-ADC_WriteReg
 268              		.section	.text.ADC_Manual_Read,"ax",%progbits
 269              		.align	2
 270              		.global	ADC_Manual_Read
 271              		.code	16
 272              		.thumb_func
 273              		.type	ADC_Manual_Read, %function
 274              	ADC_Manual_Read:
 275              	.LFB39:
 103:JI2C.c        **** 
 104:JI2C.c        **** //ADC Manual. Doesn't work at the moment.
 105:JI2C.c        **** //=======================================================================================
 106:JI2C.c        **** 
 107:JI2C.c        **** uint16 ADC_Manual_Read(){
 276              		.loc 1 107 0
 277              		.cfi_startproc
 278              		@ args = 0, pretend = 0, frame = 8
 279              		@ frame_needed = 0, uses_anonymous_args = 0
 280 0000 10B5     		push	{r4, lr}
 281              		.cfi_def_cfa_offset 8
 282              		.cfi_offset 4, -8
 283              		.cfi_offset 14, -4
 284 0002 82B0     		sub	sp, sp, #8
 285              		.cfi_def_cfa_offset 16
 108:JI2C.c        ****     uint8 Read_Buf_H[1]={0};
 286              		.loc 1 108 0
 287 0004 01AC     		add	r4, sp, #4
 288 0006 0023     		movs	r3, #0
 289 0008 2370     		strb	r3, [r4]
 109:JI2C.c        ****     uint8 Read_Buf_L[1]={0};
 290              		.loc 1 109 0
ARM GAS  C:\Users\johnn\AppData\Local\Temp\ccrri3EY.s 			page 8


 291 000a 6A46     		mov	r2, sp
 292 000c 1370     		strb	r3, [r2]
 293              	.LVL25:
 110:JI2C.c        ****     uint32 timeout = 100UL;
 111:JI2C.c        ****     uint32 status;
 112:JI2C.c        ****     
 113:JI2C.c        ****     //Frame 1 (ADC Address)
 114:JI2C.c        ****     status = I2C_I2CMasterSendStart(ADC_ADDR,I2C_I2C_WRITE_XFER_MODE,timeout);
 294              		.loc 1 114 0
 295 000e 6422     		movs	r2, #100
 296 0010 0021     		movs	r1, #0
 297 0012 4820     		movs	r0, #72
 298 0014 FFF7FEFF 		bl	I2C_I2CMasterSendStart
 299              	.LVL26:
 115:JI2C.c        ****     
 116:JI2C.c        ****     //Frame 2 (Move pointer to Conversion Register)
 117:JI2C.c        ****     status = I2C_I2CMasterWriteByte(CONVERSION_REG,timeout);
 300              		.loc 1 117 0
 301 0018 6421     		movs	r1, #100
 302 001a 0020     		movs	r0, #0
 303 001c FFF7FEFF 		bl	I2C_I2CMasterWriteByte
 304              	.LVL27:
 118:JI2C.c        ****     
 119:JI2C.c        ****     //Frame 3 (Essentially a restart without a NAK)
 120:JI2C.c        ****     status = I2C_I2CMasterSendStop(timeout);
 305              		.loc 1 120 0
 306 0020 6420     		movs	r0, #100
 307 0022 FFF7FEFF 		bl	I2C_I2CMasterSendStop
 308              	.LVL28:
 121:JI2C.c        ****     status = I2C_I2CMasterSendStart(ADC_ADDR,I2C_I2C_READ_XFER_MODE,timeout);
 309              		.loc 1 121 0
 310 0026 6422     		movs	r2, #100
 311 0028 0121     		movs	r1, #1
 312 002a 4820     		movs	r0, #72
 313 002c FFF7FEFF 		bl	I2C_I2CMasterSendStart
 314              	.LVL29:
 122:JI2C.c        ****     
 123:JI2C.c        ****     //Frame 4 (Read high byte)
 124:JI2C.c        ****     status = I2C_I2CMasterReadByte(I2C_I2C_ACK_DATA,(uint8*)Read_Buf_H,timeout);
 315              		.loc 1 124 0
 316 0030 6422     		movs	r2, #100
 317 0032 2100     		movs	r1, r4
 318 0034 0020     		movs	r0, #0
 319 0036 FFF7FEFF 		bl	I2C_I2CMasterReadByte
 320              	.LVL30:
 125:JI2C.c        ****     
 126:JI2C.c        ****     //Frame 5 (Read low byte send NAK for stop)
 127:JI2C.c        ****     status = I2C_I2CMasterReadByte(I2C_I2C_NAK_DATA,(uint8*)Read_Buf_L,timeout);
 321              		.loc 1 127 0
 322 003a 6422     		movs	r2, #100
 323 003c 6946     		mov	r1, sp
 324 003e 0120     		movs	r0, #1
 325 0040 FFF7FEFF 		bl	I2C_I2CMasterReadByte
 326              	.LVL31:
 128:JI2C.c        ****     
 129:JI2C.c        ****     //Send Stop
 130:JI2C.c        ****     status = I2C_I2CMasterSendStop(timeout);
ARM GAS  C:\Users\johnn\AppData\Local\Temp\ccrri3EY.s 			page 9


 327              		.loc 1 130 0
 328 0044 6420     		movs	r0, #100
 329 0046 FFF7FEFF 		bl	I2C_I2CMasterSendStop
 330              	.LVL32:
 131:JI2C.c        ****         
 132:JI2C.c        ****     uint16 Res=(Read_Buf_H[0] << 8) | Read_Buf_L[0];
 331              		.loc 1 132 0
 332 004a 2078     		ldrb	r0, [r4]
 333 004c 0002     		lsls	r0, r0, #8
 334 004e 6B46     		mov	r3, sp
 335 0050 1B78     		ldrb	r3, [r3]
 336 0052 1843     		orrs	r0, r3
 337              	.LVL33:
 133:JI2C.c        ****     return Res;
 134:JI2C.c        **** }
 338              		.loc 1 134 0
 339 0054 02B0     		add	sp, sp, #8
 340              		@ sp needed
 341 0056 10BD     		pop	{r4, pc}
 342              		.cfi_endproc
 343              	.LFE39:
 344              		.size	ADC_Manual_Read, .-ADC_Manual_Read
 345              		.section	.text.ADC_Manual_Write,"ax",%progbits
 346              		.align	2
 347              		.global	ADC_Manual_Write
 348              		.code	16
 349              		.thumb_func
 350              		.type	ADC_Manual_Write, %function
 351              	ADC_Manual_Write:
 352              	.LFB40:
 135:JI2C.c        **** 
 136:JI2C.c        **** void ADC_Manual_Write(uint8 ConfigU, uint8 ConfigL){
 353              		.loc 1 136 0
 354              		.cfi_startproc
 355              		@ args = 0, pretend = 0, frame = 8
 356              		@ frame_needed = 0, uses_anonymous_args = 0
 357              	.LVL34:
 358 0000 10B5     		push	{r4, lr}
 359              		.cfi_def_cfa_offset 8
 360              		.cfi_offset 4, -8
 361              		.cfi_offset 14, -4
 362 0002 82B0     		sub	sp, sp, #8
 363              		.cfi_def_cfa_offset 16
 137:JI2C.c        ****     
 138:JI2C.c        ****     uint8 Write_Buf[3]={CONFIG_REG,ConfigU,ConfigL};    
 364              		.loc 1 138 0
 365 0004 01AB     		add	r3, sp, #4
 366 0006 0122     		movs	r2, #1
 367 0008 1A70     		strb	r2, [r3]
 368 000a 5870     		strb	r0, [r3, #1]
 369 000c 9970     		strb	r1, [r3, #2]
 370              	.LVL35:
 139:JI2C.c        ****     
 140:JI2C.c        ****     uint32 timeout = 100UL;
 141:JI2C.c        ****     
 142:JI2C.c        ****     //Frame 1 (Generate start and send in slave address with write)
 143:JI2C.c        ****     uint32 status = I2C_I2CMasterSendStart(ADC_ADDR,I2C_I2C_WRITE_XFER_MODE,timeout);
ARM GAS  C:\Users\johnn\AppData\Local\Temp\ccrri3EY.s 			page 10


 371              		.loc 1 143 0
 372 000e 6332     		adds	r2, r2, #99
 373 0010 0021     		movs	r1, #0
 374              	.LVL36:
 375 0012 4820     		movs	r0, #72
 376              	.LVL37:
 377 0014 FFF7FEFF 		bl	I2C_I2CMasterSendStart
 378              	.LVL38:
 144:JI2C.c        ****     
 145:JI2C.c        ****     
 146:JI2C.c        ****     if(I2C_I2C_MSTR_NO_ERROR==status){
 379              		.loc 1 146 0
 380 0018 0028     		cmp	r0, #0
 381 001a 09D0     		beq	.L19
 382 001c 12E0     		b	.L13
 383              	.LVL39:
 384              	.L17:
 385              	.LBB2:
 147:JI2C.c        ****         
 148:JI2C.c        ****         for(int i=0; i<3; i++){
 149:JI2C.c        ****             //Frame 2,3,4
 150:JI2C.c        ****             status = I2C_I2CMasterWriteByte(Write_Buf[i],timeout);
 386              		.loc 1 150 0
 387 001e 01AB     		add	r3, sp, #4
 388              	.LVL40:
 389 0020 185D     		ldrb	r0, [r3, r4]
 390              	.LVL41:
 391 0022 6421     		movs	r1, #100
 392 0024 FFF7FEFF 		bl	I2C_I2CMasterWriteByte
 393              	.LVL42:
 151:JI2C.c        ****             if(I2C_I2C_MSTR_NO_ERROR!= status){
 394              		.loc 1 151 0
 395 0028 0028     		cmp	r0, #0
 396 002a 04D1     		bne	.L16
 148:JI2C.c        ****             //Frame 2,3,4
 397              		.loc 1 148 0 discriminator 2
 398 002c 0134     		adds	r4, r4, #1
 399              	.LVL43:
 400 002e 00E0     		b	.L14
 401              	.LVL44:
 402              	.L19:
 403              	.LBE2:
 404 0030 0024     		movs	r4, #0
 405              	.L14:
 406              	.LVL45:
 407              	.LBB3:
 148:JI2C.c        ****             //Frame 2,3,4
 408              		.loc 1 148 0 is_stmt 0 discriminator 1
 409 0032 022C     		cmp	r4, #2
 410 0034 F3DD     		ble	.L17
 411              	.L16:
 412              	.LBE3:
 152:JI2C.c        ****                 break;
 153:JI2C.c        ****             }
 154:JI2C.c        ****         }
 155:JI2C.c        ****         if((I2C_I2C_MSTR_NO_ERROR==status)||(I2C_I2C_MSTR_ERR_LB_NAK==status)){
 413              		.loc 1 155 0 is_stmt 1
ARM GAS  C:\Users\johnn\AppData\Local\Temp\ccrri3EY.s 			page 11


 414 0036 0028     		cmp	r0, #0
 415 0038 01D0     		beq	.L18
 416              		.loc 1 155 0 is_stmt 0 discriminator 1
 417 003a 0228     		cmp	r0, #2
 418 003c 02D1     		bne	.L13
 419              	.L18:
 156:JI2C.c        ****             //Send Stop
 157:JI2C.c        ****             I2C_I2CMasterSendStop(timeout);
 420              		.loc 1 157 0 is_stmt 1
 421 003e 6420     		movs	r0, #100
 422              	.LVL46:
 423 0040 FFF7FEFF 		bl	I2C_I2CMasterSendStop
 424              	.LVL47:
 425              	.L13:
 158:JI2C.c        ****         }
 159:JI2C.c        ****     }
 160:JI2C.c        **** 
 161:JI2C.c        ****     
 162:JI2C.c        ****     
 163:JI2C.c        ****     return;
 164:JI2C.c        **** }
 426              		.loc 1 164 0
 427 0044 02B0     		add	sp, sp, #8
 428              		@ sp needed
 429 0046 10BD     		pop	{r4, pc}
 430              		.cfi_endproc
 431              	.LFE40:
 432              		.size	ADC_Manual_Write, .-ADC_Manual_Write
 433              		.text
 434              	.Letext0:
 435              		.file 2 "Generated_Source\\PSoC4/cytypes.h"
 436              		.file 3 "Generated_Source\\PSoC4/I2C_I2C.h"
 437              		.section	.debug_info,"",%progbits
 438              	.Ldebug_info0:
 439 0000 7E050000 		.4byte	0x57e
 440 0004 0400     		.2byte	0x4
 441 0006 00000000 		.4byte	.Ldebug_abbrev0
 442 000a 04       		.byte	0x4
 443 000b 01       		.uleb128 0x1
 444 000c 71010000 		.4byte	.LASF40
 445 0010 0C       		.byte	0xc
 446 0011 20010000 		.4byte	.LASF41
 447 0015 1E020000 		.4byte	.LASF42
 448 0019 18000000 		.4byte	.Ldebug_ranges0+0x18
 449 001d 00000000 		.4byte	0
 450 0021 00000000 		.4byte	.Ldebug_line0
 451 0025 02       		.uleb128 0x2
 452 0026 01       		.byte	0x1
 453 0027 06       		.byte	0x6
 454 0028 B5020000 		.4byte	.LASF0
 455 002c 02       		.uleb128 0x2
 456 002d 01       		.byte	0x1
 457 002e 08       		.byte	0x8
 458 002f E3000000 		.4byte	.LASF1
 459 0033 02       		.uleb128 0x2
 460 0034 02       		.byte	0x2
 461 0035 05       		.byte	0x5
ARM GAS  C:\Users\johnn\AppData\Local\Temp\ccrri3EY.s 			page 12


 462 0036 80020000 		.4byte	.LASF2
 463 003a 02       		.uleb128 0x2
 464 003b 02       		.byte	0x2
 465 003c 07       		.byte	0x7
 466 003d 5E000000 		.4byte	.LASF3
 467 0041 02       		.uleb128 0x2
 468 0042 04       		.byte	0x4
 469 0043 05       		.byte	0x5
 470 0044 A0020000 		.4byte	.LASF4
 471 0048 02       		.uleb128 0x2
 472 0049 04       		.byte	0x4
 473 004a 07       		.byte	0x7
 474 004b 27010000 		.4byte	.LASF5
 475 004f 02       		.uleb128 0x2
 476 0050 08       		.byte	0x8
 477 0051 05       		.byte	0x5
 478 0052 00000000 		.4byte	.LASF6
 479 0056 02       		.uleb128 0x2
 480 0057 08       		.byte	0x8
 481 0058 07       		.byte	0x7
 482 0059 CC000000 		.4byte	.LASF7
 483 005d 03       		.uleb128 0x3
 484 005e 04       		.byte	0x4
 485 005f 05       		.byte	0x5
 486 0060 696E7400 		.ascii	"int\000"
 487 0064 02       		.uleb128 0x2
 488 0065 04       		.byte	0x4
 489 0066 07       		.byte	0x7
 490 0067 71000000 		.4byte	.LASF8
 491 006b 04       		.uleb128 0x4
 492 006c 1A010000 		.4byte	.LASF9
 493 0070 02       		.byte	0x2
 494 0071 E401     		.2byte	0x1e4
 495 0073 2C000000 		.4byte	0x2c
 496 0077 04       		.uleb128 0x4
 497 0078 46010000 		.4byte	.LASF10
 498 007c 02       		.byte	0x2
 499 007d E501     		.2byte	0x1e5
 500 007f 3A000000 		.4byte	0x3a
 501 0083 04       		.uleb128 0x4
 502 0084 4D010000 		.4byte	.LASF11
 503 0088 02       		.byte	0x2
 504 0089 E601     		.2byte	0x1e6
 505 008b 48000000 		.4byte	0x48
 506 008f 02       		.uleb128 0x2
 507 0090 04       		.byte	0x4
 508 0091 04       		.byte	0x4
 509 0092 C6000000 		.4byte	.LASF12
 510 0096 02       		.uleb128 0x2
 511 0097 08       		.byte	0x8
 512 0098 04       		.byte	0x4
 513 0099 7E000000 		.4byte	.LASF13
 514 009d 02       		.uleb128 0x2
 515 009e 01       		.byte	0x1
 516 009f 08       		.byte	0x8
 517 00a0 5D010000 		.4byte	.LASF14
 518 00a4 02       		.uleb128 0x2
ARM GAS  C:\Users\johnn\AppData\Local\Temp\ccrri3EY.s 			page 13


 519 00a5 08       		.byte	0x8
 520 00a6 04       		.byte	0x4
 521 00a7 A9020000 		.4byte	.LASF15
 522 00ab 02       		.uleb128 0x2
 523 00ac 04       		.byte	0x4
 524 00ad 07       		.byte	0x7
 525 00ae 0A020000 		.4byte	.LASF16
 526 00b2 05       		.uleb128 0x5
 527 00b3 3F000000 		.4byte	.LASF43
 528 00b7 01       		.byte	0x1
 529 00b8 13       		.byte	0x13
 530 00b9 6B000000 		.4byte	0x6b
 531 00bd 00000000 		.4byte	.LFB35
 532 00c1 3C000000 		.4byte	.LFE35-.LFB35
 533 00c5 01       		.uleb128 0x1
 534 00c6 9C       		.byte	0x9c
 535 00c7 51010000 		.4byte	0x151
 536 00cb 06       		.uleb128 0x6
 537 00cc 52656700 		.ascii	"Reg\000"
 538 00d0 01       		.byte	0x1
 539 00d1 13       		.byte	0x13
 540 00d2 6B000000 		.4byte	0x6b
 541 00d6 00000000 		.4byte	.LLST0
 542 00da 07       		.uleb128 0x7
 543 00db 2D000000 		.4byte	.LASF17
 544 00df 01       		.byte	0x1
 545 00e0 15       		.byte	0x15
 546 00e1 51010000 		.4byte	0x151
 547 00e5 02       		.uleb128 0x2
 548 00e6 91       		.byte	0x91
 549 00e7 74       		.sleb128 -12
 550 00e8 07       		.uleb128 0x7
 551 00e9 54010000 		.4byte	.LASF18
 552 00ed 01       		.byte	0x1
 553 00ee 19       		.byte	0x19
 554 00ef 51010000 		.4byte	0x151
 555 00f3 02       		.uleb128 0x2
 556 00f4 91       		.byte	0x91
 557 00f5 70       		.sleb128 -16
 558 00f6 08       		.uleb128 0x8
 559 00f7 18000000 		.4byte	.LVL2
 560 00fb 2D050000 		.4byte	0x52d
 561 00ff 1A010000 		.4byte	0x11a
 562 0103 09       		.uleb128 0x9
 563 0104 01       		.uleb128 0x1
 564 0105 50       		.byte	0x50
 565 0106 02       		.uleb128 0x2
 566 0107 08       		.byte	0x8
 567 0108 68       		.byte	0x68
 568 0109 09       		.uleb128 0x9
 569 010a 01       		.uleb128 0x1
 570 010b 51       		.byte	0x51
 571 010c 02       		.uleb128 0x2
 572 010d 91       		.byte	0x91
 573 010e 74       		.sleb128 -12
 574 010f 09       		.uleb128 0x9
 575 0110 01       		.uleb128 0x1
ARM GAS  C:\Users\johnn\AppData\Local\Temp\ccrri3EY.s 			page 14


 576 0111 52       		.byte	0x52
 577 0112 01       		.uleb128 0x1
 578 0113 31       		.byte	0x31
 579 0114 09       		.uleb128 0x9
 580 0115 01       		.uleb128 0x1
 581 0116 53       		.byte	0x53
 582 0117 01       		.uleb128 0x1
 583 0118 32       		.byte	0x32
 584 0119 00       		.byte	0
 585 011a 0A       		.uleb128 0xa
 586 011b 1C000000 		.4byte	.LVL3
 587 011f 39050000 		.4byte	0x539
 588 0123 08       		.uleb128 0x8
 589 0124 2C000000 		.4byte	.LVL4
 590 0128 45050000 		.4byte	0x545
 591 012c 47010000 		.4byte	0x147
 592 0130 09       		.uleb128 0x9
 593 0131 01       		.uleb128 0x1
 594 0132 50       		.byte	0x50
 595 0133 02       		.uleb128 0x2
 596 0134 08       		.byte	0x8
 597 0135 68       		.byte	0x68
 598 0136 09       		.uleb128 0x9
 599 0137 01       		.uleb128 0x1
 600 0138 51       		.byte	0x51
 601 0139 02       		.uleb128 0x2
 602 013a 7D       		.byte	0x7d
 603 013b 00       		.sleb128 0
 604 013c 09       		.uleb128 0x9
 605 013d 01       		.uleb128 0x1
 606 013e 52       		.byte	0x52
 607 013f 01       		.uleb128 0x1
 608 0140 31       		.byte	0x31
 609 0141 09       		.uleb128 0x9
 610 0142 01       		.uleb128 0x1
 611 0143 53       		.byte	0x53
 612 0144 01       		.uleb128 0x1
 613 0145 31       		.byte	0x31
 614 0146 00       		.byte	0
 615 0147 0A       		.uleb128 0xa
 616 0148 30000000 		.4byte	.LVL5
 617 014c 39050000 		.4byte	0x539
 618 0150 00       		.byte	0
 619 0151 0B       		.uleb128 0xb
 620 0152 6B000000 		.4byte	0x6b
 621 0156 61010000 		.4byte	0x161
 622 015a 0C       		.uleb128 0xc
 623 015b AB000000 		.4byte	0xab
 624 015f 00       		.byte	0
 625 0160 00       		.byte	0
 626 0161 0D       		.uleb128 0xd
 627 0162 62010000 		.4byte	.LASF20
 628 0166 01       		.byte	0x1
 629 0167 28       		.byte	0x28
 630 0168 00000000 		.4byte	.LFB36
 631 016c 22000000 		.4byte	.LFE36-.LFB36
 632 0170 01       		.uleb128 0x1
ARM GAS  C:\Users\johnn\AppData\Local\Temp\ccrri3EY.s 			page 15


 633 0171 9C       		.byte	0x9c
 634 0172 D0010000 		.4byte	0x1d0
 635 0176 06       		.uleb128 0x6
 636 0177 52656700 		.ascii	"Reg\000"
 637 017b 01       		.byte	0x1
 638 017c 28       		.byte	0x28
 639 017d 6B000000 		.4byte	0x6b
 640 0181 2D000000 		.4byte	.LLST1
 641 0185 0E       		.uleb128 0xe
 642 0186 FD000000 		.4byte	.LASF19
 643 018a 01       		.byte	0x1
 644 018b 28       		.byte	0x28
 645 018c 6B000000 		.4byte	0x6b
 646 0190 5A000000 		.4byte	.LLST2
 647 0194 07       		.uleb128 0x7
 648 0195 2D000000 		.4byte	.LASF17
 649 0199 01       		.byte	0x1
 650 019a 2B       		.byte	0x2b
 651 019b D0010000 		.4byte	0x1d0
 652 019f 02       		.uleb128 0x2
 653 01a0 91       		.byte	0x91
 654 01a1 74       		.sleb128 -12
 655 01a2 08       		.uleb128 0x8
 656 01a3 16000000 		.4byte	.LVL9
 657 01a7 2D050000 		.4byte	0x52d
 658 01ab C6010000 		.4byte	0x1c6
 659 01af 09       		.uleb128 0x9
 660 01b0 01       		.uleb128 0x1
 661 01b1 50       		.byte	0x50
 662 01b2 02       		.uleb128 0x2
 663 01b3 08       		.byte	0x8
 664 01b4 68       		.byte	0x68
 665 01b5 09       		.uleb128 0x9
 666 01b6 01       		.uleb128 0x1
 667 01b7 51       		.byte	0x51
 668 01b8 02       		.uleb128 0x2
 669 01b9 74       		.byte	0x74
 670 01ba 00       		.sleb128 0
 671 01bb 09       		.uleb128 0x9
 672 01bc 01       		.uleb128 0x1
 673 01bd 52       		.byte	0x52
 674 01be 01       		.uleb128 0x1
 675 01bf 32       		.byte	0x32
 676 01c0 09       		.uleb128 0x9
 677 01c1 01       		.uleb128 0x1
 678 01c2 53       		.byte	0x53
 679 01c3 01       		.uleb128 0x1
 680 01c4 30       		.byte	0x30
 681 01c5 00       		.byte	0
 682 01c6 0A       		.uleb128 0xa
 683 01c7 1A000000 		.4byte	.LVL10
 684 01cb 39050000 		.4byte	0x539
 685 01cf 00       		.byte	0
 686 01d0 0B       		.uleb128 0xb
 687 01d1 6B000000 		.4byte	0x6b
 688 01d5 E0010000 		.4byte	0x1e0
 689 01d9 0C       		.uleb128 0xc
ARM GAS  C:\Users\johnn\AppData\Local\Temp\ccrri3EY.s 			page 16


 690 01da AB000000 		.4byte	0xab
 691 01de 01       		.byte	0x1
 692 01df 00       		.byte	0
 693 01e0 0F       		.uleb128 0xf
 694 01e1 F1000000 		.4byte	.LASF21
 695 01e5 01       		.byte	0x1
 696 01e6 3B       		.byte	0x3b
 697 01e7 77000000 		.4byte	0x77
 698 01eb 00000000 		.4byte	.LFB37
 699 01ef 4C000000 		.4byte	.LFE37-.LFB37
 700 01f3 01       		.uleb128 0x1
 701 01f4 9C       		.byte	0x9c
 702 01f5 8D020000 		.4byte	0x28d
 703 01f9 07       		.uleb128 0x7
 704 01fa 54010000 		.4byte	.LASF18
 705 01fe 01       		.byte	0x1
 706 01ff 3D       		.byte	0x3d
 707 0200 D0010000 		.4byte	0x1d0
 708 0204 02       		.uleb128 0x2
 709 0205 91       		.byte	0x91
 710 0206 74       		.sleb128 -12
 711 0207 07       		.uleb128 0x7
 712 0208 D6020000 		.4byte	.LASF22
 713 020c 01       		.byte	0x1
 714 020d 3F       		.byte	0x3f
 715 020e 51010000 		.4byte	0x151
 716 0212 02       		.uleb128 0x2
 717 0213 91       		.byte	0x91
 718 0214 70       		.sleb128 -16
 719 0215 07       		.uleb128 0x7
 720 0216 77020000 		.4byte	.LASF23
 721 021a 01       		.byte	0x1
 722 021b 4B       		.byte	0x4b
 723 021c 77000000 		.4byte	0x77
 724 0220 01       		.uleb128 0x1
 725 0221 50       		.byte	0x50
 726 0222 08       		.uleb128 0x8
 727 0223 1C000000 		.4byte	.LVL11
 728 0227 2D050000 		.4byte	0x52d
 729 022b 46020000 		.4byte	0x246
 730 022f 09       		.uleb128 0x9
 731 0230 01       		.uleb128 0x1
 732 0231 50       		.byte	0x50
 733 0232 02       		.uleb128 0x2
 734 0233 08       		.byte	0x8
 735 0234 48       		.byte	0x48
 736 0235 09       		.uleb128 0x9
 737 0236 01       		.uleb128 0x1
 738 0237 51       		.byte	0x51
 739 0238 02       		.uleb128 0x2
 740 0239 7D       		.byte	0x7d
 741 023a 00       		.sleb128 0
 742 023b 09       		.uleb128 0x9
 743 023c 01       		.uleb128 0x1
 744 023d 52       		.byte	0x52
 745 023e 01       		.uleb128 0x1
 746 023f 31       		.byte	0x31
ARM GAS  C:\Users\johnn\AppData\Local\Temp\ccrri3EY.s 			page 17


 747 0240 09       		.uleb128 0x9
 748 0241 01       		.uleb128 0x1
 749 0242 53       		.byte	0x53
 750 0243 01       		.uleb128 0x1
 751 0244 30       		.byte	0x30
 752 0245 00       		.byte	0
 753 0246 0A       		.uleb128 0xa
 754 0247 20000000 		.4byte	.LVL12
 755 024b 39050000 		.4byte	0x539
 756 024f 08       		.uleb128 0x8
 757 0250 30000000 		.4byte	.LVL13
 758 0254 45050000 		.4byte	0x545
 759 0258 73020000 		.4byte	0x273
 760 025c 09       		.uleb128 0x9
 761 025d 01       		.uleb128 0x1
 762 025e 50       		.byte	0x50
 763 025f 02       		.uleb128 0x2
 764 0260 08       		.byte	0x8
 765 0261 48       		.byte	0x48
 766 0262 09       		.uleb128 0x9
 767 0263 01       		.uleb128 0x1
 768 0264 51       		.byte	0x51
 769 0265 02       		.uleb128 0x2
 770 0266 91       		.byte	0x91
 771 0267 74       		.sleb128 -12
 772 0268 09       		.uleb128 0x9
 773 0269 01       		.uleb128 0x1
 774 026a 52       		.byte	0x52
 775 026b 01       		.uleb128 0x1
 776 026c 32       		.byte	0x32
 777 026d 09       		.uleb128 0x9
 778 026e 01       		.uleb128 0x1
 779 026f 53       		.byte	0x53
 780 0270 01       		.uleb128 0x1
 781 0271 31       		.byte	0x31
 782 0272 00       		.byte	0
 783 0273 0A       		.uleb128 0xa
 784 0274 34000000 		.4byte	.LVL14
 785 0278 39050000 		.4byte	0x539
 786 027c 10       		.uleb128 0x10
 787 027d 3E000000 		.4byte	.LVL15
 788 0281 51050000 		.4byte	0x551
 789 0285 09       		.uleb128 0x9
 790 0286 01       		.uleb128 0x1
 791 0287 50       		.byte	0x50
 792 0288 02       		.uleb128 0x2
 793 0289 08       		.byte	0x8
 794 028a 64       		.byte	0x64
 795 028b 00       		.byte	0
 796 028c 00       		.byte	0
 797 028d 0D       		.uleb128 0xd
 798 028e 39010000 		.4byte	.LASF24
 799 0292 01       		.byte	0x1
 800 0293 51       		.byte	0x51
 801 0294 00000000 		.4byte	.LFB38
 802 0298 44000000 		.4byte	.LFE38-.LFB38
 803 029c 01       		.uleb128 0x1
ARM GAS  C:\Users\johnn\AppData\Local\Temp\ccrri3EY.s 			page 18


 804 029d 9C       		.byte	0x9c
 805 029e 47030000 		.4byte	0x347
 806 02a2 0E       		.uleb128 0xe
 807 02a3 37000000 		.4byte	.LASF25
 808 02a7 01       		.byte	0x1
 809 02a8 51       		.byte	0x51
 810 02a9 6B000000 		.4byte	0x6b
 811 02ad 87000000 		.4byte	.LLST3
 812 02b1 0E       		.uleb128 0xe
 813 02b2 25000000 		.4byte	.LASF26
 814 02b6 01       		.byte	0x1
 815 02b7 51       		.byte	0x51
 816 02b8 6B000000 		.4byte	0x6b
 817 02bc A8000000 		.4byte	.LLST4
 818 02c0 07       		.uleb128 0x7
 819 02c1 D6020000 		.4byte	.LASF22
 820 02c5 01       		.byte	0x1
 821 02c6 52       		.byte	0x52
 822 02c7 51010000 		.4byte	0x151
 823 02cb 02       		.uleb128 0x2
 824 02cc 91       		.byte	0x91
 825 02cd 6C       		.sleb128 -20
 826 02ce 07       		.uleb128 0x7
 827 02cf 2D000000 		.4byte	.LASF17
 828 02d3 01       		.byte	0x1
 829 02d4 5A       		.byte	0x5a
 830 02d5 D0010000 		.4byte	0x1d0
 831 02d9 02       		.uleb128 0x2
 832 02da 91       		.byte	0x91
 833 02db 68       		.sleb128 -24
 834 02dc 08       		.uleb128 0x8
 835 02dd 18000000 		.4byte	.LVL20
 836 02e1 2D050000 		.4byte	0x52d
 837 02e5 00030000 		.4byte	0x300
 838 02e9 09       		.uleb128 0x9
 839 02ea 01       		.uleb128 0x1
 840 02eb 50       		.byte	0x50
 841 02ec 02       		.uleb128 0x2
 842 02ed 08       		.byte	0x8
 843 02ee 48       		.byte	0x48
 844 02ef 09       		.uleb128 0x9
 845 02f0 01       		.uleb128 0x1
 846 02f1 51       		.byte	0x51
 847 02f2 02       		.uleb128 0x2
 848 02f3 91       		.byte	0x91
 849 02f4 6C       		.sleb128 -20
 850 02f5 09       		.uleb128 0x9
 851 02f6 01       		.uleb128 0x1
 852 02f7 52       		.byte	0x52
 853 02f8 01       		.uleb128 0x1
 854 02f9 31       		.byte	0x31
 855 02fa 09       		.uleb128 0x9
 856 02fb 01       		.uleb128 0x1
 857 02fc 53       		.byte	0x53
 858 02fd 01       		.uleb128 0x1
 859 02fe 32       		.byte	0x32
 860 02ff 00       		.byte	0
ARM GAS  C:\Users\johnn\AppData\Local\Temp\ccrri3EY.s 			page 19


 861 0300 0A       		.uleb128 0xa
 862 0301 1C000000 		.4byte	.LVL21
 863 0305 39050000 		.4byte	0x539
 864 0309 08       		.uleb128 0x8
 865 030a 32000000 		.4byte	.LVL22
 866 030e 2D050000 		.4byte	0x52d
 867 0312 2D030000 		.4byte	0x32d
 868 0316 09       		.uleb128 0x9
 869 0317 01       		.uleb128 0x1
 870 0318 50       		.byte	0x50
 871 0319 02       		.uleb128 0x2
 872 031a 08       		.byte	0x8
 873 031b 48       		.byte	0x48
 874 031c 09       		.uleb128 0x9
 875 031d 01       		.uleb128 0x1
 876 031e 51       		.byte	0x51
 877 031f 02       		.uleb128 0x2
 878 0320 7D       		.byte	0x7d
 879 0321 00       		.sleb128 0
 880 0322 09       		.uleb128 0x9
 881 0323 01       		.uleb128 0x1
 882 0324 52       		.byte	0x52
 883 0325 01       		.uleb128 0x1
 884 0326 32       		.byte	0x32
 885 0327 09       		.uleb128 0x9
 886 0328 01       		.uleb128 0x1
 887 0329 53       		.byte	0x53
 888 032a 01       		.uleb128 0x1
 889 032b 31       		.byte	0x31
 890 032c 00       		.byte	0
 891 032d 0A       		.uleb128 0xa
 892 032e 36000000 		.4byte	.LVL23
 893 0332 39050000 		.4byte	0x539
 894 0336 10       		.uleb128 0x10
 895 0337 40000000 		.4byte	.LVL24
 896 033b 51050000 		.4byte	0x551
 897 033f 09       		.uleb128 0x9
 898 0340 01       		.uleb128 0x1
 899 0341 50       		.byte	0x50
 900 0342 02       		.uleb128 0x2
 901 0343 08       		.byte	0x8
 902 0344 64       		.byte	0x64
 903 0345 00       		.byte	0
 904 0346 00       		.byte	0
 905 0347 0F       		.uleb128 0xf
 906 0348 8C000000 		.4byte	.LASF27
 907 034c 01       		.byte	0x1
 908 034d 6B       		.byte	0x6b
 909 034e 77000000 		.4byte	0x77
 910 0352 00000000 		.4byte	.LFB39
 911 0356 58000000 		.4byte	.LFE39-.LFB39
 912 035a 01       		.uleb128 0x1
 913 035b 9C       		.byte	0x9c
 914 035c 5A040000 		.4byte	0x45a
 915 0360 07       		.uleb128 0x7
 916 0361 FF010000 		.4byte	.LASF28
 917 0365 01       		.byte	0x1
ARM GAS  C:\Users\johnn\AppData\Local\Temp\ccrri3EY.s 			page 20


 918 0366 6C       		.byte	0x6c
 919 0367 51010000 		.4byte	0x151
 920 036b 02       		.uleb128 0x2
 921 036c 91       		.byte	0x91
 922 036d 74       		.sleb128 -12
 923 036e 07       		.uleb128 0x7
 924 036f 13020000 		.4byte	.LASF29
 925 0373 01       		.byte	0x1
 926 0374 6D       		.byte	0x6d
 927 0375 51010000 		.4byte	0x151
 928 0379 02       		.uleb128 0x2
 929 037a 91       		.byte	0x91
 930 037b 70       		.sleb128 -16
 931 037c 11       		.uleb128 0x11
 932 037d 58020000 		.4byte	.LASF30
 933 0381 01       		.byte	0x1
 934 0382 6E       		.byte	0x6e
 935 0383 83000000 		.4byte	0x83
 936 0387 64       		.byte	0x64
 937 0388 12       		.uleb128 0x12
 938 0389 85000000 		.4byte	.LASF32
 939 038d 01       		.byte	0x1
 940 038e 6F       		.byte	0x6f
 941 038f 83000000 		.4byte	0x83
 942 0393 13       		.uleb128 0x13
 943 0394 52657300 		.ascii	"Res\000"
 944 0398 01       		.byte	0x1
 945 0399 84       		.byte	0x84
 946 039a 77000000 		.4byte	0x77
 947 039e 01       		.uleb128 0x1
 948 039f 50       		.byte	0x50
 949 03a0 08       		.uleb128 0x8
 950 03a1 18000000 		.4byte	.LVL26
 951 03a5 5D050000 		.4byte	0x55d
 952 03a9 BF030000 		.4byte	0x3bf
 953 03ad 09       		.uleb128 0x9
 954 03ae 01       		.uleb128 0x1
 955 03af 50       		.byte	0x50
 956 03b0 02       		.uleb128 0x2
 957 03b1 08       		.byte	0x8
 958 03b2 48       		.byte	0x48
 959 03b3 09       		.uleb128 0x9
 960 03b4 01       		.uleb128 0x1
 961 03b5 51       		.byte	0x51
 962 03b6 01       		.uleb128 0x1
 963 03b7 30       		.byte	0x30
 964 03b8 09       		.uleb128 0x9
 965 03b9 01       		.uleb128 0x1
 966 03ba 52       		.byte	0x52
 967 03bb 02       		.uleb128 0x2
 968 03bc 08       		.byte	0x8
 969 03bd 64       		.byte	0x64
 970 03be 00       		.byte	0
 971 03bf 08       		.uleb128 0x8
 972 03c0 20000000 		.4byte	.LVL27
 973 03c4 69050000 		.4byte	0x569
 974 03c8 D8030000 		.4byte	0x3d8
ARM GAS  C:\Users\johnn\AppData\Local\Temp\ccrri3EY.s 			page 21


 975 03cc 09       		.uleb128 0x9
 976 03cd 01       		.uleb128 0x1
 977 03ce 50       		.byte	0x50
 978 03cf 01       		.uleb128 0x1
 979 03d0 30       		.byte	0x30
 980 03d1 09       		.uleb128 0x9
 981 03d2 01       		.uleb128 0x1
 982 03d3 51       		.byte	0x51
 983 03d4 02       		.uleb128 0x2
 984 03d5 08       		.byte	0x8
 985 03d6 64       		.byte	0x64
 986 03d7 00       		.byte	0
 987 03d8 08       		.uleb128 0x8
 988 03d9 26000000 		.4byte	.LVL28
 989 03dd 51050000 		.4byte	0x551
 990 03e1 EC030000 		.4byte	0x3ec
 991 03e5 09       		.uleb128 0x9
 992 03e6 01       		.uleb128 0x1
 993 03e7 50       		.byte	0x50
 994 03e8 02       		.uleb128 0x2
 995 03e9 08       		.byte	0x8
 996 03ea 64       		.byte	0x64
 997 03eb 00       		.byte	0
 998 03ec 08       		.uleb128 0x8
 999 03ed 30000000 		.4byte	.LVL29
 1000 03f1 5D050000 		.4byte	0x55d
 1001 03f5 0B040000 		.4byte	0x40b
 1002 03f9 09       		.uleb128 0x9
 1003 03fa 01       		.uleb128 0x1
 1004 03fb 50       		.byte	0x50
 1005 03fc 02       		.uleb128 0x2
 1006 03fd 08       		.byte	0x8
 1007 03fe 48       		.byte	0x48
 1008 03ff 09       		.uleb128 0x9
 1009 0400 01       		.uleb128 0x1
 1010 0401 51       		.byte	0x51
 1011 0402 01       		.uleb128 0x1
 1012 0403 31       		.byte	0x31
 1013 0404 09       		.uleb128 0x9
 1014 0405 01       		.uleb128 0x1
 1015 0406 52       		.byte	0x52
 1016 0407 02       		.uleb128 0x2
 1017 0408 08       		.byte	0x8
 1018 0409 64       		.byte	0x64
 1019 040a 00       		.byte	0
 1020 040b 08       		.uleb128 0x8
 1021 040c 3A000000 		.4byte	.LVL30
 1022 0410 75050000 		.4byte	0x575
 1023 0414 2A040000 		.4byte	0x42a
 1024 0418 09       		.uleb128 0x9
 1025 0419 01       		.uleb128 0x1
 1026 041a 50       		.byte	0x50
 1027 041b 01       		.uleb128 0x1
 1028 041c 30       		.byte	0x30
 1029 041d 09       		.uleb128 0x9
 1030 041e 01       		.uleb128 0x1
 1031 041f 51       		.byte	0x51
ARM GAS  C:\Users\johnn\AppData\Local\Temp\ccrri3EY.s 			page 22


 1032 0420 02       		.uleb128 0x2
 1033 0421 74       		.byte	0x74
 1034 0422 00       		.sleb128 0
 1035 0423 09       		.uleb128 0x9
 1036 0424 01       		.uleb128 0x1
 1037 0425 52       		.byte	0x52
 1038 0426 02       		.uleb128 0x2
 1039 0427 08       		.byte	0x8
 1040 0428 64       		.byte	0x64
 1041 0429 00       		.byte	0
 1042 042a 08       		.uleb128 0x8
 1043 042b 44000000 		.4byte	.LVL31
 1044 042f 75050000 		.4byte	0x575
 1045 0433 49040000 		.4byte	0x449
 1046 0437 09       		.uleb128 0x9
 1047 0438 01       		.uleb128 0x1
 1048 0439 50       		.byte	0x50
 1049 043a 01       		.uleb128 0x1
 1050 043b 31       		.byte	0x31
 1051 043c 09       		.uleb128 0x9
 1052 043d 01       		.uleb128 0x1
 1053 043e 51       		.byte	0x51
 1054 043f 02       		.uleb128 0x2
 1055 0440 7D       		.byte	0x7d
 1056 0441 00       		.sleb128 0
 1057 0442 09       		.uleb128 0x9
 1058 0443 01       		.uleb128 0x1
 1059 0444 52       		.byte	0x52
 1060 0445 02       		.uleb128 0x2
 1061 0446 08       		.byte	0x8
 1062 0447 64       		.byte	0x64
 1063 0448 00       		.byte	0
 1064 0449 10       		.uleb128 0x10
 1065 044a 4A000000 		.4byte	.LVL32
 1066 044e 51050000 		.4byte	0x551
 1067 0452 09       		.uleb128 0x9
 1068 0453 01       		.uleb128 0x1
 1069 0454 50       		.byte	0x50
 1070 0455 02       		.uleb128 0x2
 1071 0456 08       		.byte	0x8
 1072 0457 64       		.byte	0x64
 1073 0458 00       		.byte	0
 1074 0459 00       		.byte	0
 1075 045a 0D       		.uleb128 0xd
 1076 045b 4D000000 		.4byte	.LASF31
 1077 045f 01       		.byte	0x1
 1078 0460 88       		.byte	0x88
 1079 0461 00000000 		.4byte	.LFB40
 1080 0465 48000000 		.4byte	.LFE40-.LFB40
 1081 0469 01       		.uleb128 0x1
 1082 046a 9C       		.byte	0x9c
 1083 046b 1D050000 		.4byte	0x51d
 1084 046f 0E       		.uleb128 0xe
 1085 0470 37000000 		.4byte	.LASF25
 1086 0474 01       		.byte	0x1
 1087 0475 88       		.byte	0x88
 1088 0476 6B000000 		.4byte	0x6b
ARM GAS  C:\Users\johnn\AppData\Local\Temp\ccrri3EY.s 			page 23


 1089 047a C9000000 		.4byte	.LLST5
 1090 047e 0E       		.uleb128 0xe
 1091 047f 25000000 		.4byte	.LASF26
 1092 0483 01       		.byte	0x1
 1093 0484 88       		.byte	0x88
 1094 0485 6B000000 		.4byte	0x6b
 1095 0489 0C010000 		.4byte	.LLST6
 1096 048d 07       		.uleb128 0x7
 1097 048e 2D000000 		.4byte	.LASF17
 1098 0492 01       		.byte	0x1
 1099 0493 8A       		.byte	0x8a
 1100 0494 1D050000 		.4byte	0x51d
 1101 0498 02       		.uleb128 0x2
 1102 0499 91       		.byte	0x91
 1103 049a 74       		.sleb128 -12
 1104 049b 11       		.uleb128 0x11
 1105 049c 58020000 		.4byte	.LASF30
 1106 04a0 01       		.byte	0x1
 1107 04a1 8C       		.byte	0x8c
 1108 04a2 83000000 		.4byte	0x83
 1109 04a6 64       		.byte	0x64
 1110 04a7 14       		.uleb128 0x14
 1111 04a8 85000000 		.4byte	.LASF32
 1112 04ac 01       		.byte	0x1
 1113 04ad 8F       		.byte	0x8f
 1114 04ae 83000000 		.4byte	0x83
 1115 04b2 4F010000 		.4byte	.LLST7
 1116 04b6 15       		.uleb128 0x15
 1117 04b7 00000000 		.4byte	.Ldebug_ranges0+0
 1118 04bb ED040000 		.4byte	0x4ed
 1119 04bf 16       		.uleb128 0x16
 1120 04c0 6900     		.ascii	"i\000"
 1121 04c2 01       		.byte	0x1
 1122 04c3 94       		.byte	0x94
 1123 04c4 5D000000 		.4byte	0x5d
 1124 04c8 6D010000 		.4byte	.LLST8
 1125 04cc 10       		.uleb128 0x10
 1126 04cd 28000000 		.4byte	.LVL42
 1127 04d1 69050000 		.4byte	0x569
 1128 04d5 09       		.uleb128 0x9
 1129 04d6 01       		.uleb128 0x1
 1130 04d7 50       		.byte	0x50
 1131 04d8 0C       		.uleb128 0xc
 1132 04d9 91       		.byte	0x91
 1133 04da 00       		.sleb128 0
 1134 04db 74       		.byte	0x74
 1135 04dc 00       		.sleb128 0
 1136 04dd 22       		.byte	0x22
 1137 04de 3C       		.byte	0x3c
 1138 04df 1C       		.byte	0x1c
 1139 04e0 94       		.byte	0x94
 1140 04e1 01       		.byte	0x1
 1141 04e2 08       		.byte	0x8
 1142 04e3 FF       		.byte	0xff
 1143 04e4 1A       		.byte	0x1a
 1144 04e5 09       		.uleb128 0x9
 1145 04e6 01       		.uleb128 0x1
ARM GAS  C:\Users\johnn\AppData\Local\Temp\ccrri3EY.s 			page 24


 1146 04e7 51       		.byte	0x51
 1147 04e8 02       		.uleb128 0x2
 1148 04e9 08       		.byte	0x8
 1149 04ea 64       		.byte	0x64
 1150 04eb 00       		.byte	0
 1151 04ec 00       		.byte	0
 1152 04ed 08       		.uleb128 0x8
 1153 04ee 18000000 		.4byte	.LVL38
 1154 04f2 5D050000 		.4byte	0x55d
 1155 04f6 0C050000 		.4byte	0x50c
 1156 04fa 09       		.uleb128 0x9
 1157 04fb 01       		.uleb128 0x1
 1158 04fc 50       		.byte	0x50
 1159 04fd 02       		.uleb128 0x2
 1160 04fe 08       		.byte	0x8
 1161 04ff 48       		.byte	0x48
 1162 0500 09       		.uleb128 0x9
 1163 0501 01       		.uleb128 0x1
 1164 0502 51       		.byte	0x51
 1165 0503 01       		.uleb128 0x1
 1166 0504 30       		.byte	0x30
 1167 0505 09       		.uleb128 0x9
 1168 0506 01       		.uleb128 0x1
 1169 0507 52       		.byte	0x52
 1170 0508 02       		.uleb128 0x2
 1171 0509 08       		.byte	0x8
 1172 050a 64       		.byte	0x64
 1173 050b 00       		.byte	0
 1174 050c 10       		.uleb128 0x10
 1175 050d 44000000 		.4byte	.LVL47
 1176 0511 51050000 		.4byte	0x551
 1177 0515 09       		.uleb128 0x9
 1178 0516 01       		.uleb128 0x1
 1179 0517 50       		.byte	0x50
 1180 0518 02       		.uleb128 0x2
 1181 0519 08       		.byte	0x8
 1182 051a 64       		.byte	0x64
 1183 051b 00       		.byte	0
 1184 051c 00       		.byte	0
 1185 051d 0B       		.uleb128 0xb
 1186 051e 6B000000 		.4byte	0x6b
 1187 0522 2D050000 		.4byte	0x52d
 1188 0526 0C       		.uleb128 0xc
 1189 0527 AB000000 		.4byte	0xab
 1190 052b 02       		.byte	0x2
 1191 052c 00       		.byte	0
 1192 052d 17       		.uleb128 0x17
 1193 052e 04010000 		.4byte	.LASF33
 1194 0532 04010000 		.4byte	.LASF33
 1195 0536 03       		.byte	0x3
 1196 0537 1301     		.2byte	0x113
 1197 0539 17       		.uleb128 0x17
 1198 053a 9C000000 		.4byte	.LASF34
 1199 053e 9C000000 		.4byte	.LASF34
 1200 0542 03       		.byte	0x3
 1201 0543 0F01     		.2byte	0x10f
 1202 0545 17       		.uleb128 0x17
ARM GAS  C:\Users\johnn\AppData\Local\Temp\ccrri3EY.s 			page 25


 1203 0546 C1020000 		.4byte	.LASF35
 1204 054a C1020000 		.4byte	.LASF35
 1205 054e 03       		.byte	0x3
 1206 054f 1401     		.2byte	0x114
 1207 0551 17       		.uleb128 0x17
 1208 0552 B0000000 		.4byte	.LASF36
 1209 0556 B0000000 		.4byte	.LASF36
 1210 055a 03       		.byte	0x3
 1211 055b 1D01     		.2byte	0x11d
 1212 055d 17       		.uleb128 0x17
 1213 055e 0E000000 		.4byte	.LASF37
 1214 0562 0E000000 		.4byte	.LASF37
 1215 0566 03       		.byte	0x3
 1216 0567 1B01     		.2byte	0x11b
 1217 0569 17       		.uleb128 0x17
 1218 056a 60020000 		.4byte	.LASF38
 1219 056e 60020000 		.4byte	.LASF38
 1220 0572 03       		.byte	0x3
 1221 0573 1E01     		.2byte	0x11e
 1222 0575 17       		.uleb128 0x17
 1223 0576 8A020000 		.4byte	.LASF39
 1224 057a 8A020000 		.4byte	.LASF39
 1225 057e 03       		.byte	0x3
 1226 057f 1F01     		.2byte	0x11f
 1227 0581 00       		.byte	0
 1228              		.section	.debug_abbrev,"",%progbits
 1229              	.Ldebug_abbrev0:
 1230 0000 01       		.uleb128 0x1
 1231 0001 11       		.uleb128 0x11
 1232 0002 01       		.byte	0x1
 1233 0003 25       		.uleb128 0x25
 1234 0004 0E       		.uleb128 0xe
 1235 0005 13       		.uleb128 0x13
 1236 0006 0B       		.uleb128 0xb
 1237 0007 03       		.uleb128 0x3
 1238 0008 0E       		.uleb128 0xe
 1239 0009 1B       		.uleb128 0x1b
 1240 000a 0E       		.uleb128 0xe
 1241 000b 55       		.uleb128 0x55
 1242 000c 17       		.uleb128 0x17
 1243 000d 11       		.uleb128 0x11
 1244 000e 01       		.uleb128 0x1
 1245 000f 10       		.uleb128 0x10
 1246 0010 17       		.uleb128 0x17
 1247 0011 00       		.byte	0
 1248 0012 00       		.byte	0
 1249 0013 02       		.uleb128 0x2
 1250 0014 24       		.uleb128 0x24
 1251 0015 00       		.byte	0
 1252 0016 0B       		.uleb128 0xb
 1253 0017 0B       		.uleb128 0xb
 1254 0018 3E       		.uleb128 0x3e
 1255 0019 0B       		.uleb128 0xb
 1256 001a 03       		.uleb128 0x3
 1257 001b 0E       		.uleb128 0xe
 1258 001c 00       		.byte	0
 1259 001d 00       		.byte	0
ARM GAS  C:\Users\johnn\AppData\Local\Temp\ccrri3EY.s 			page 26


 1260 001e 03       		.uleb128 0x3
 1261 001f 24       		.uleb128 0x24
 1262 0020 00       		.byte	0
 1263 0021 0B       		.uleb128 0xb
 1264 0022 0B       		.uleb128 0xb
 1265 0023 3E       		.uleb128 0x3e
 1266 0024 0B       		.uleb128 0xb
 1267 0025 03       		.uleb128 0x3
 1268 0026 08       		.uleb128 0x8
 1269 0027 00       		.byte	0
 1270 0028 00       		.byte	0
 1271 0029 04       		.uleb128 0x4
 1272 002a 16       		.uleb128 0x16
 1273 002b 00       		.byte	0
 1274 002c 03       		.uleb128 0x3
 1275 002d 0E       		.uleb128 0xe
 1276 002e 3A       		.uleb128 0x3a
 1277 002f 0B       		.uleb128 0xb
 1278 0030 3B       		.uleb128 0x3b
 1279 0031 05       		.uleb128 0x5
 1280 0032 49       		.uleb128 0x49
 1281 0033 13       		.uleb128 0x13
 1282 0034 00       		.byte	0
 1283 0035 00       		.byte	0
 1284 0036 05       		.uleb128 0x5
 1285 0037 2E       		.uleb128 0x2e
 1286 0038 01       		.byte	0x1
 1287 0039 3F       		.uleb128 0x3f
 1288 003a 19       		.uleb128 0x19
 1289 003b 03       		.uleb128 0x3
 1290 003c 0E       		.uleb128 0xe
 1291 003d 3A       		.uleb128 0x3a
 1292 003e 0B       		.uleb128 0xb
 1293 003f 3B       		.uleb128 0x3b
 1294 0040 0B       		.uleb128 0xb
 1295 0041 27       		.uleb128 0x27
 1296 0042 19       		.uleb128 0x19
 1297 0043 49       		.uleb128 0x49
 1298 0044 13       		.uleb128 0x13
 1299 0045 11       		.uleb128 0x11
 1300 0046 01       		.uleb128 0x1
 1301 0047 12       		.uleb128 0x12
 1302 0048 06       		.uleb128 0x6
 1303 0049 40       		.uleb128 0x40
 1304 004a 18       		.uleb128 0x18
 1305 004b 9742     		.uleb128 0x2117
 1306 004d 19       		.uleb128 0x19
 1307 004e 01       		.uleb128 0x1
 1308 004f 13       		.uleb128 0x13
 1309 0050 00       		.byte	0
 1310 0051 00       		.byte	0
 1311 0052 06       		.uleb128 0x6
 1312 0053 05       		.uleb128 0x5
 1313 0054 00       		.byte	0
 1314 0055 03       		.uleb128 0x3
 1315 0056 08       		.uleb128 0x8
 1316 0057 3A       		.uleb128 0x3a
ARM GAS  C:\Users\johnn\AppData\Local\Temp\ccrri3EY.s 			page 27


 1317 0058 0B       		.uleb128 0xb
 1318 0059 3B       		.uleb128 0x3b
 1319 005a 0B       		.uleb128 0xb
 1320 005b 49       		.uleb128 0x49
 1321 005c 13       		.uleb128 0x13
 1322 005d 02       		.uleb128 0x2
 1323 005e 17       		.uleb128 0x17
 1324 005f 00       		.byte	0
 1325 0060 00       		.byte	0
 1326 0061 07       		.uleb128 0x7
 1327 0062 34       		.uleb128 0x34
 1328 0063 00       		.byte	0
 1329 0064 03       		.uleb128 0x3
 1330 0065 0E       		.uleb128 0xe
 1331 0066 3A       		.uleb128 0x3a
 1332 0067 0B       		.uleb128 0xb
 1333 0068 3B       		.uleb128 0x3b
 1334 0069 0B       		.uleb128 0xb
 1335 006a 49       		.uleb128 0x49
 1336 006b 13       		.uleb128 0x13
 1337 006c 02       		.uleb128 0x2
 1338 006d 18       		.uleb128 0x18
 1339 006e 00       		.byte	0
 1340 006f 00       		.byte	0
 1341 0070 08       		.uleb128 0x8
 1342 0071 898201   		.uleb128 0x4109
 1343 0074 01       		.byte	0x1
 1344 0075 11       		.uleb128 0x11
 1345 0076 01       		.uleb128 0x1
 1346 0077 31       		.uleb128 0x31
 1347 0078 13       		.uleb128 0x13
 1348 0079 01       		.uleb128 0x1
 1349 007a 13       		.uleb128 0x13
 1350 007b 00       		.byte	0
 1351 007c 00       		.byte	0
 1352 007d 09       		.uleb128 0x9
 1353 007e 8A8201   		.uleb128 0x410a
 1354 0081 00       		.byte	0
 1355 0082 02       		.uleb128 0x2
 1356 0083 18       		.uleb128 0x18
 1357 0084 9142     		.uleb128 0x2111
 1358 0086 18       		.uleb128 0x18
 1359 0087 00       		.byte	0
 1360 0088 00       		.byte	0
 1361 0089 0A       		.uleb128 0xa
 1362 008a 898201   		.uleb128 0x4109
 1363 008d 00       		.byte	0
 1364 008e 11       		.uleb128 0x11
 1365 008f 01       		.uleb128 0x1
 1366 0090 31       		.uleb128 0x31
 1367 0091 13       		.uleb128 0x13
 1368 0092 00       		.byte	0
 1369 0093 00       		.byte	0
 1370 0094 0B       		.uleb128 0xb
 1371 0095 01       		.uleb128 0x1
 1372 0096 01       		.byte	0x1
 1373 0097 49       		.uleb128 0x49
ARM GAS  C:\Users\johnn\AppData\Local\Temp\ccrri3EY.s 			page 28


 1374 0098 13       		.uleb128 0x13
 1375 0099 01       		.uleb128 0x1
 1376 009a 13       		.uleb128 0x13
 1377 009b 00       		.byte	0
 1378 009c 00       		.byte	0
 1379 009d 0C       		.uleb128 0xc
 1380 009e 21       		.uleb128 0x21
 1381 009f 00       		.byte	0
 1382 00a0 49       		.uleb128 0x49
 1383 00a1 13       		.uleb128 0x13
 1384 00a2 2F       		.uleb128 0x2f
 1385 00a3 0B       		.uleb128 0xb
 1386 00a4 00       		.byte	0
 1387 00a5 00       		.byte	0
 1388 00a6 0D       		.uleb128 0xd
 1389 00a7 2E       		.uleb128 0x2e
 1390 00a8 01       		.byte	0x1
 1391 00a9 3F       		.uleb128 0x3f
 1392 00aa 19       		.uleb128 0x19
 1393 00ab 03       		.uleb128 0x3
 1394 00ac 0E       		.uleb128 0xe
 1395 00ad 3A       		.uleb128 0x3a
 1396 00ae 0B       		.uleb128 0xb
 1397 00af 3B       		.uleb128 0x3b
 1398 00b0 0B       		.uleb128 0xb
 1399 00b1 27       		.uleb128 0x27
 1400 00b2 19       		.uleb128 0x19
 1401 00b3 11       		.uleb128 0x11
 1402 00b4 01       		.uleb128 0x1
 1403 00b5 12       		.uleb128 0x12
 1404 00b6 06       		.uleb128 0x6
 1405 00b7 40       		.uleb128 0x40
 1406 00b8 18       		.uleb128 0x18
 1407 00b9 9742     		.uleb128 0x2117
 1408 00bb 19       		.uleb128 0x19
 1409 00bc 01       		.uleb128 0x1
 1410 00bd 13       		.uleb128 0x13
 1411 00be 00       		.byte	0
 1412 00bf 00       		.byte	0
 1413 00c0 0E       		.uleb128 0xe
 1414 00c1 05       		.uleb128 0x5
 1415 00c2 00       		.byte	0
 1416 00c3 03       		.uleb128 0x3
 1417 00c4 0E       		.uleb128 0xe
 1418 00c5 3A       		.uleb128 0x3a
 1419 00c6 0B       		.uleb128 0xb
 1420 00c7 3B       		.uleb128 0x3b
 1421 00c8 0B       		.uleb128 0xb
 1422 00c9 49       		.uleb128 0x49
 1423 00ca 13       		.uleb128 0x13
 1424 00cb 02       		.uleb128 0x2
 1425 00cc 17       		.uleb128 0x17
 1426 00cd 00       		.byte	0
 1427 00ce 00       		.byte	0
 1428 00cf 0F       		.uleb128 0xf
 1429 00d0 2E       		.uleb128 0x2e
 1430 00d1 01       		.byte	0x1
ARM GAS  C:\Users\johnn\AppData\Local\Temp\ccrri3EY.s 			page 29


 1431 00d2 3F       		.uleb128 0x3f
 1432 00d3 19       		.uleb128 0x19
 1433 00d4 03       		.uleb128 0x3
 1434 00d5 0E       		.uleb128 0xe
 1435 00d6 3A       		.uleb128 0x3a
 1436 00d7 0B       		.uleb128 0xb
 1437 00d8 3B       		.uleb128 0x3b
 1438 00d9 0B       		.uleb128 0xb
 1439 00da 49       		.uleb128 0x49
 1440 00db 13       		.uleb128 0x13
 1441 00dc 11       		.uleb128 0x11
 1442 00dd 01       		.uleb128 0x1
 1443 00de 12       		.uleb128 0x12
 1444 00df 06       		.uleb128 0x6
 1445 00e0 40       		.uleb128 0x40
 1446 00e1 18       		.uleb128 0x18
 1447 00e2 9742     		.uleb128 0x2117
 1448 00e4 19       		.uleb128 0x19
 1449 00e5 01       		.uleb128 0x1
 1450 00e6 13       		.uleb128 0x13
 1451 00e7 00       		.byte	0
 1452 00e8 00       		.byte	0
 1453 00e9 10       		.uleb128 0x10
 1454 00ea 898201   		.uleb128 0x4109
 1455 00ed 01       		.byte	0x1
 1456 00ee 11       		.uleb128 0x11
 1457 00ef 01       		.uleb128 0x1
 1458 00f0 31       		.uleb128 0x31
 1459 00f1 13       		.uleb128 0x13
 1460 00f2 00       		.byte	0
 1461 00f3 00       		.byte	0
 1462 00f4 11       		.uleb128 0x11
 1463 00f5 34       		.uleb128 0x34
 1464 00f6 00       		.byte	0
 1465 00f7 03       		.uleb128 0x3
 1466 00f8 0E       		.uleb128 0xe
 1467 00f9 3A       		.uleb128 0x3a
 1468 00fa 0B       		.uleb128 0xb
 1469 00fb 3B       		.uleb128 0x3b
 1470 00fc 0B       		.uleb128 0xb
 1471 00fd 49       		.uleb128 0x49
 1472 00fe 13       		.uleb128 0x13
 1473 00ff 1C       		.uleb128 0x1c
 1474 0100 0B       		.uleb128 0xb
 1475 0101 00       		.byte	0
 1476 0102 00       		.byte	0
 1477 0103 12       		.uleb128 0x12
 1478 0104 34       		.uleb128 0x34
 1479 0105 00       		.byte	0
 1480 0106 03       		.uleb128 0x3
 1481 0107 0E       		.uleb128 0xe
 1482 0108 3A       		.uleb128 0x3a
 1483 0109 0B       		.uleb128 0xb
 1484 010a 3B       		.uleb128 0x3b
 1485 010b 0B       		.uleb128 0xb
 1486 010c 49       		.uleb128 0x49
 1487 010d 13       		.uleb128 0x13
ARM GAS  C:\Users\johnn\AppData\Local\Temp\ccrri3EY.s 			page 30


 1488 010e 00       		.byte	0
 1489 010f 00       		.byte	0
 1490 0110 13       		.uleb128 0x13
 1491 0111 34       		.uleb128 0x34
 1492 0112 00       		.byte	0
 1493 0113 03       		.uleb128 0x3
 1494 0114 08       		.uleb128 0x8
 1495 0115 3A       		.uleb128 0x3a
 1496 0116 0B       		.uleb128 0xb
 1497 0117 3B       		.uleb128 0x3b
 1498 0118 0B       		.uleb128 0xb
 1499 0119 49       		.uleb128 0x49
 1500 011a 13       		.uleb128 0x13
 1501 011b 02       		.uleb128 0x2
 1502 011c 18       		.uleb128 0x18
 1503 011d 00       		.byte	0
 1504 011e 00       		.byte	0
 1505 011f 14       		.uleb128 0x14
 1506 0120 34       		.uleb128 0x34
 1507 0121 00       		.byte	0
 1508 0122 03       		.uleb128 0x3
 1509 0123 0E       		.uleb128 0xe
 1510 0124 3A       		.uleb128 0x3a
 1511 0125 0B       		.uleb128 0xb
 1512 0126 3B       		.uleb128 0x3b
 1513 0127 0B       		.uleb128 0xb
 1514 0128 49       		.uleb128 0x49
 1515 0129 13       		.uleb128 0x13
 1516 012a 02       		.uleb128 0x2
 1517 012b 17       		.uleb128 0x17
 1518 012c 00       		.byte	0
 1519 012d 00       		.byte	0
 1520 012e 15       		.uleb128 0x15
 1521 012f 0B       		.uleb128 0xb
 1522 0130 01       		.byte	0x1
 1523 0131 55       		.uleb128 0x55
 1524 0132 17       		.uleb128 0x17
 1525 0133 01       		.uleb128 0x1
 1526 0134 13       		.uleb128 0x13
 1527 0135 00       		.byte	0
 1528 0136 00       		.byte	0
 1529 0137 16       		.uleb128 0x16
 1530 0138 34       		.uleb128 0x34
 1531 0139 00       		.byte	0
 1532 013a 03       		.uleb128 0x3
 1533 013b 08       		.uleb128 0x8
 1534 013c 3A       		.uleb128 0x3a
 1535 013d 0B       		.uleb128 0xb
 1536 013e 3B       		.uleb128 0x3b
 1537 013f 0B       		.uleb128 0xb
 1538 0140 49       		.uleb128 0x49
 1539 0141 13       		.uleb128 0x13
 1540 0142 02       		.uleb128 0x2
 1541 0143 17       		.uleb128 0x17
 1542 0144 00       		.byte	0
 1543 0145 00       		.byte	0
 1544 0146 17       		.uleb128 0x17
ARM GAS  C:\Users\johnn\AppData\Local\Temp\ccrri3EY.s 			page 31


 1545 0147 2E       		.uleb128 0x2e
 1546 0148 00       		.byte	0
 1547 0149 3F       		.uleb128 0x3f
 1548 014a 19       		.uleb128 0x19
 1549 014b 3C       		.uleb128 0x3c
 1550 014c 19       		.uleb128 0x19
 1551 014d 6E       		.uleb128 0x6e
 1552 014e 0E       		.uleb128 0xe
 1553 014f 03       		.uleb128 0x3
 1554 0150 0E       		.uleb128 0xe
 1555 0151 3A       		.uleb128 0x3a
 1556 0152 0B       		.uleb128 0xb
 1557 0153 3B       		.uleb128 0x3b
 1558 0154 05       		.uleb128 0x5
 1559 0155 00       		.byte	0
 1560 0156 00       		.byte	0
 1561 0157 00       		.byte	0
 1562              		.section	.debug_loc,"",%progbits
 1563              	.Ldebug_loc0:
 1564              	.LLST0:
 1565 0000 00000000 		.4byte	.LVL0
 1566 0004 14000000 		.4byte	.LVL1
 1567 0008 0100     		.2byte	0x1
 1568 000a 50       		.byte	0x50
 1569 000b 14000000 		.4byte	.LVL1
 1570 000f 17000000 		.4byte	.LVL2-1
 1571 0013 0200     		.2byte	0x2
 1572 0015 71       		.byte	0x71
 1573 0016 00       		.sleb128 0
 1574 0017 17000000 		.4byte	.LVL2-1
 1575 001b 3C000000 		.4byte	.LFE35
 1576 001f 0400     		.2byte	0x4
 1577 0021 F3       		.byte	0xf3
 1578 0022 01       		.uleb128 0x1
 1579 0023 50       		.byte	0x50
 1580 0024 9F       		.byte	0x9f
 1581 0025 00000000 		.4byte	0
 1582 0029 00000000 		.4byte	0
 1583              	.LLST1:
 1584 002d 00000000 		.4byte	.LVL6
 1585 0031 12000000 		.4byte	.LVL8
 1586 0035 0100     		.2byte	0x1
 1587 0037 50       		.byte	0x50
 1588 0038 12000000 		.4byte	.LVL8
 1589 003c 15000000 		.4byte	.LVL9-1
 1590 0040 0200     		.2byte	0x2
 1591 0042 71       		.byte	0x71
 1592 0043 00       		.sleb128 0
 1593 0044 15000000 		.4byte	.LVL9-1
 1594 0048 22000000 		.4byte	.LFE36
 1595 004c 0400     		.2byte	0x4
 1596 004e F3       		.byte	0xf3
 1597 004f 01       		.uleb128 0x1
 1598 0050 50       		.byte	0x50
 1599 0051 9F       		.byte	0x9f
 1600 0052 00000000 		.4byte	0
 1601 0056 00000000 		.4byte	0
ARM GAS  C:\Users\johnn\AppData\Local\Temp\ccrri3EY.s 			page 32


 1602              	.LLST2:
 1603 005a 00000000 		.4byte	.LVL6
 1604 005e 10000000 		.4byte	.LVL7
 1605 0062 0100     		.2byte	0x1
 1606 0064 51       		.byte	0x51
 1607 0065 10000000 		.4byte	.LVL7
 1608 0069 15000000 		.4byte	.LVL9-1
 1609 006d 0200     		.2byte	0x2
 1610 006f 71       		.byte	0x71
 1611 0070 01       		.sleb128 1
 1612 0071 15000000 		.4byte	.LVL9-1
 1613 0075 22000000 		.4byte	.LFE36
 1614 0079 0400     		.2byte	0x4
 1615 007b F3       		.byte	0xf3
 1616 007c 01       		.uleb128 0x1
 1617 007d 51       		.byte	0x51
 1618 007e 9F       		.byte	0x9f
 1619 007f 00000000 		.4byte	0
 1620 0083 00000000 		.4byte	0
 1621              	.LLST3:
 1622 0087 00000000 		.4byte	.LVL17
 1623 008b 14000000 		.4byte	.LVL19
 1624 008f 0100     		.2byte	0x1
 1625 0091 50       		.byte	0x50
 1626 0092 14000000 		.4byte	.LVL19
 1627 0096 44000000 		.4byte	.LFE38
 1628 009a 0400     		.2byte	0x4
 1629 009c F3       		.byte	0xf3
 1630 009d 01       		.uleb128 0x1
 1631 009e 50       		.byte	0x50
 1632 009f 9F       		.byte	0x9f
 1633 00a0 00000000 		.4byte	0
 1634 00a4 00000000 		.4byte	0
 1635              	.LLST4:
 1636 00a8 00000000 		.4byte	.LVL17
 1637 00ac 0A000000 		.4byte	.LVL18
 1638 00b0 0100     		.2byte	0x1
 1639 00b2 51       		.byte	0x51
 1640 00b3 0A000000 		.4byte	.LVL18
 1641 00b7 44000000 		.4byte	.LFE38
 1642 00bb 0400     		.2byte	0x4
 1643 00bd F3       		.byte	0xf3
 1644 00be 01       		.uleb128 0x1
 1645 00bf 51       		.byte	0x51
 1646 00c0 9F       		.byte	0x9f
 1647 00c1 00000000 		.4byte	0
 1648 00c5 00000000 		.4byte	0
 1649              	.LLST5:
 1650 00c9 00000000 		.4byte	.LVL34
 1651 00cd 14000000 		.4byte	.LVL37
 1652 00d1 0100     		.2byte	0x1
 1653 00d3 50       		.byte	0x50
 1654 00d4 14000000 		.4byte	.LVL37
 1655 00d8 17000000 		.4byte	.LVL38-1
 1656 00dc 0200     		.2byte	0x2
 1657 00de 73       		.byte	0x73
 1658 00df 01       		.sleb128 1
ARM GAS  C:\Users\johnn\AppData\Local\Temp\ccrri3EY.s 			page 33


 1659 00e0 17000000 		.4byte	.LVL38-1
 1660 00e4 20000000 		.4byte	.LVL40
 1661 00e8 0200     		.2byte	0x2
 1662 00ea 91       		.byte	0x91
 1663 00eb 75       		.sleb128 -11
 1664 00ec 20000000 		.4byte	.LVL40
 1665 00f0 27000000 		.4byte	.LVL42-1
 1666 00f4 0200     		.2byte	0x2
 1667 00f6 73       		.byte	0x73
 1668 00f7 01       		.sleb128 1
 1669 00f8 27000000 		.4byte	.LVL42-1
 1670 00fc 48000000 		.4byte	.LFE40
 1671 0100 0200     		.2byte	0x2
 1672 0102 91       		.byte	0x91
 1673 0103 75       		.sleb128 -11
 1674 0104 00000000 		.4byte	0
 1675 0108 00000000 		.4byte	0
 1676              	.LLST6:
 1677 010c 00000000 		.4byte	.LVL34
 1678 0110 12000000 		.4byte	.LVL36
 1679 0114 0100     		.2byte	0x1
 1680 0116 51       		.byte	0x51
 1681 0117 12000000 		.4byte	.LVL36
 1682 011b 17000000 		.4byte	.LVL38-1
 1683 011f 0200     		.2byte	0x2
 1684 0121 73       		.byte	0x73
 1685 0122 02       		.sleb128 2
 1686 0123 17000000 		.4byte	.LVL38-1
 1687 0127 20000000 		.4byte	.LVL40
 1688 012b 0200     		.2byte	0x2
 1689 012d 91       		.byte	0x91
 1690 012e 76       		.sleb128 -10
 1691 012f 20000000 		.4byte	.LVL40
 1692 0133 27000000 		.4byte	.LVL42-1
 1693 0137 0200     		.2byte	0x2
 1694 0139 73       		.byte	0x73
 1695 013a 02       		.sleb128 2
 1696 013b 27000000 		.4byte	.LVL42-1
 1697 013f 48000000 		.4byte	.LFE40
 1698 0143 0200     		.2byte	0x2
 1699 0145 91       		.byte	0x91
 1700 0146 76       		.sleb128 -10
 1701 0147 00000000 		.4byte	0
 1702 014b 00000000 		.4byte	0
 1703              	.LLST7:
 1704 014f 18000000 		.4byte	.LVL38
 1705 0153 22000000 		.4byte	.LVL41
 1706 0157 0100     		.2byte	0x1
 1707 0159 50       		.byte	0x50
 1708 015a 28000000 		.4byte	.LVL42
 1709 015e 40000000 		.4byte	.LVL46
 1710 0162 0100     		.2byte	0x1
 1711 0164 50       		.byte	0x50
 1712 0165 00000000 		.4byte	0
 1713 0169 00000000 		.4byte	0
 1714              	.LLST8:
 1715 016d 1E000000 		.4byte	.LVL39
ARM GAS  C:\Users\johnn\AppData\Local\Temp\ccrri3EY.s 			page 34


 1716 0171 30000000 		.4byte	.LVL44
 1717 0175 0100     		.2byte	0x1
 1718 0177 54       		.byte	0x54
 1719 0178 32000000 		.4byte	.LVL45
 1720 017c 44000000 		.4byte	.LVL47
 1721 0180 0100     		.2byte	0x1
 1722 0182 54       		.byte	0x54
 1723 0183 00000000 		.4byte	0
 1724 0187 00000000 		.4byte	0
 1725              		.section	.debug_aranges,"",%progbits
 1726 0000 44000000 		.4byte	0x44
 1727 0004 0200     		.2byte	0x2
 1728 0006 00000000 		.4byte	.Ldebug_info0
 1729 000a 04       		.byte	0x4
 1730 000b 00       		.byte	0
 1731 000c 0000     		.2byte	0
 1732 000e 0000     		.2byte	0
 1733 0010 00000000 		.4byte	.LFB35
 1734 0014 3C000000 		.4byte	.LFE35-.LFB35
 1735 0018 00000000 		.4byte	.LFB36
 1736 001c 22000000 		.4byte	.LFE36-.LFB36
 1737 0020 00000000 		.4byte	.LFB37
 1738 0024 4C000000 		.4byte	.LFE37-.LFB37
 1739 0028 00000000 		.4byte	.LFB38
 1740 002c 44000000 		.4byte	.LFE38-.LFB38
 1741 0030 00000000 		.4byte	.LFB39
 1742 0034 58000000 		.4byte	.LFE39-.LFB39
 1743 0038 00000000 		.4byte	.LFB40
 1744 003c 48000000 		.4byte	.LFE40-.LFB40
 1745 0040 00000000 		.4byte	0
 1746 0044 00000000 		.4byte	0
 1747              		.section	.debug_ranges,"",%progbits
 1748              	.Ldebug_ranges0:
 1749 0000 1E000000 		.4byte	.LBB2
 1750 0004 30000000 		.4byte	.LBE2
 1751 0008 32000000 		.4byte	.LBB3
 1752 000c 36000000 		.4byte	.LBE3
 1753 0010 00000000 		.4byte	0
 1754 0014 00000000 		.4byte	0
 1755 0018 00000000 		.4byte	.LFB35
 1756 001c 3C000000 		.4byte	.LFE35
 1757 0020 00000000 		.4byte	.LFB36
 1758 0024 22000000 		.4byte	.LFE36
 1759 0028 00000000 		.4byte	.LFB37
 1760 002c 4C000000 		.4byte	.LFE37
 1761 0030 00000000 		.4byte	.LFB38
 1762 0034 44000000 		.4byte	.LFE38
 1763 0038 00000000 		.4byte	.LFB39
 1764 003c 58000000 		.4byte	.LFE39
 1765 0040 00000000 		.4byte	.LFB40
 1766 0044 48000000 		.4byte	.LFE40
 1767 0048 00000000 		.4byte	0
 1768 004c 00000000 		.4byte	0
 1769              		.section	.debug_line,"",%progbits
 1770              	.Ldebug_line0:
 1771 0000 15010000 		.section	.debug_str,"MS",%progbits,1
 1771      02004E00 
ARM GAS  C:\Users\johnn\AppData\Local\Temp\ccrri3EY.s 			page 35


 1771      00000201 
 1771      FB0E0D00 
 1771      01010101 
 1772              	.LASF6:
 1773 0000 6C6F6E67 		.ascii	"long long int\000"
 1773      206C6F6E 
 1773      6720696E 
 1773      7400
 1774              	.LASF37:
 1775 000e 4932435F 		.ascii	"I2C_I2CMasterSendStart\000"
 1775      4932434D 
 1775      61737465 
 1775      7253656E 
 1775      64537461 
 1776              	.LASF26:
 1777 0025 436F6E66 		.ascii	"ConfigL\000"
 1777      69674C00 
 1778              	.LASF17:
 1779 002d 57726974 		.ascii	"Write_Buf\000"
 1779      655F4275 
 1779      6600
 1780              	.LASF25:
 1781 0037 436F6E66 		.ascii	"ConfigU\000"
 1781      69675500 
 1782              	.LASF43:
 1783 003f 61636365 		.ascii	"accel_ReadReg\000"
 1783      6C5F5265 
 1783      61645265 
 1783      6700
 1784              	.LASF31:
 1785 004d 4144435F 		.ascii	"ADC_Manual_Write\000"
 1785      4D616E75 
 1785      616C5F57 
 1785      72697465 
 1785      00
 1786              	.LASF3:
 1787 005e 73686F72 		.ascii	"short unsigned int\000"
 1787      7420756E 
 1787      7369676E 
 1787      65642069 
 1787      6E7400
 1788              	.LASF8:
 1789 0071 756E7369 		.ascii	"unsigned int\000"
 1789      676E6564 
 1789      20696E74 
 1789      00
 1790              	.LASF13:
 1791 007e 646F7562 		.ascii	"double\000"
 1791      6C6500
 1792              	.LASF32:
 1793 0085 73746174 		.ascii	"status\000"
 1793      757300
 1794              	.LASF27:
 1795 008c 4144435F 		.ascii	"ADC_Manual_Read\000"
 1795      4D616E75 
 1795      616C5F52 
 1795      65616400 
ARM GAS  C:\Users\johnn\AppData\Local\Temp\ccrri3EY.s 			page 36


 1796              	.LASF34:
 1797 009c 4932435F 		.ascii	"I2C_I2CMasterStatus\000"
 1797      4932434D 
 1797      61737465 
 1797      72537461 
 1797      74757300 
 1798              	.LASF36:
 1799 00b0 4932435F 		.ascii	"I2C_I2CMasterSendStop\000"
 1799      4932434D 
 1799      61737465 
 1799      7253656E 
 1799      6453746F 
 1800              	.LASF12:
 1801 00c6 666C6F61 		.ascii	"float\000"
 1801      7400
 1802              	.LASF7:
 1803 00cc 6C6F6E67 		.ascii	"long long unsigned int\000"
 1803      206C6F6E 
 1803      6720756E 
 1803      7369676E 
 1803      65642069 
 1804              	.LASF1:
 1805 00e3 756E7369 		.ascii	"unsigned char\000"
 1805      676E6564 
 1805      20636861 
 1805      7200
 1806              	.LASF21:
 1807 00f1 4144435F 		.ascii	"ADC_ReadReg\000"
 1807      52656164 
 1807      52656700 
 1808              	.LASF19:
 1809 00fd 436F6E66 		.ascii	"Config\000"
 1809      696700
 1810              	.LASF33:
 1811 0104 4932435F 		.ascii	"I2C_I2CMasterWriteBuf\000"
 1811      4932434D 
 1811      61737465 
 1811      72577269 
 1811      74654275 
 1812              	.LASF9:
 1813 011a 75696E74 		.ascii	"uint8\000"
 1813      3800
 1814              	.LASF41:
 1815 0120 4A493243 		.ascii	"JI2C.c\000"
 1815      2E6300
 1816              	.LASF5:
 1817 0127 6C6F6E67 		.ascii	"long unsigned int\000"
 1817      20756E73 
 1817      69676E65 
 1817      6420696E 
 1817      7400
 1818              	.LASF24:
 1819 0139 4144435F 		.ascii	"ADC_WriteReg\000"
 1819      57726974 
 1819      65526567 
 1819      00
 1820              	.LASF10:
ARM GAS  C:\Users\johnn\AppData\Local\Temp\ccrri3EY.s 			page 37


 1821 0146 75696E74 		.ascii	"uint16\000"
 1821      313600
 1822              	.LASF11:
 1823 014d 75696E74 		.ascii	"uint32\000"
 1823      333200
 1824              	.LASF18:
 1825 0154 52656164 		.ascii	"Read_Buf\000"
 1825      5F427566 
 1825      00
 1826              	.LASF14:
 1827 015d 63686172 		.ascii	"char\000"
 1827      00
 1828              	.LASF20:
 1829 0162 61636365 		.ascii	"accel_WriteReg\000"
 1829      6C5F5772 
 1829      69746552 
 1829      656700
 1830              	.LASF40:
 1831 0171 474E5520 		.ascii	"GNU C11 5.4.1 20160609 (release) [ARM/embedded-5-br"
 1831      43313120 
 1831      352E342E 
 1831      31203230 
 1831      31363036 
 1832 01a4 616E6368 		.ascii	"anch revision 237715] -mcpu=cortex-m0 -mthumb -g -O"
 1832      20726576 
 1832      6973696F 
 1832      6E203233 
 1832      37373135 
 1833 01d7 67202D66 		.ascii	"g -ffunction-sections -ffat-lto-objects\000"
 1833      66756E63 
 1833      74696F6E 
 1833      2D736563 
 1833      74696F6E 
 1834              	.LASF28:
 1835 01ff 52656164 		.ascii	"Read_Buf_H\000"
 1835      5F427566 
 1835      5F4800
 1836              	.LASF16:
 1837 020a 73697A65 		.ascii	"sizetype\000"
 1837      74797065 
 1837      00
 1838              	.LASF29:
 1839 0213 52656164 		.ascii	"Read_Buf_L\000"
 1839      5F427566 
 1839      5F4C00
 1840              	.LASF42:
 1841 021e 433A5C55 		.ascii	"C:\\Users\\johnn\\Documents\\PSoC Creator\\Kevin_BL"
 1841      73657273 
 1841      5C6A6F68 
 1841      6E6E5C44 
 1841      6F63756D 
 1842 024c 455F4932 		.ascii	"E_I2C.cydsn\000"
 1842      432E6379 
 1842      64736E00 
 1843              	.LASF30:
 1844 0258 74696D65 		.ascii	"timeout\000"
 1844      6F757400 
ARM GAS  C:\Users\johnn\AppData\Local\Temp\ccrri3EY.s 			page 38


 1845              	.LASF38:
 1846 0260 4932435F 		.ascii	"I2C_I2CMasterWriteByte\000"
 1846      4932434D 
 1846      61737465 
 1846      72577269 
 1846      74654279 
 1847              	.LASF23:
 1848 0277 52656164 		.ascii	"Read_Res\000"
 1848      5F526573 
 1848      00
 1849              	.LASF2:
 1850 0280 73686F72 		.ascii	"short int\000"
 1850      7420696E 
 1850      7400
 1851              	.LASF39:
 1852 028a 4932435F 		.ascii	"I2C_I2CMasterReadByte\000"
 1852      4932434D 
 1852      61737465 
 1852      72526561 
 1852      64427974 
 1853              	.LASF4:
 1854 02a0 6C6F6E67 		.ascii	"long int\000"
 1854      20696E74 
 1854      00
 1855              	.LASF15:
 1856 02a9 6C6F6E67 		.ascii	"long double\000"
 1856      20646F75 
 1856      626C6500 
 1857              	.LASF0:
 1858 02b5 7369676E 		.ascii	"signed char\000"
 1858      65642063 
 1858      68617200 
 1859              	.LASF35:
 1860 02c1 4932435F 		.ascii	"I2C_I2CMasterReadBuf\000"
 1860      4932434D 
 1860      61737465 
 1860      72526561 
 1860      64427566 
 1861              	.LASF22:
 1862 02d6 50526567 		.ascii	"PReg\000"
 1862      00
 1863              		.ident	"GCC: (GNU Tools for ARM Embedded Processors) 5.4.1 20160609 (release) [ARM/embedded-5-bran
