ARM GAS  C:\Users\johnn\AppData\Local\Temp\ccAJfIRe.s 			page 1


   1              		.syntax unified
   2              		.cpu cortex-m0
   3              		.fpu softvfp
   4              		.eabi_attribute 20, 1
   5              		.eabi_attribute 21, 1
   6              		.eabi_attribute 23, 3
   7              		.eabi_attribute 24, 1
   8              		.eabi_attribute 25, 1
   9              		.eabi_attribute 26, 1
  10              		.eabi_attribute 30, 1
  11              		.eabi_attribute 34, 0
  12              		.eabi_attribute 18, 4
  13              		.thumb
  14              		.syntax unified
  15              		.file	"main.c"
  16              		.text
  17              	.Ltext0:
  18              		.cfi_sections	.debug_frame
  19              		.section	.text.Stack_Handler,"ax",%progbits
  20              		.align	2
  21              		.global	Stack_Handler
  22              		.code	16
  23              		.thumb_func
  24              		.type	Stack_Handler, %function
  25              	Stack_Handler:
  26              	.LFB35:
  27              		.file 1 "main.c"
   1:main.c        **** /* ========================================
   2:main.c        ****  *
   3:main.c        ****  * Copyright Johnny Chiahao Li, Columbia University, 2019
   4:main.c        ****  * Version 3.5
   5:main.c        ****  *
   6:main.c        ****  * All Rights Reserved
   7:main.c        ****  * UNPUBLISHED, LICENSED SOFTWARE.
   8:main.c        ****  *
   9:main.c        ****  * CONFIDENTIAL AND PROPRIETARY INFORMATION
  10:main.c        ****  * WHICH IS THE PROPERTY OF your company.
  11:main.c        ****  *
  12:main.c        ****  * ========================================
  13:main.c        **** */
  14:main.c        **** #include "project.h"
  15:main.c        **** #include <JI2C.h>
  16:main.c        **** 
  17:main.c        **** void Stack_Handler(uint32 eventCode, void *eventParam)
  18:main.c        **** {
  28              		.loc 1 18 0
  29              		.cfi_startproc
  30              		@ args = 0, pretend = 0, frame = 0
  31              		@ frame_needed = 0, uses_anonymous_args = 0
  32              	.LVL0:
  33 0000 10B5     		push	{r4, lr}
  34              		.cfi_def_cfa_offset 8
  35              		.cfi_offset 4, -8
  36              		.cfi_offset 14, -4
  19:main.c        ****     switch(eventCode)
  37              		.loc 1 19 0
  38 0002 0128     		cmp	r0, #1
ARM GAS  C:\Users\johnn\AppData\Local\Temp\ccAJfIRe.s 			page 2


  39 0004 01D0     		beq	.L3
  40 0006 2828     		cmp	r0, #40
  41 0008 02D1     		bne	.L1
  42              	.L3:
  20:main.c        ****     {
  21:main.c        ****         case CYBLE_EVT_STACK_ON:
  22:main.c        ****         case CYBLE_EVT_GAP_DEVICE_DISCONNECTED:
  23:main.c        ****             CyBle_GappStartAdvertisement(CYBLE_ADVERTISING_FAST);
  43              		.loc 1 23 0
  44 000a 0020     		movs	r0, #0
  45              	.LVL1:
  46 000c FFF7FEFF 		bl	CyBle_GappStartAdvertisement
  47              	.LVL2:
  48              	.L1:
  24:main.c        ****             break;
  25:main.c        ****     }
  26:main.c        **** }
  49              		.loc 1 26 0
  50              		@ sp needed
  51 0010 10BD     		pop	{r4, pc}
  52              		.cfi_endproc
  53              	.LFE35:
  54              		.size	Stack_Handler, .-Stack_Handler
  55              		.global	__aeabi_i2d
  56              		.global	__aeabi_dmul
  57              		.global	__aeabi_ddiv
  58 0012 C046     		.section	.text.main,"ax",%progbits
  59              		.align	2
  60              		.global	main
  61              		.code	16
  62              		.thumb_func
  63              		.type	main, %function
  64              	main:
  65              	.LFB36:
  27:main.c        **** int main(void)
  28:main.c        **** {   
  66              		.loc 1 28 0
  67              		.cfi_startproc
  68              		@ args = 0, pretend = 0, frame = 80
  69              		@ frame_needed = 0, uses_anonymous_args = 0
  70 0000 F0B5     		push	{r4, r5, r6, r7, lr}
  71              		.cfi_def_cfa_offset 20
  72              		.cfi_offset 4, -20
  73              		.cfi_offset 5, -16
  74              		.cfi_offset 6, -12
  75              		.cfi_offset 7, -8
  76              		.cfi_offset 14, -4
  77 0002 95B0     		sub	sp, sp, #84
  78              		.cfi_def_cfa_offset 104
  29:main.c        ****     //Starts BLE Handeling
  30:main.c        ****     CyBle_Start(Stack_Handler);
  79              		.loc 1 30 0
  80 0004 8848     		ldr	r0, .L6
  81 0006 FFF7FEFF 		bl	CyBle_Start
  82              	.LVL3:
  31:main.c        ****     CyGlobalIntEnable; 
  83              		.loc 1 31 0
ARM GAS  C:\Users\johnn\AppData\Local\Temp\ccAJfIRe.s 			page 3


  84              		.syntax divided
  85              	@ 31 "main.c" 1
  86 000a 62B6     		CPSIE   i
  87              	@ 0 "" 2
  32:main.c        ****     
  33:main.c        ****     /*
  34:main.c        ****     //Starts UART
  35:main.c        ****     UART_OUT_Start();
  36:main.c        ****     UART_OUT_Init();
  37:main.c        ****     */
  38:main.c        ****     
  39:main.c        ****     //Enabling I2C and the interrupts
  40:main.c        ****     I2C_Start();    
  88              		.loc 1 40 0
  89              		.thumb
  90              		.syntax unified
  91 000c FFF7FEFF 		bl	I2C_Start
  92              	.LVL4:
  41:main.c        ****       
  42:main.c        ****     //Debugging variables
  43:main.c        ****     volatile uint16 MasterStatus;
  44:main.c        ****     volatile uint8 checkWrite;
  45:main.c        ****     
  46:main.c        ****     //Define variables to hold data. Volatile so it does not get eliminated by the optimizer from t
  47:main.c        ****     volatile uint8 deviceID;
  48:main.c        ****     volatile uint8 XoutH;
  49:main.c        ****     volatile uint8 XoutL;
  50:main.c        ****     
  51:main.c        ****     volatile uint8 ACCEL_X_L;
  52:main.c        ****     volatile uint8 ACCEL_X_H;
  53:main.c        ****     volatile uint8 ACCEL_Y_L;
  54:main.c        ****     volatile uint8 ACCEL_Y_H;
  55:main.c        ****     volatile uint8 ACCEL_Z_L;
  56:main.c        ****     volatile uint8 ACCEL_Z_H;
  57:main.c        ****     
  58:main.c        ****     volatile double ACCEL_X;
  59:main.c        ****     volatile double ACCEL_Y;
  60:main.c        ****     volatile double ACCEL_Z;
  61:main.c        ****     
  62:main.c        ****     volatile uint8 GYRO_X_L;
  63:main.c        ****     volatile uint8 GYRO_X_H;
  64:main.c        ****     volatile uint8 GYRO_Y_L;
  65:main.c        ****     volatile uint8 GYRO_Y_H;
  66:main.c        ****     volatile uint8 GYRO_Z_L;
  67:main.c        ****     volatile uint8 GYRO_Z_H;
  68:main.c        ****     
  69:main.c        ****     volatile double GYRO_X;
  70:main.c        ****     volatile double GYRO_Y;
  71:main.c        ****     volatile double GYRO_Z;
  72:main.c        ****     
  73:main.c        ****     //Variable to catch ADC output (2 bytes)
  74:main.c        ****     volatile uint8 ADC_Data_H;
  75:main.c        ****     volatile uint8 ADC_Data_L;
  76:main.c        ****     
  77:main.c        ****     
  78:main.c        ****     //Accel User Bank 0 to perform reset.
  79:main.c        ****     accel_WriteReg(REG_BANK_SEL,BANK0); 
ARM GAS  C:\Users\johnn\AppData\Local\Temp\ccAJfIRe.s 			page 4


  93              		.loc 1 79 0
  94 0010 0021     		movs	r1, #0
  95 0012 7F20     		movs	r0, #127
  96 0014 FFF7FEFF 		bl	accel_WriteReg
  97              	.LVL5:
  80:main.c        ****     MasterStatus = I2C_I2CMasterStatus();
  98              		.loc 1 80 0
  99 0018 FFF7FEFF 		bl	I2C_I2CMasterStatus
 100              	.LVL6:
 101 001c 80B2     		uxth	r0, r0
 102 001e 4E25     		movs	r5, #78
 103 0020 6D44     		add	r5, r5, sp
 104 0022 2880     		strh	r0, [r5]
  81:main.c        ****     checkWrite = accel_ReadReg(PWR_MGMT_1);
 105              		.loc 1 81 0
 106 0024 0620     		movs	r0, #6
 107 0026 FFF7FEFF 		bl	accel_ReadReg
 108              	.LVL7:
 109 002a 4D24     		movs	r4, #77
 110 002c 6C44     		add	r4, r4, sp
 111 002e 2070     		strb	r0, [r4]
  82:main.c        ****     //Start by resetting power management 1
  83:main.c        ****     accel_WriteReg(PWR_MGMT_1,0x80u);
 112              		.loc 1 83 0
 113 0030 8021     		movs	r1, #128
 114 0032 0620     		movs	r0, #6
 115 0034 FFF7FEFF 		bl	accel_WriteReg
 116              	.LVL8:
  84:main.c        ****     //Delay for restart
  85:main.c        ****     CyDelay(0x01u);
 117              		.loc 1 85 0
 118 0038 0120     		movs	r0, #1
 119 003a FFF7FEFF 		bl	CyDelay
 120              	.LVL9:
  86:main.c        ****     checkWrite = accel_ReadReg(PWR_MGMT_1);
 121              		.loc 1 86 0
 122 003e 0620     		movs	r0, #6
 123 0040 FFF7FEFF 		bl	accel_ReadReg
 124              	.LVL10:
 125 0044 2070     		strb	r0, [r4]
  87:main.c        ****     //Auto set clock
  88:main.c        ****     accel_WriteReg(PWR_MGMT_1,0x01u);
 126              		.loc 1 88 0
 127 0046 0121     		movs	r1, #1
 128 0048 0620     		movs	r0, #6
 129 004a FFF7FEFF 		bl	accel_WriteReg
 130              	.LVL11:
  89:main.c        ****     checkWrite = accel_ReadReg(PWR_MGMT_1);
 131              		.loc 1 89 0
 132 004e 0620     		movs	r0, #6
 133 0050 FFF7FEFF 		bl	accel_ReadReg
 134              	.LVL12:
 135 0054 2070     		strb	r0, [r4]
  90:main.c        ****     
  91:main.c        ****     checkWrite = accel_ReadReg(REG_BANK_SEL);
 136              		.loc 1 91 0
 137 0056 7F20     		movs	r0, #127
ARM GAS  C:\Users\johnn\AppData\Local\Temp\ccAJfIRe.s 			page 5


 138 0058 FFF7FEFF 		bl	accel_ReadReg
 139              	.LVL13:
 140 005c 2070     		strb	r0, [r4]
  92:main.c        ****     //Accel User Bank 2 to configure GYRO
  93:main.c        ****     accel_WriteReg(REG_BANK_SEL,BANK2);
 141              		.loc 1 93 0
 142 005e 3221     		movs	r1, #50
 143 0060 7F20     		movs	r0, #127
 144 0062 FFF7FEFF 		bl	accel_WriteReg
 145              	.LVL14:
  94:main.c        ****     checkWrite = accel_ReadReg(REG_BANK_SEL);
 146              		.loc 1 94 0
 147 0066 7F20     		movs	r0, #127
 148 0068 FFF7FEFF 		bl	accel_ReadReg
 149              	.LVL15:
 150 006c 2070     		strb	r0, [r4]
  95:main.c        ****     
  96:main.c        ****     //LPF Disabled. Gyro Full Scale Select +-250dps (131 division).
  97:main.c        ****     accel_WriteReg(GYRO_CONFIG_1,0x00u);
 151              		.loc 1 97 0
 152 006e 0021     		movs	r1, #0
 153 0070 0120     		movs	r0, #1
 154 0072 FFF7FEFF 		bl	accel_WriteReg
 155              	.LVL16:
  98:main.c        ****     //Debug point 1
  99:main.c        ****     checkWrite = accel_ReadReg(GYRO_CONFIG_1);
 156              		.loc 1 99 0
 157 0076 0120     		movs	r0, #1
 158 0078 FFF7FEFF 		bl	accel_ReadReg
 159              	.LVL17:
 160 007c 2070     		strb	r0, [r4]
 100:main.c        ****     
 101:main.c        ****     //±4g Full Scale (8192 Division)
 102:main.c        ****     accel_WriteReg(ACCEL_CONFIG_1,0x06u);
 161              		.loc 1 102 0
 162 007e 0621     		movs	r1, #6
 163 0080 1420     		movs	r0, #20
 164 0082 FFF7FEFF 		bl	accel_WriteReg
 165              	.LVL18:
 103:main.c        ****     checkWrite = accel_ReadReg(ACCEL_CONFIG_1);
 166              		.loc 1 103 0
 167 0086 1420     		movs	r0, #20
 168 0088 FFF7FEFF 		bl	accel_ReadReg
 169              	.LVL19:
 170 008c 2070     		strb	r0, [r4]
 104:main.c        ****     
 105:main.c        ****     //Accel User Bank 0 to configure the rest and to allow reading of accel and gyro in Bank 0.
 106:main.c        ****     accel_WriteReg(REG_BANK_SEL,BANK0); 
 171              		.loc 1 106 0
 172 008e 0021     		movs	r1, #0
 173 0090 7F20     		movs	r0, #127
 174 0092 FFF7FEFF 		bl	accel_WriteReg
 175              	.LVL20:
 107:main.c        ****     
 108:main.c        ****     MasterStatus = I2C_I2CMasterStatus();
 176              		.loc 1 108 0
 177 0096 FFF7FEFF 		bl	I2C_I2CMasterStatus
ARM GAS  C:\Users\johnn\AppData\Local\Temp\ccAJfIRe.s 			page 6


 178              	.LVL21:
 179 009a 80B2     		uxth	r0, r0
 180 009c 2880     		strh	r0, [r5]
 109:main.c        ****     
 110:main.c        ****     //Enable all accel and gyro
 111:main.c        ****     accel_WriteReg(PWR_MGMT_2,0x00u);
 181              		.loc 1 111 0
 182 009e 0021     		movs	r1, #0
 183 00a0 0720     		movs	r0, #7
 184 00a2 FFF7FEFF 		bl	accel_WriteReg
 185              	.LVL22:
 112:main.c        ****     MasterStatus = I2C_I2CMasterStatus();
 186              		.loc 1 112 0
 187 00a6 FFF7FEFF 		bl	I2C_I2CMasterStatus
 188              	.LVL23:
 189 00aa 80B2     		uxth	r0, r0
 190 00ac 2880     		strh	r0, [r5]
 113:main.c        **** 
 114:main.c        ****     //Write checks
 115:main.c        ****     checkWrite = accel_ReadReg(PWR_MGMT_1);
 191              		.loc 1 115 0
 192 00ae 0620     		movs	r0, #6
 193 00b0 FFF7FEFF 		bl	accel_ReadReg
 194              	.LVL24:
 195 00b4 2070     		strb	r0, [r4]
 116:main.c        ****     checkWrite = accel_ReadReg(PWR_MGMT_2);
 196              		.loc 1 116 0
 197 00b6 0720     		movs	r0, #7
 198 00b8 FFF7FEFF 		bl	accel_ReadReg
 199              	.LVL25:
 200 00bc 2070     		strb	r0, [r4]
 117:main.c        **** 
 118:main.c        ****     //Reset config to default
 119:main.c        ****     //ADC_Manual_Write(0x84u,0x83u);
 120:main.c        ****     ADC_WriteReg(0x84u,0x83u);
 201              		.loc 1 120 0
 202 00be 8321     		movs	r1, #131
 203 00c0 8420     		movs	r0, #132
 204 00c2 FFF7FEFF 		bl	ADC_WriteReg
 205              	.LVL26:
 206              	.L5:
 207              	.LBB2:
 121:main.c        ****     for(;;)
 122:main.c        ****     {
 123:main.c        ****         //BLE Processes
 124:main.c        ****         CyBle_ProcessEvents();
 208              		.loc 1 124 0 discriminator 1
 209 00c6 FFF7FEFF 		bl	CyBle_ProcessEvents
 210              	.LVL27:
 125:main.c        ****         
 126:main.c        ****         //=========================================================================================
 127:main.c        ****         //Accelerometer Section 
 128:main.c        ****        
 129:main.c        ****         //Testing the accel device ID
 130:main.c        ****         deviceID = accel_ReadReg(ACC_WHO_AM_I);//Expect 0xEA
 211              		.loc 1 130 0 discriminator 1
 212 00ca 0020     		movs	r0, #0
ARM GAS  C:\Users\johnn\AppData\Local\Temp\ccAJfIRe.s 			page 7


 213 00cc FFF7FEFF 		bl	accel_ReadReg
 214              	.LVL28:
 215 00d0 13AB     		add	r3, sp, #76
 216 00d2 1870     		strb	r0, [r3]
 131:main.c        ****         
 132:main.c        ****         //ACCEL Aquisition
 133:main.c        ****         ACCEL_X_L = accel_ReadReg(ACCEL_XOUT_L);
 217              		.loc 1 133 0 discriminator 1
 218 00d4 2E20     		movs	r0, #46
 219 00d6 FFF7FEFF 		bl	accel_ReadReg
 220              	.LVL29:
 221 00da 4B26     		movs	r6, #75
 222 00dc 6E44     		add	r6, r6, sp
 223 00de 3070     		strb	r0, [r6]
 134:main.c        ****         ACCEL_X_H = accel_ReadReg(ACCEL_XOUT_H);
 224              		.loc 1 134 0 discriminator 1
 225 00e0 2D20     		movs	r0, #45
 226 00e2 FFF7FEFF 		bl	accel_ReadReg
 227              	.LVL30:
 228 00e6 4A27     		movs	r7, #74
 229 00e8 6F44     		add	r7, r7, sp
 230 00ea 3870     		strb	r0, [r7]
 135:main.c        ****         ACCEL_Y_L = accel_ReadReg(ACCEL_YOUT_L);
 231              		.loc 1 135 0 discriminator 1
 232 00ec 3020     		movs	r0, #48
 233 00ee FFF7FEFF 		bl	accel_ReadReg
 234              	.LVL31:
 235 00f2 4924     		movs	r4, #73
 236 00f4 6C44     		add	r4, r4, sp
 237 00f6 2070     		strb	r0, [r4]
 136:main.c        ****         ACCEL_Y_H = accel_ReadReg(ACCEL_YOUT_H);
 238              		.loc 1 136 0 discriminator 1
 239 00f8 2F20     		movs	r0, #47
 240 00fa FFF7FEFF 		bl	accel_ReadReg
 241              	.LVL32:
 242 00fe 12AD     		add	r5, sp, #72
 243 0100 2870     		strb	r0, [r5]
 137:main.c        ****         ACCEL_Z_L = accel_ReadReg(ACCEL_ZOUT_L);
 244              		.loc 1 137 0 discriminator 1
 245 0102 3220     		movs	r0, #50
 246 0104 FFF7FEFF 		bl	accel_ReadReg
 247              	.LVL33:
 248 0108 6B46     		mov	r3, sp
 249 010a 4722     		movs	r2, #71
 250 010c 9B18     		adds	r3, r3, r2
 251 010e 1870     		strb	r0, [r3]
 138:main.c        ****         ACCEL_Z_H = accel_ReadReg(ACCEL_ZOUT_H);
 252              		.loc 1 138 0 discriminator 1
 253 0110 3120     		movs	r0, #49
 254 0112 FFF7FEFF 		bl	accel_ReadReg
 255              	.LVL34:
 256 0116 6B46     		mov	r3, sp
 257 0118 4622     		movs	r2, #70
 258 011a 9B18     		adds	r3, r3, r2
 259 011c 1870     		strb	r0, [r3]
 139:main.c        ****         
 140:main.c        ****         ACCEL_X = ((ACCEL_X_H << 8) | ACCEL_X_L)/2048.0;
ARM GAS  C:\Users\johnn\AppData\Local\Temp\ccAJfIRe.s 			page 8


 260              		.loc 1 140 0 discriminator 1
 261 011e 3878     		ldrb	r0, [r7]
 262 0120 0002     		lsls	r0, r0, #8
 263 0122 3378     		ldrb	r3, [r6]
 264 0124 1843     		orrs	r0, r3
 265 0126 FFF7FEFF 		bl	__aeabi_i2d
 266              	.LVL35:
 267 012a 0022     		movs	r2, #0
 268 012c FD23     		movs	r3, #253
 269 012e 9B05     		lsls	r3, r3, #22
 270 0130 FFF7FEFF 		bl	__aeabi_dmul
 271              	.LVL36:
 272 0134 0E90     		str	r0, [sp, #56]
 273 0136 0F91     		str	r1, [sp, #60]
 141:main.c        ****         ACCEL_Y = ((ACCEL_Y_H << 8) | ACCEL_Y_L)/2048.0;
 274              		.loc 1 141 0 discriminator 1
 275 0138 2878     		ldrb	r0, [r5]
 276 013a 0002     		lsls	r0, r0, #8
 277 013c 2378     		ldrb	r3, [r4]
 278 013e 1843     		orrs	r0, r3
 279 0140 FFF7FEFF 		bl	__aeabi_i2d
 280              	.LVL37:
 281 0144 0022     		movs	r2, #0
 282 0146 FD23     		movs	r3, #253
 283 0148 9B05     		lsls	r3, r3, #22
 284 014a FFF7FEFF 		bl	__aeabi_dmul
 285              	.LVL38:
 286 014e 0C90     		str	r0, [sp, #48]
 287 0150 0D91     		str	r1, [sp, #52]
 142:main.c        ****         ACCEL_Z = ((ACCEL_Z_H << 8) | ACCEL_Z_L)/2048.0;
 288              		.loc 1 142 0 discriminator 1
 289 0152 6B46     		mov	r3, sp
 290 0154 4622     		movs	r2, #70
 291 0156 9B18     		adds	r3, r3, r2
 292 0158 1878     		ldrb	r0, [r3]
 293 015a 0002     		lsls	r0, r0, #8
 294 015c 6B46     		mov	r3, sp
 295 015e 0132     		adds	r2, r2, #1
 296 0160 9B18     		adds	r3, r3, r2
 297 0162 1B78     		ldrb	r3, [r3]
 298 0164 1843     		orrs	r0, r3
 299 0166 FFF7FEFF 		bl	__aeabi_i2d
 300              	.LVL39:
 301 016a 0022     		movs	r2, #0
 302 016c FD23     		movs	r3, #253
 303 016e 9B05     		lsls	r3, r3, #22
 304 0170 FFF7FEFF 		bl	__aeabi_dmul
 305              	.LVL40:
 306 0174 0A90     		str	r0, [sp, #40]
 307 0176 0B91     		str	r1, [sp, #44]
 143:main.c        ****         
 144:main.c        ****         
 145:main.c        ****         //GYRO Aquisition
 146:main.c        ****         GYRO_X_L = accel_ReadReg(GYRO_XOUT_L);
 308              		.loc 1 146 0 discriminator 1
 309 0178 3420     		movs	r0, #52
 310 017a FFF7FEFF 		bl	accel_ReadReg
ARM GAS  C:\Users\johnn\AppData\Local\Temp\ccAJfIRe.s 			page 9


 311              	.LVL41:
 312 017e 2726     		movs	r6, #39
 313 0180 6E44     		add	r6, r6, sp
 314 0182 3070     		strb	r0, [r6]
 147:main.c        ****         GYRO_X_H = accel_ReadReg(GYRO_XOUT_H);
 315              		.loc 1 147 0 discriminator 1
 316 0184 3320     		movs	r0, #51
 317 0186 FFF7FEFF 		bl	accel_ReadReg
 318              	.LVL42:
 319 018a 2627     		movs	r7, #38
 320 018c 6F44     		add	r7, r7, sp
 321 018e 3870     		strb	r0, [r7]
 148:main.c        ****         GYRO_Y_L = accel_ReadReg(GYRO_YOUT_L);
 322              		.loc 1 148 0 discriminator 1
 323 0190 3620     		movs	r0, #54
 324 0192 FFF7FEFF 		bl	accel_ReadReg
 325              	.LVL43:
 326 0196 2524     		movs	r4, #37
 327 0198 6C44     		add	r4, r4, sp
 328 019a 2070     		strb	r0, [r4]
 149:main.c        ****         GYRO_Y_H = accel_ReadReg(GYRO_YOUT_H);
 329              		.loc 1 149 0 discriminator 1
 330 019c 3520     		movs	r0, #53
 331 019e FFF7FEFF 		bl	accel_ReadReg
 332              	.LVL44:
 333 01a2 09AD     		add	r5, sp, #36
 334 01a4 2870     		strb	r0, [r5]
 150:main.c        ****         GYRO_Z_L = accel_ReadReg(GYRO_ZOUT_L);
 335              		.loc 1 150 0 discriminator 1
 336 01a6 3820     		movs	r0, #56
 337 01a8 FFF7FEFF 		bl	accel_ReadReg
 338              	.LVL45:
 339 01ac 6B46     		mov	r3, sp
 340 01ae 2322     		movs	r2, #35
 341 01b0 9B18     		adds	r3, r3, r2
 342 01b2 1870     		strb	r0, [r3]
 151:main.c        ****         GYRO_Z_H = accel_ReadReg(GYRO_ZOUT_H);
 343              		.loc 1 151 0 discriminator 1
 344 01b4 3720     		movs	r0, #55
 345 01b6 FFF7FEFF 		bl	accel_ReadReg
 346              	.LVL46:
 347 01ba 6B46     		mov	r3, sp
 348 01bc 2222     		movs	r2, #34
 349 01be 9B18     		adds	r3, r3, r2
 350 01c0 1870     		strb	r0, [r3]
 152:main.c        ****         
 153:main.c        ****         GYRO_X = ((GYRO_X_H << 8) | GYRO_X_L)/131.0;
 351              		.loc 1 153 0 discriminator 1
 352 01c2 3878     		ldrb	r0, [r7]
 353 01c4 0002     		lsls	r0, r0, #8
 354 01c6 3378     		ldrb	r3, [r6]
 355 01c8 1843     		orrs	r0, r3
 356 01ca FFF7FEFF 		bl	__aeabi_i2d
 357              	.LVL47:
 358 01ce 0022     		movs	r2, #0
 359 01d0 164B     		ldr	r3, .L6+4
 360 01d2 FFF7FEFF 		bl	__aeabi_ddiv
ARM GAS  C:\Users\johnn\AppData\Local\Temp\ccAJfIRe.s 			page 10


 361              	.LVL48:
 362 01d6 0690     		str	r0, [sp, #24]
 363 01d8 0791     		str	r1, [sp, #28]
 154:main.c        ****         GYRO_Y = ((GYRO_Y_H << 8) | GYRO_Y_L)/131.0;
 364              		.loc 1 154 0 discriminator 1
 365 01da 2878     		ldrb	r0, [r5]
 366 01dc 0002     		lsls	r0, r0, #8
 367 01de 2378     		ldrb	r3, [r4]
 368 01e0 1843     		orrs	r0, r3
 369 01e2 FFF7FEFF 		bl	__aeabi_i2d
 370              	.LVL49:
 371 01e6 0022     		movs	r2, #0
 372 01e8 104B     		ldr	r3, .L6+4
 373 01ea FFF7FEFF 		bl	__aeabi_ddiv
 374              	.LVL50:
 375 01ee 0490     		str	r0, [sp, #16]
 376 01f0 0591     		str	r1, [sp, #20]
 155:main.c        ****         GYRO_Z = ((GYRO_Z_H << 8) | GYRO_Z_L)/131.0;
 377              		.loc 1 155 0 discriminator 1
 378 01f2 6B46     		mov	r3, sp
 379 01f4 2222     		movs	r2, #34
 380 01f6 9B18     		adds	r3, r3, r2
 381 01f8 1878     		ldrb	r0, [r3]
 382 01fa 0002     		lsls	r0, r0, #8
 383 01fc 6B46     		mov	r3, sp
 384 01fe 0132     		adds	r2, r2, #1
 385 0200 9B18     		adds	r3, r3, r2
 386 0202 1B78     		ldrb	r3, [r3]
 387 0204 1843     		orrs	r0, r3
 388 0206 FFF7FEFF 		bl	__aeabi_i2d
 389              	.LVL51:
 390 020a 0022     		movs	r2, #0
 391 020c 074B     		ldr	r3, .L6+4
 392 020e FFF7FEFF 		bl	__aeabi_ddiv
 393              	.LVL52:
 394 0212 0290     		str	r0, [sp, #8]
 395 0214 0391     		str	r1, [sp, #12]
 156:main.c        ****      
 157:main.c        ****         //Random delay intented for limiting data collection rate.
 158:main.c        ****         CyDelay(0x64);
 396              		.loc 1 158 0 discriminator 1
 397 0216 6420     		movs	r0, #100
 398 0218 FFF7FEFF 		bl	CyDelay
 399              	.LVL53:
 159:main.c        ****         
 160:main.c        ****         //=========================================================================================
 161:main.c        ****         //ADC Section
 162:main.c        ****         
 163:main.c        ****         //Read conversion result. Using manual read. (Doesn't work yet)
 164:main.c        ****         //volatile uint16 ADC_Data_Buffer = ADC_Manual_Read();
 165:main.c        ****         
 166:main.c        ****         //Read conversion result. (Raw data)
 167:main.c        ****         volatile uint16 ADC_Data_Buffer = ADC_ReadReg();
 400              		.loc 1 167 0 discriminator 1
 401 021c FFF7FEFF 		bl	ADC_ReadReg
 402              	.LVL54:
 403 0220 6B46     		mov	r3, sp
ARM GAS  C:\Users\johnn\AppData\Local\Temp\ccAJfIRe.s 			page 11


 404 0222 D880     		strh	r0, [r3, #6]
 405 0224 4FE7     		b	.L5
 406              	.L7:
 407 0226 C046     		.align	2
 408              	.L6:
 409 0228 00000000 		.word	Stack_Handler
 410 022c 00606040 		.word	1080057856
 411              	.LBE2:
 412              		.cfi_endproc
 413              	.LFE36:
 414              		.size	main, .-main
 415              		.text
 416              	.Letext0:
 417              		.file 2 "Generated_Source\\PSoC4/cytypes.h"
 418              		.file 3 "Generated_Source\\PSoC4/BLE_1.h"
 419              		.file 4 "Generated_Source\\PSoC4/BLE_1_Stack.h"
 420              		.file 5 "./JI2C.h"
 421              		.file 6 "Generated_Source\\PSoC4/CyLib.h"
 422              		.file 7 "Generated_Source\\PSoC4/I2C.h"
 423              		.file 8 "Generated_Source\\PSoC4/I2C_I2C.h"
 424              		.section	.debug_info,"",%progbits
 425              	.Ldebug_info0:
 426 0000 C4070000 		.4byte	0x7c4
 427 0004 0400     		.2byte	0x4
 428 0006 00000000 		.4byte	.Ldebug_abbrev0
 429 000a 04       		.byte	0x4
 430 000b 01       		.uleb128 0x1
 431 000c 31010000 		.4byte	.LASF127
 432 0010 0C       		.byte	0xc
 433 0011 90050000 		.4byte	.LASF128
 434 0015 42080000 		.4byte	.LASF129
 435 0019 00000000 		.4byte	.Ldebug_ranges0+0
 436 001d 00000000 		.4byte	0
 437 0021 00000000 		.4byte	.Ldebug_line0
 438 0025 02       		.uleb128 0x2
 439 0026 01       		.byte	0x1
 440 0027 06       		.byte	0x6
 441 0028 81020000 		.4byte	.LASF0
 442 002c 02       		.uleb128 0x2
 443 002d 01       		.byte	0x1
 444 002e 08       		.byte	0x8
 445 002f BD080000 		.4byte	.LASF1
 446 0033 02       		.uleb128 0x2
 447 0034 02       		.byte	0x2
 448 0035 05       		.byte	0x5
 449 0036 EF080000 		.4byte	.LASF2
 450 003a 02       		.uleb128 0x2
 451 003b 02       		.byte	0x2
 452 003c 07       		.byte	0x7
 453 003d 920A0000 		.4byte	.LASF3
 454 0041 02       		.uleb128 0x2
 455 0042 04       		.byte	0x4
 456 0043 05       		.byte	0x5
 457 0044 28010000 		.4byte	.LASF4
 458 0048 02       		.uleb128 0x2
 459 0049 04       		.byte	0x4
 460 004a 07       		.byte	0x7
ARM GAS  C:\Users\johnn\AppData\Local\Temp\ccAJfIRe.s 			page 12


 461 004b 53040000 		.4byte	.LASF5
 462 004f 02       		.uleb128 0x2
 463 0050 08       		.byte	0x8
 464 0051 05       		.byte	0x5
 465 0052 73020000 		.4byte	.LASF6
 466 0056 02       		.uleb128 0x2
 467 0057 08       		.byte	0x8
 468 0058 07       		.byte	0x7
 469 0059 BF010000 		.4byte	.LASF7
 470 005d 03       		.uleb128 0x3
 471 005e 04       		.byte	0x4
 472 005f 05       		.byte	0x5
 473 0060 696E7400 		.ascii	"int\000"
 474 0064 02       		.uleb128 0x2
 475 0065 04       		.byte	0x4
 476 0066 07       		.byte	0x7
 477 0067 27040000 		.4byte	.LASF8
 478 006b 04       		.uleb128 0x4
 479 006c 55030000 		.4byte	.LASF9
 480 0070 02       		.byte	0x2
 481 0071 E401     		.2byte	0x1e4
 482 0073 2C000000 		.4byte	0x2c
 483 0077 04       		.uleb128 0x4
 484 0078 3F000000 		.4byte	.LASF10
 485 007c 02       		.byte	0x2
 486 007d E501     		.2byte	0x1e5
 487 007f 3A000000 		.4byte	0x3a
 488 0083 04       		.uleb128 0x4
 489 0084 8F030000 		.4byte	.LASF11
 490 0088 02       		.byte	0x2
 491 0089 E601     		.2byte	0x1e6
 492 008b 48000000 		.4byte	0x48
 493 008f 02       		.uleb128 0x2
 494 0090 04       		.byte	0x4
 495 0091 04       		.byte	0x4
 496 0092 7C080000 		.4byte	.LASF12
 497 0096 02       		.uleb128 0x2
 498 0097 08       		.byte	0x8
 499 0098 04       		.byte	0x4
 500 0099 7A030000 		.4byte	.LASF13
 501 009d 02       		.uleb128 0x2
 502 009e 01       		.byte	0x1
 503 009f 08       		.byte	0x8
 504 00a0 FA090000 		.4byte	.LASF14
 505 00a4 05       		.uleb128 0x5
 506 00a5 6B000000 		.4byte	0x6b
 507 00a9 05       		.uleb128 0x5
 508 00aa 77000000 		.4byte	0x77
 509 00ae 02       		.uleb128 0x2
 510 00af 08       		.byte	0x8
 511 00b0 04       		.byte	0x4
 512 00b1 13070000 		.4byte	.LASF15
 513 00b5 02       		.uleb128 0x2
 514 00b6 04       		.byte	0x4
 515 00b7 07       		.byte	0x7
 516 00b8 0A070000 		.4byte	.LASF16
 517 00bc 06       		.uleb128 0x6
ARM GAS  C:\Users\johnn\AppData\Local\Temp\ccAJfIRe.s 			page 13


 518 00bd 04       		.byte	0x4
 519 00be 07       		.uleb128 0x7
 520 00bf 01       		.byte	0x1
 521 00c0 2C000000 		.4byte	0x2c
 522 00c4 04       		.byte	0x4
 523 00c5 3201     		.2byte	0x132
 524 00c7 7C020000 		.4byte	0x27c
 525 00cb 08       		.uleb128 0x8
 526 00cc FF040000 		.4byte	.LASF17
 527 00d0 00       		.byte	0
 528 00d1 08       		.uleb128 0x8
 529 00d2 8D020000 		.4byte	.LASF18
 530 00d6 01       		.byte	0x1
 531 00d7 08       		.uleb128 0x8
 532 00d8 16010000 		.4byte	.LASF19
 533 00dc 02       		.byte	0x2
 534 00dd 08       		.uleb128 0x8
 535 00de 790A0000 		.4byte	.LASF20
 536 00e2 03       		.byte	0x3
 537 00e3 08       		.uleb128 0x8
 538 00e4 D6010000 		.4byte	.LASF21
 539 00e8 04       		.byte	0x4
 540 00e9 08       		.uleb128 0x8
 541 00ea 23000000 		.4byte	.LASF22
 542 00ee 05       		.byte	0x5
 543 00ef 08       		.uleb128 0x8
 544 00f0 34050000 		.4byte	.LASF23
 545 00f4 06       		.byte	0x6
 546 00f5 08       		.uleb128 0x8
 547 00f6 5E060000 		.4byte	.LASF24
 548 00fa 20       		.byte	0x20
 549 00fb 08       		.uleb128 0x8
 550 00fc BF020000 		.4byte	.LASF25
 551 0100 21       		.byte	0x21
 552 0101 08       		.uleb128 0x8
 553 0102 4D050000 		.4byte	.LASF26
 554 0106 22       		.byte	0x22
 555 0107 08       		.uleb128 0x8
 556 0108 01060000 		.4byte	.LASF27
 557 010c 23       		.byte	0x23
 558 010d 08       		.uleb128 0x8
 559 010e B6070000 		.4byte	.LASF28
 560 0112 24       		.byte	0x24
 561 0113 08       		.uleb128 0x8
 562 0114 1F070000 		.4byte	.LASF29
 563 0118 25       		.byte	0x25
 564 0119 08       		.uleb128 0x8
 565 011a 2D030000 		.4byte	.LASF30
 566 011e 26       		.byte	0x26
 567 011f 08       		.uleb128 0x8
 568 0120 71050000 		.4byte	.LASF31
 569 0124 27       		.byte	0x27
 570 0125 08       		.uleb128 0x8
 571 0126 FF090000 		.4byte	.LASF32
 572 012a 28       		.byte	0x28
 573 012b 08       		.uleb128 0x8
 574 012c 2D020000 		.4byte	.LASF33
ARM GAS  C:\Users\johnn\AppData\Local\Temp\ccAJfIRe.s 			page 14


 575 0130 29       		.byte	0x29
 576 0131 08       		.uleb128 0x8
 577 0132 65000000 		.4byte	.LASF34
 578 0136 2A       		.byte	0x2a
 579 0137 08       		.uleb128 0x8
 580 0138 A0020000 		.4byte	.LASF35
 581 013c 2B       		.byte	0x2b
 582 013d 08       		.uleb128 0x8
 583 013e 440B0000 		.4byte	.LASF36
 584 0142 2C       		.byte	0x2c
 585 0143 08       		.uleb128 0x8
 586 0144 4A020000 		.4byte	.LASF37
 587 0148 2D       		.byte	0x2d
 588 0149 08       		.uleb128 0x8
 589 014a CB080000 		.4byte	.LASF38
 590 014e 2E       		.byte	0x2e
 591 014f 08       		.uleb128 0x8
 592 0150 AF000000 		.4byte	.LASF39
 593 0154 2F       		.byte	0x2f
 594 0155 08       		.uleb128 0x8
 595 0156 7E070000 		.4byte	.LASF40
 596 015a 30       		.byte	0x30
 597 015b 08       		.uleb128 0x8
 598 015c E20B0000 		.4byte	.LASF41
 599 0160 31       		.byte	0x31
 600 0161 08       		.uleb128 0x8
 601 0162 5D070000 		.4byte	.LASF42
 602 0166 32       		.byte	0x32
 603 0167 08       		.uleb128 0x8
 604 0168 A9090000 		.4byte	.LASF43
 605 016c 33       		.byte	0x33
 606 016d 08       		.uleb128 0x8
 607 016e 65040000 		.4byte	.LASF44
 608 0172 34       		.byte	0x34
 609 0173 08       		.uleb128 0x8
 610 0174 E8030000 		.4byte	.LASF45
 611 0178 35       		.byte	0x35
 612 0179 08       		.uleb128 0x8
 613 017a B1050000 		.4byte	.LASF46
 614 017e 36       		.byte	0x36
 615 017f 08       		.uleb128 0x8
 616 0180 96060000 		.4byte	.LASF47
 617 0184 37       		.byte	0x37
 618 0185 08       		.uleb128 0x8
 619 0186 8F090000 		.4byte	.LASF48
 620 018a 40       		.byte	0x40
 621 018b 08       		.uleb128 0x8
 622 018c 27060000 		.4byte	.LASF49
 623 0190 41       		.byte	0x41
 624 0191 08       		.uleb128 0x8
 625 0192 9F080000 		.4byte	.LASF50
 626 0196 42       		.byte	0x42
 627 0197 08       		.uleb128 0x8
 628 0198 D40A0000 		.4byte	.LASF51
 629 019c 43       		.byte	0x43
 630 019d 08       		.uleb128 0x8
 631 019e 87040000 		.4byte	.LASF52
ARM GAS  C:\Users\johnn\AppData\Local\Temp\ccAJfIRe.s 			page 15


 632 01a2 44       		.byte	0x44
 633 01a3 08       		.uleb128 0x8
 634 01a4 1B080000 		.4byte	.LASF53
 635 01a8 45       		.byte	0x45
 636 01a9 08       		.uleb128 0x8
 637 01aa E9060000 		.4byte	.LASF54
 638 01ae 46       		.byte	0x46
 639 01af 08       		.uleb128 0x8
 640 01b0 16050000 		.4byte	.LASF55
 641 01b4 47       		.byte	0x47
 642 01b5 08       		.uleb128 0x8
 643 01b6 AD0A0000 		.4byte	.LASF56
 644 01ba 48       		.byte	0x48
 645 01bb 08       		.uleb128 0x8
 646 01bc E1020000 		.4byte	.LASF57
 647 01c0 49       		.byte	0x49
 648 01c1 08       		.uleb128 0x8
 649 01c2 0A0B0000 		.4byte	.LASF58
 650 01c6 4A       		.byte	0x4a
 651 01c7 08       		.uleb128 0x8
 652 01c8 D8000000 		.4byte	.LASF59
 653 01cc 4B       		.byte	0x4b
 654 01cd 08       		.uleb128 0x8
 655 01ce 97050000 		.4byte	.LASF60
 656 01d2 4C       		.byte	0x4c
 657 01d3 08       		.uleb128 0x8
 658 01d4 43070000 		.4byte	.LASF61
 659 01d8 4D       		.byte	0x4d
 660 01d9 08       		.uleb128 0x8
 661 01da 0F030000 		.4byte	.LASF62
 662 01de 4E       		.byte	0x4e
 663 01df 08       		.uleb128 0x8
 664 01e0 41090000 		.4byte	.LASF63
 665 01e4 4F       		.byte	0x4f
 666 01e5 08       		.uleb128 0x8
 667 01e6 F7000000 		.4byte	.LASF64
 668 01ea 50       		.byte	0x50
 669 01eb 08       		.uleb128 0x8
 670 01ec 5B030000 		.4byte	.LASF65
 671 01f0 51       		.byte	0x51
 672 01f1 08       		.uleb128 0x8
 673 01f2 DC070000 		.4byte	.LASF66
 674 01f6 52       		.byte	0x52
 675 01f7 08       		.uleb128 0x8
 676 01f8 F9080000 		.4byte	.LASF67
 677 01fc 53       		.byte	0x53
 678 01fd 08       		.uleb128 0x8
 679 01fe 6E090000 		.4byte	.LASF68
 680 0202 54       		.byte	0x54
 681 0203 08       		.uleb128 0x8
 682 0204 A5040000 		.4byte	.LASF69
 683 0208 55       		.byte	0x55
 684 0209 08       		.uleb128 0x8
 685 020a 05040000 		.4byte	.LASF70
 686 020e 56       		.byte	0x56
 687 020f 08       		.uleb128 0x8
 688 0210 210A0000 		.4byte	.LASF71
ARM GAS  C:\Users\johnn\AppData\Local\Temp\ccAJfIRe.s 			page 16


 689 0214 57       		.byte	0x57
 690 0215 08       		.uleb128 0x8
 691 0216 D3040000 		.4byte	.LASF72
 692 021a 58       		.byte	0x58
 693 021b 08       		.uleb128 0x8
 694 021c 07020000 		.4byte	.LASF73
 695 0220 70       		.byte	0x70
 696 0221 08       		.uleb128 0x8
 697 0222 B70B0000 		.4byte	.LASF74
 698 0226 71       		.byte	0x71
 699 0227 08       		.uleb128 0x8
 700 0228 42060000 		.4byte	.LASF75
 701 022c 72       		.byte	0x72
 702 022d 08       		.uleb128 0x8
 703 022e CB060000 		.4byte	.LASF76
 704 0232 73       		.byte	0x73
 705 0233 08       		.uleb128 0x8
 706 0234 FD070000 		.4byte	.LASF77
 707 0238 74       		.byte	0x74
 708 0239 08       		.uleb128 0x8
 709 023a 780B0000 		.4byte	.LASF78
 710 023e 75       		.byte	0x75
 711 023f 08       		.uleb128 0x8
 712 0240 8E000000 		.4byte	.LASF79
 713 0244 76       		.byte	0x76
 714 0245 08       		.uleb128 0x8
 715 0246 46000000 		.4byte	.LASF80
 716 024a 77       		.byte	0x77
 717 024b 08       		.uleb128 0x8
 718 024c 00000000 		.4byte	.LASF81
 719 0250 78       		.byte	0x78
 720 0251 08       		.uleb128 0x8
 721 0252 500A0000 		.4byte	.LASF82
 722 0256 79       		.byte	0x79
 723 0257 08       		.uleb128 0x8
 724 0258 B0030000 		.4byte	.LASF83
 725 025c 7A       		.byte	0x7a
 726 025d 08       		.uleb128 0x8
 727 025e 990B0000 		.4byte	.LASF84
 728 0262 FA       		.byte	0xfa
 729 0263 08       		.uleb128 0x8
 730 0264 34040000 		.4byte	.LASF85
 731 0268 FB       		.byte	0xfb
 732 0269 08       		.uleb128 0x8
 733 026a 1A090000 		.4byte	.LASF86
 734 026e FC       		.byte	0xfc
 735 026f 08       		.uleb128 0x8
 736 0270 E2090000 		.4byte	.LASF87
 737 0274 FD       		.byte	0xfd
 738 0275 08       		.uleb128 0x8
 739 0276 A2030000 		.4byte	.LASF88
 740 027a FF       		.byte	0xff
 741 027b 00       		.byte	0
 742 027c 09       		.uleb128 0x9
 743 027d 81030000 		.4byte	.LASF130
 744 0281 01       		.byte	0x1
 745 0282 11       		.byte	0x11
ARM GAS  C:\Users\johnn\AppData\Local\Temp\ccAJfIRe.s 			page 17


 746 0283 00000000 		.4byte	.LFB35
 747 0287 12000000 		.4byte	.LFE35-.LFB35
 748 028b 01       		.uleb128 0x1
 749 028c 9C       		.byte	0x9c
 750 028d BF020000 		.4byte	0x2bf
 751 0291 0A       		.uleb128 0xa
 752 0292 FD010000 		.4byte	.LASF89
 753 0296 01       		.byte	0x1
 754 0297 11       		.byte	0x11
 755 0298 83000000 		.4byte	0x83
 756 029c 00000000 		.4byte	.LLST0
 757 02a0 0A       		.uleb128 0xa
 758 02a1 F20A0000 		.4byte	.LASF90
 759 02a5 01       		.byte	0x1
 760 02a6 11       		.byte	0x11
 761 02a7 BC000000 		.4byte	0xbc
 762 02ab 21000000 		.4byte	.LLST1
 763 02af 0B       		.uleb128 0xb
 764 02b0 10000000 		.4byte	.LVL2
 765 02b4 55070000 		.4byte	0x755
 766 02b8 0C       		.uleb128 0xc
 767 02b9 01       		.uleb128 0x1
 768 02ba 50       		.byte	0x50
 769 02bb 01       		.uleb128 0x1
 770 02bc 30       		.byte	0x30
 771 02bd 00       		.byte	0
 772 02be 00       		.byte	0
 773 02bf 0D       		.uleb128 0xd
 774 02c0 DD0B0000 		.4byte	.LASF131
 775 02c4 01       		.byte	0x1
 776 02c5 1B       		.byte	0x1b
 777 02c6 5D000000 		.4byte	0x5d
 778 02ca 00000000 		.4byte	.LFB36
 779 02ce 30020000 		.4byte	.LFE36-.LFB36
 780 02d2 01       		.uleb128 0x1
 781 02d3 9C       		.byte	0x9c
 782 02d4 50070000 		.4byte	0x750
 783 02d8 0E       		.uleb128 0xe
 784 02d9 9F070000 		.4byte	.LASF91
 785 02dd 01       		.byte	0x1
 786 02de 2B       		.byte	0x2b
 787 02df A9000000 		.4byte	0xa9
 788 02e3 02       		.uleb128 0x2
 789 02e4 91       		.byte	0x91
 790 02e5 66       		.sleb128 -26
 791 02e6 0E       		.uleb128 0xe
 792 02e7 F6050000 		.4byte	.LASF92
 793 02eb 01       		.byte	0x1
 794 02ec 2C       		.byte	0x2c
 795 02ed A4000000 		.4byte	0xa4
 796 02f1 02       		.uleb128 0x2
 797 02f2 91       		.byte	0x91
 798 02f3 65       		.sleb128 -27
 799 02f4 0E       		.uleb128 0xe
 800 02f5 F6040000 		.4byte	.LASF93
 801 02f9 01       		.byte	0x1
 802 02fa 2F       		.byte	0x2f
ARM GAS  C:\Users\johnn\AppData\Local\Temp\ccAJfIRe.s 			page 18


 803 02fb A4000000 		.4byte	0xa4
 804 02ff 02       		.uleb128 0x2
 805 0300 91       		.byte	0x91
 806 0301 64       		.sleb128 -28
 807 0302 0F       		.uleb128 0xf
 808 0303 4A0A0000 		.4byte	.LASF94
 809 0307 01       		.byte	0x1
 810 0308 30       		.byte	0x30
 811 0309 A4000000 		.4byte	0xa4
 812 030d 0F       		.uleb128 0xf
 813 030e 730A0000 		.4byte	.LASF95
 814 0312 01       		.byte	0x1
 815 0313 31       		.byte	0x31
 816 0314 A4000000 		.4byte	0xa4
 817 0318 0E       		.uleb128 0xe
 818 0319 D2070000 		.4byte	.LASF96
 819 031d 01       		.byte	0x1
 820 031e 33       		.byte	0x33
 821 031f A4000000 		.4byte	0xa4
 822 0323 02       		.uleb128 0x2
 823 0324 91       		.byte	0x91
 824 0325 63       		.sleb128 -29
 825 0326 0E       		.uleb128 0xe
 826 0327 AC070000 		.4byte	.LASF97
 827 032b 01       		.byte	0x1
 828 032c 34       		.byte	0x34
 829 032d A4000000 		.4byte	0xa4
 830 0331 02       		.uleb128 0x2
 831 0332 91       		.byte	0x91
 832 0333 62       		.sleb128 -30
 833 0334 0E       		.uleb128 0xe
 834 0335 C9040000 		.4byte	.LASF98
 835 0339 01       		.byte	0x1
 836 033a 35       		.byte	0x35
 837 033b A4000000 		.4byte	0xa4
 838 033f 02       		.uleb128 0x2
 839 0340 91       		.byte	0x91
 840 0341 61       		.sleb128 -31
 841 0342 0E       		.uleb128 0xe
 842 0343 7D040000 		.4byte	.LASF99
 843 0347 01       		.byte	0x1
 844 0348 36       		.byte	0x36
 845 0349 A4000000 		.4byte	0xa4
 846 034d 02       		.uleb128 0x2
 847 034e 91       		.byte	0x91
 848 034f 60       		.sleb128 -32
 849 0350 0E       		.uleb128 0xe
 850 0351 05030000 		.4byte	.LASF100
 851 0355 01       		.byte	0x1
 852 0356 37       		.byte	0x37
 853 0357 A4000000 		.4byte	0xa4
 854 035b 02       		.uleb128 0x2
 855 035c 91       		.byte	0x91
 856 035d 5F       		.sleb128 -33
 857 035e 0E       		.uleb128 0xe
 858 035f 39070000 		.4byte	.LASF101
 859 0363 01       		.byte	0x1
ARM GAS  C:\Users\johnn\AppData\Local\Temp\ccAJfIRe.s 			page 19


 860 0364 38       		.byte	0x38
 861 0365 A4000000 		.4byte	0xa4
 862 0369 02       		.uleb128 0x2
 863 036a 91       		.byte	0x91
 864 036b 5E       		.sleb128 -34
 865 036c 0E       		.uleb128 0xe
 866 036d DE050000 		.4byte	.LASF102
 867 0371 01       		.byte	0x1
 868 0372 3A       		.byte	0x3a
 869 0373 50070000 		.4byte	0x750
 870 0377 02       		.uleb128 0x2
 871 0378 91       		.byte	0x91
 872 0379 50       		.sleb128 -48
 873 037a 0E       		.uleb128 0xe
 874 037b E6050000 		.4byte	.LASF103
 875 037f 01       		.byte	0x1
 876 0380 3B       		.byte	0x3b
 877 0381 50070000 		.4byte	0x750
 878 0385 02       		.uleb128 0x2
 879 0386 91       		.byte	0x91
 880 0387 48       		.sleb128 -56
 881 0388 0E       		.uleb128 0xe
 882 0389 EE050000 		.4byte	.LASF104
 883 038d 01       		.byte	0x1
 884 038e 3C       		.byte	0x3c
 885 038f 50070000 		.4byte	0x750
 886 0393 02       		.uleb128 0x2
 887 0394 91       		.byte	0x91
 888 0395 40       		.sleb128 -64
 889 0396 0E       		.uleb128 0xe
 890 0397 F4010000 		.4byte	.LASF105
 891 039b 01       		.byte	0x1
 892 039c 3E       		.byte	0x3e
 893 039d A4000000 		.4byte	0xa4
 894 03a1 03       		.uleb128 0x3
 895 03a2 91       		.byte	0x91
 896 03a3 BF7F     		.sleb128 -65
 897 03a5 0E       		.uleb128 0xe
 898 03a6 EB010000 		.4byte	.LASF106
 899 03aa 01       		.byte	0x1
 900 03ab 3F       		.byte	0x3f
 901 03ac A4000000 		.4byte	0xa4
 902 03b0 03       		.uleb128 0x3
 903 03b1 91       		.byte	0x91
 904 03b2 BE7F     		.sleb128 -66
 905 03b4 0E       		.uleb128 0xe
 906 03b5 3B0B0000 		.4byte	.LASF107
 907 03b9 01       		.byte	0x1
 908 03ba 40       		.byte	0x40
 909 03bb A4000000 		.4byte	0xa4
 910 03bf 03       		.uleb128 0x3
 911 03c0 91       		.byte	0x91
 912 03c1 BD7F     		.sleb128 -67
 913 03c3 0E       		.uleb128 0xe
 914 03c4 320B0000 		.4byte	.LASF108
 915 03c8 01       		.byte	0x1
 916 03c9 41       		.byte	0x41
ARM GAS  C:\Users\johnn\AppData\Local\Temp\ccAJfIRe.s 			page 20


 917 03ca A4000000 		.4byte	0xa4
 918 03ce 03       		.uleb128 0x3
 919 03cf 91       		.byte	0x91
 920 03d0 BC7F     		.sleb128 -68
 921 03d2 0E       		.uleb128 0xe
 922 03d3 D9090000 		.4byte	.LASF109
 923 03d7 01       		.byte	0x1
 924 03d8 42       		.byte	0x42
 925 03d9 A4000000 		.4byte	0xa4
 926 03dd 03       		.uleb128 0x3
 927 03de 91       		.byte	0x91
 928 03df BB7F     		.sleb128 -69
 929 03e1 0E       		.uleb128 0xe
 930 03e2 D0090000 		.4byte	.LASF110
 931 03e6 01       		.byte	0x1
 932 03e7 43       		.byte	0x43
 933 03e8 A4000000 		.4byte	0xa4
 934 03ec 03       		.uleb128 0x3
 935 03ed 91       		.byte	0x91
 936 03ee BA7F     		.sleb128 -70
 937 03f0 0E       		.uleb128 0xe
 938 03f1 2C090000 		.4byte	.LASF111
 939 03f5 01       		.byte	0x1
 940 03f6 45       		.byte	0x45
 941 03f7 50070000 		.4byte	0x750
 942 03fb 03       		.uleb128 0x3
 943 03fc 91       		.byte	0x91
 944 03fd B07F     		.sleb128 -80
 945 03ff 0E       		.uleb128 0xe
 946 0400 33090000 		.4byte	.LASF112
 947 0404 01       		.byte	0x1
 948 0405 46       		.byte	0x46
 949 0406 50070000 		.4byte	0x750
 950 040a 03       		.uleb128 0x3
 951 040b 91       		.byte	0x91
 952 040c A87F     		.sleb128 -88
 953 040e 0E       		.uleb128 0xe
 954 040f 3A090000 		.4byte	.LASF113
 955 0413 01       		.byte	0x1
 956 0414 47       		.byte	0x47
 957 0415 50070000 		.4byte	0x750
 958 0419 03       		.uleb128 0x3
 959 041a 91       		.byte	0x91
 960 041b A07F     		.sleb128 -96
 961 041d 0F       		.uleb128 0xf
 962 041e D6020000 		.4byte	.LASF114
 963 0422 01       		.byte	0x1
 964 0423 4A       		.byte	0x4a
 965 0424 A4000000 		.4byte	0xa4
 966 0428 0F       		.uleb128 0xf
 967 0429 FA020000 		.4byte	.LASF115
 968 042d 01       		.byte	0x1
 969 042e 4B       		.byte	0x4b
 970 042f A4000000 		.4byte	0xa4
 971 0433 10       		.uleb128 0x10
 972 0434 C6000000 		.4byte	.LBB2
 973 0438 6A010000 		.4byte	.LBE2-.LBB2
ARM GAS  C:\Users\johnn\AppData\Local\Temp\ccAJfIRe.s 			page 21


 974 043c 79050000 		.4byte	0x579
 975 0440 0E       		.uleb128 0xe
 976 0441 680B0000 		.4byte	.LASF116
 977 0445 01       		.byte	0x1
 978 0446 A7       		.byte	0xa7
 979 0447 A9000000 		.4byte	0xa9
 980 044b 03       		.uleb128 0x3
 981 044c 91       		.byte	0x91
 982 044d 9E7F     		.sleb128 -98
 983 044f 11       		.uleb128 0x11
 984 0450 CA000000 		.4byte	.LVL27
 985 0454 61070000 		.4byte	0x761
 986 0458 12       		.uleb128 0x12
 987 0459 D0000000 		.4byte	.LVL28
 988 045d 6D070000 		.4byte	0x76d
 989 0461 6B040000 		.4byte	0x46b
 990 0465 0C       		.uleb128 0xc
 991 0466 01       		.uleb128 0x1
 992 0467 50       		.byte	0x50
 993 0468 01       		.uleb128 0x1
 994 0469 30       		.byte	0x30
 995 046a 00       		.byte	0
 996 046b 12       		.uleb128 0x12
 997 046c DA000000 		.4byte	.LVL29
 998 0470 6D070000 		.4byte	0x76d
 999 0474 7F040000 		.4byte	0x47f
 1000 0478 0C       		.uleb128 0xc
 1001 0479 01       		.uleb128 0x1
 1002 047a 50       		.byte	0x50
 1003 047b 02       		.uleb128 0x2
 1004 047c 08       		.byte	0x8
 1005 047d 2E       		.byte	0x2e
 1006 047e 00       		.byte	0
 1007 047f 12       		.uleb128 0x12
 1008 0480 E6000000 		.4byte	.LVL30
 1009 0484 6D070000 		.4byte	0x76d
 1010 0488 93040000 		.4byte	0x493
 1011 048c 0C       		.uleb128 0xc
 1012 048d 01       		.uleb128 0x1
 1013 048e 50       		.byte	0x50
 1014 048f 02       		.uleb128 0x2
 1015 0490 08       		.byte	0x8
 1016 0491 2D       		.byte	0x2d
 1017 0492 00       		.byte	0
 1018 0493 12       		.uleb128 0x12
 1019 0494 F2000000 		.4byte	.LVL31
 1020 0498 6D070000 		.4byte	0x76d
 1021 049c A7040000 		.4byte	0x4a7
 1022 04a0 0C       		.uleb128 0xc
 1023 04a1 01       		.uleb128 0x1
 1024 04a2 50       		.byte	0x50
 1025 04a3 02       		.uleb128 0x2
 1026 04a4 08       		.byte	0x8
 1027 04a5 30       		.byte	0x30
 1028 04a6 00       		.byte	0
 1029 04a7 12       		.uleb128 0x12
 1030 04a8 FE000000 		.4byte	.LVL32
ARM GAS  C:\Users\johnn\AppData\Local\Temp\ccAJfIRe.s 			page 22


 1031 04ac 6D070000 		.4byte	0x76d
 1032 04b0 BB040000 		.4byte	0x4bb
 1033 04b4 0C       		.uleb128 0xc
 1034 04b5 01       		.uleb128 0x1
 1035 04b6 50       		.byte	0x50
 1036 04b7 02       		.uleb128 0x2
 1037 04b8 08       		.byte	0x8
 1038 04b9 2F       		.byte	0x2f
 1039 04ba 00       		.byte	0
 1040 04bb 12       		.uleb128 0x12
 1041 04bc 08010000 		.4byte	.LVL33
 1042 04c0 6D070000 		.4byte	0x76d
 1043 04c4 CF040000 		.4byte	0x4cf
 1044 04c8 0C       		.uleb128 0xc
 1045 04c9 01       		.uleb128 0x1
 1046 04ca 50       		.byte	0x50
 1047 04cb 02       		.uleb128 0x2
 1048 04cc 08       		.byte	0x8
 1049 04cd 32       		.byte	0x32
 1050 04ce 00       		.byte	0
 1051 04cf 12       		.uleb128 0x12
 1052 04d0 16010000 		.4byte	.LVL34
 1053 04d4 6D070000 		.4byte	0x76d
 1054 04d8 E3040000 		.4byte	0x4e3
 1055 04dc 0C       		.uleb128 0xc
 1056 04dd 01       		.uleb128 0x1
 1057 04de 50       		.byte	0x50
 1058 04df 02       		.uleb128 0x2
 1059 04e0 08       		.byte	0x8
 1060 04e1 31       		.byte	0x31
 1061 04e2 00       		.byte	0
 1062 04e3 12       		.uleb128 0x12
 1063 04e4 7E010000 		.4byte	.LVL41
 1064 04e8 6D070000 		.4byte	0x76d
 1065 04ec F7040000 		.4byte	0x4f7
 1066 04f0 0C       		.uleb128 0xc
 1067 04f1 01       		.uleb128 0x1
 1068 04f2 50       		.byte	0x50
 1069 04f3 02       		.uleb128 0x2
 1070 04f4 08       		.byte	0x8
 1071 04f5 34       		.byte	0x34
 1072 04f6 00       		.byte	0
 1073 04f7 12       		.uleb128 0x12
 1074 04f8 8A010000 		.4byte	.LVL42
 1075 04fc 6D070000 		.4byte	0x76d
 1076 0500 0B050000 		.4byte	0x50b
 1077 0504 0C       		.uleb128 0xc
 1078 0505 01       		.uleb128 0x1
 1079 0506 50       		.byte	0x50
 1080 0507 02       		.uleb128 0x2
 1081 0508 08       		.byte	0x8
 1082 0509 33       		.byte	0x33
 1083 050a 00       		.byte	0
 1084 050b 12       		.uleb128 0x12
 1085 050c 96010000 		.4byte	.LVL43
 1086 0510 6D070000 		.4byte	0x76d
 1087 0514 1F050000 		.4byte	0x51f
ARM GAS  C:\Users\johnn\AppData\Local\Temp\ccAJfIRe.s 			page 23


 1088 0518 0C       		.uleb128 0xc
 1089 0519 01       		.uleb128 0x1
 1090 051a 50       		.byte	0x50
 1091 051b 02       		.uleb128 0x2
 1092 051c 08       		.byte	0x8
 1093 051d 36       		.byte	0x36
 1094 051e 00       		.byte	0
 1095 051f 12       		.uleb128 0x12
 1096 0520 A2010000 		.4byte	.LVL44
 1097 0524 6D070000 		.4byte	0x76d
 1098 0528 33050000 		.4byte	0x533
 1099 052c 0C       		.uleb128 0xc
 1100 052d 01       		.uleb128 0x1
 1101 052e 50       		.byte	0x50
 1102 052f 02       		.uleb128 0x2
 1103 0530 08       		.byte	0x8
 1104 0531 35       		.byte	0x35
 1105 0532 00       		.byte	0
 1106 0533 12       		.uleb128 0x12
 1107 0534 AC010000 		.4byte	.LVL45
 1108 0538 6D070000 		.4byte	0x76d
 1109 053c 47050000 		.4byte	0x547
 1110 0540 0C       		.uleb128 0xc
 1111 0541 01       		.uleb128 0x1
 1112 0542 50       		.byte	0x50
 1113 0543 02       		.uleb128 0x2
 1114 0544 08       		.byte	0x8
 1115 0545 38       		.byte	0x38
 1116 0546 00       		.byte	0
 1117 0547 12       		.uleb128 0x12
 1118 0548 BA010000 		.4byte	.LVL46
 1119 054c 6D070000 		.4byte	0x76d
 1120 0550 5B050000 		.4byte	0x55b
 1121 0554 0C       		.uleb128 0xc
 1122 0555 01       		.uleb128 0x1
 1123 0556 50       		.byte	0x50
 1124 0557 02       		.uleb128 0x2
 1125 0558 08       		.byte	0x8
 1126 0559 37       		.byte	0x37
 1127 055a 00       		.byte	0
 1128 055b 12       		.uleb128 0x12
 1129 055c 1C020000 		.4byte	.LVL53
 1130 0560 78070000 		.4byte	0x778
 1131 0564 6F050000 		.4byte	0x56f
 1132 0568 0C       		.uleb128 0xc
 1133 0569 01       		.uleb128 0x1
 1134 056a 50       		.byte	0x50
 1135 056b 02       		.uleb128 0x2
 1136 056c 08       		.byte	0x8
 1137 056d 64       		.byte	0x64
 1138 056e 00       		.byte	0
 1139 056f 11       		.uleb128 0x11
 1140 0570 20020000 		.4byte	.LVL54
 1141 0574 83070000 		.4byte	0x783
 1142 0578 00       		.byte	0
 1143 0579 12       		.uleb128 0x12
 1144 057a 0A000000 		.4byte	.LVL3
ARM GAS  C:\Users\johnn\AppData\Local\Temp\ccAJfIRe.s 			page 24


 1145 057e 8E070000 		.4byte	0x78e
 1146 0582 90050000 		.4byte	0x590
 1147 0586 0C       		.uleb128 0xc
 1148 0587 01       		.uleb128 0x1
 1149 0588 50       		.byte	0x50
 1150 0589 05       		.uleb128 0x5
 1151 058a 03       		.byte	0x3
 1152 058b 00000000 		.4byte	Stack_Handler
 1153 058f 00       		.byte	0
 1154 0590 11       		.uleb128 0x11
 1155 0591 10000000 		.4byte	.LVL4
 1156 0595 9A070000 		.4byte	0x79a
 1157 0599 12       		.uleb128 0x12
 1158 059a 18000000 		.4byte	.LVL5
 1159 059e A5070000 		.4byte	0x7a5
 1160 05a2 B2050000 		.4byte	0x5b2
 1161 05a6 0C       		.uleb128 0xc
 1162 05a7 01       		.uleb128 0x1
 1163 05a8 50       		.byte	0x50
 1164 05a9 02       		.uleb128 0x2
 1165 05aa 08       		.byte	0x8
 1166 05ab 7F       		.byte	0x7f
 1167 05ac 0C       		.uleb128 0xc
 1168 05ad 01       		.uleb128 0x1
 1169 05ae 51       		.byte	0x51
 1170 05af 01       		.uleb128 0x1
 1171 05b0 30       		.byte	0x30
 1172 05b1 00       		.byte	0
 1173 05b2 11       		.uleb128 0x11
 1174 05b3 1C000000 		.4byte	.LVL6
 1175 05b7 B0070000 		.4byte	0x7b0
 1176 05bb 12       		.uleb128 0x12
 1177 05bc 2A000000 		.4byte	.LVL7
 1178 05c0 6D070000 		.4byte	0x76d
 1179 05c4 CE050000 		.4byte	0x5ce
 1180 05c8 0C       		.uleb128 0xc
 1181 05c9 01       		.uleb128 0x1
 1182 05ca 50       		.byte	0x50
 1183 05cb 01       		.uleb128 0x1
 1184 05cc 36       		.byte	0x36
 1185 05cd 00       		.byte	0
 1186 05ce 12       		.uleb128 0x12
 1187 05cf 38000000 		.4byte	.LVL8
 1188 05d3 A5070000 		.4byte	0x7a5
 1189 05d7 E7050000 		.4byte	0x5e7
 1190 05db 0C       		.uleb128 0xc
 1191 05dc 01       		.uleb128 0x1
 1192 05dd 50       		.byte	0x50
 1193 05de 01       		.uleb128 0x1
 1194 05df 36       		.byte	0x36
 1195 05e0 0C       		.uleb128 0xc
 1196 05e1 01       		.uleb128 0x1
 1197 05e2 51       		.byte	0x51
 1198 05e3 02       		.uleb128 0x2
 1199 05e4 09       		.byte	0x9
 1200 05e5 80       		.byte	0x80
 1201 05e6 00       		.byte	0
ARM GAS  C:\Users\johnn\AppData\Local\Temp\ccAJfIRe.s 			page 25


 1202 05e7 12       		.uleb128 0x12
 1203 05e8 3E000000 		.4byte	.LVL9
 1204 05ec 78070000 		.4byte	0x778
 1205 05f0 FA050000 		.4byte	0x5fa
 1206 05f4 0C       		.uleb128 0xc
 1207 05f5 01       		.uleb128 0x1
 1208 05f6 50       		.byte	0x50
 1209 05f7 01       		.uleb128 0x1
 1210 05f8 31       		.byte	0x31
 1211 05f9 00       		.byte	0
 1212 05fa 12       		.uleb128 0x12
 1213 05fb 44000000 		.4byte	.LVL10
 1214 05ff 6D070000 		.4byte	0x76d
 1215 0603 0D060000 		.4byte	0x60d
 1216 0607 0C       		.uleb128 0xc
 1217 0608 01       		.uleb128 0x1
 1218 0609 50       		.byte	0x50
 1219 060a 01       		.uleb128 0x1
 1220 060b 36       		.byte	0x36
 1221 060c 00       		.byte	0
 1222 060d 12       		.uleb128 0x12
 1223 060e 4E000000 		.4byte	.LVL11
 1224 0612 A5070000 		.4byte	0x7a5
 1225 0616 25060000 		.4byte	0x625
 1226 061a 0C       		.uleb128 0xc
 1227 061b 01       		.uleb128 0x1
 1228 061c 50       		.byte	0x50
 1229 061d 01       		.uleb128 0x1
 1230 061e 36       		.byte	0x36
 1231 061f 0C       		.uleb128 0xc
 1232 0620 01       		.uleb128 0x1
 1233 0621 51       		.byte	0x51
 1234 0622 01       		.uleb128 0x1
 1235 0623 31       		.byte	0x31
 1236 0624 00       		.byte	0
 1237 0625 12       		.uleb128 0x12
 1238 0626 54000000 		.4byte	.LVL12
 1239 062a 6D070000 		.4byte	0x76d
 1240 062e 38060000 		.4byte	0x638
 1241 0632 0C       		.uleb128 0xc
 1242 0633 01       		.uleb128 0x1
 1243 0634 50       		.byte	0x50
 1244 0635 01       		.uleb128 0x1
 1245 0636 36       		.byte	0x36
 1246 0637 00       		.byte	0
 1247 0638 12       		.uleb128 0x12
 1248 0639 5C000000 		.4byte	.LVL13
 1249 063d 6D070000 		.4byte	0x76d
 1250 0641 4C060000 		.4byte	0x64c
 1251 0645 0C       		.uleb128 0xc
 1252 0646 01       		.uleb128 0x1
 1253 0647 50       		.byte	0x50
 1254 0648 02       		.uleb128 0x2
 1255 0649 08       		.byte	0x8
 1256 064a 7F       		.byte	0x7f
 1257 064b 00       		.byte	0
 1258 064c 12       		.uleb128 0x12
ARM GAS  C:\Users\johnn\AppData\Local\Temp\ccAJfIRe.s 			page 26


 1259 064d 66000000 		.4byte	.LVL14
 1260 0651 A5070000 		.4byte	0x7a5
 1261 0655 66060000 		.4byte	0x666
 1262 0659 0C       		.uleb128 0xc
 1263 065a 01       		.uleb128 0x1
 1264 065b 50       		.byte	0x50
 1265 065c 02       		.uleb128 0x2
 1266 065d 08       		.byte	0x8
 1267 065e 7F       		.byte	0x7f
 1268 065f 0C       		.uleb128 0xc
 1269 0660 01       		.uleb128 0x1
 1270 0661 51       		.byte	0x51
 1271 0662 02       		.uleb128 0x2
 1272 0663 08       		.byte	0x8
 1273 0664 32       		.byte	0x32
 1274 0665 00       		.byte	0
 1275 0666 12       		.uleb128 0x12
 1276 0667 6C000000 		.4byte	.LVL15
 1277 066b 6D070000 		.4byte	0x76d
 1278 066f 7A060000 		.4byte	0x67a
 1279 0673 0C       		.uleb128 0xc
 1280 0674 01       		.uleb128 0x1
 1281 0675 50       		.byte	0x50
 1282 0676 02       		.uleb128 0x2
 1283 0677 08       		.byte	0x8
 1284 0678 7F       		.byte	0x7f
 1285 0679 00       		.byte	0
 1286 067a 12       		.uleb128 0x12
 1287 067b 76000000 		.4byte	.LVL16
 1288 067f A5070000 		.4byte	0x7a5
 1289 0683 92060000 		.4byte	0x692
 1290 0687 0C       		.uleb128 0xc
 1291 0688 01       		.uleb128 0x1
 1292 0689 50       		.byte	0x50
 1293 068a 01       		.uleb128 0x1
 1294 068b 31       		.byte	0x31
 1295 068c 0C       		.uleb128 0xc
 1296 068d 01       		.uleb128 0x1
 1297 068e 51       		.byte	0x51
 1298 068f 01       		.uleb128 0x1
 1299 0690 30       		.byte	0x30
 1300 0691 00       		.byte	0
 1301 0692 12       		.uleb128 0x12
 1302 0693 7C000000 		.4byte	.LVL17
 1303 0697 6D070000 		.4byte	0x76d
 1304 069b A5060000 		.4byte	0x6a5
 1305 069f 0C       		.uleb128 0xc
 1306 06a0 01       		.uleb128 0x1
 1307 06a1 50       		.byte	0x50
 1308 06a2 01       		.uleb128 0x1
 1309 06a3 31       		.byte	0x31
 1310 06a4 00       		.byte	0
 1311 06a5 12       		.uleb128 0x12
 1312 06a6 86000000 		.4byte	.LVL18
 1313 06aa A5070000 		.4byte	0x7a5
 1314 06ae BD060000 		.4byte	0x6bd
 1315 06b2 0C       		.uleb128 0xc
ARM GAS  C:\Users\johnn\AppData\Local\Temp\ccAJfIRe.s 			page 27


 1316 06b3 01       		.uleb128 0x1
 1317 06b4 50       		.byte	0x50
 1318 06b5 01       		.uleb128 0x1
 1319 06b6 44       		.byte	0x44
 1320 06b7 0C       		.uleb128 0xc
 1321 06b8 01       		.uleb128 0x1
 1322 06b9 51       		.byte	0x51
 1323 06ba 01       		.uleb128 0x1
 1324 06bb 36       		.byte	0x36
 1325 06bc 00       		.byte	0
 1326 06bd 12       		.uleb128 0x12
 1327 06be 8C000000 		.4byte	.LVL19
 1328 06c2 6D070000 		.4byte	0x76d
 1329 06c6 D0060000 		.4byte	0x6d0
 1330 06ca 0C       		.uleb128 0xc
 1331 06cb 01       		.uleb128 0x1
 1332 06cc 50       		.byte	0x50
 1333 06cd 01       		.uleb128 0x1
 1334 06ce 44       		.byte	0x44
 1335 06cf 00       		.byte	0
 1336 06d0 12       		.uleb128 0x12
 1337 06d1 96000000 		.4byte	.LVL20
 1338 06d5 A5070000 		.4byte	0x7a5
 1339 06d9 E9060000 		.4byte	0x6e9
 1340 06dd 0C       		.uleb128 0xc
 1341 06de 01       		.uleb128 0x1
 1342 06df 50       		.byte	0x50
 1343 06e0 02       		.uleb128 0x2
 1344 06e1 08       		.byte	0x8
 1345 06e2 7F       		.byte	0x7f
 1346 06e3 0C       		.uleb128 0xc
 1347 06e4 01       		.uleb128 0x1
 1348 06e5 51       		.byte	0x51
 1349 06e6 01       		.uleb128 0x1
 1350 06e7 30       		.byte	0x30
 1351 06e8 00       		.byte	0
 1352 06e9 11       		.uleb128 0x11
 1353 06ea 9A000000 		.4byte	.LVL21
 1354 06ee B0070000 		.4byte	0x7b0
 1355 06f2 12       		.uleb128 0x12
 1356 06f3 A6000000 		.4byte	.LVL22
 1357 06f7 A5070000 		.4byte	0x7a5
 1358 06fb 0A070000 		.4byte	0x70a
 1359 06ff 0C       		.uleb128 0xc
 1360 0700 01       		.uleb128 0x1
 1361 0701 50       		.byte	0x50
 1362 0702 01       		.uleb128 0x1
 1363 0703 37       		.byte	0x37
 1364 0704 0C       		.uleb128 0xc
 1365 0705 01       		.uleb128 0x1
 1366 0706 51       		.byte	0x51
 1367 0707 01       		.uleb128 0x1
 1368 0708 30       		.byte	0x30
 1369 0709 00       		.byte	0
 1370 070a 11       		.uleb128 0x11
 1371 070b AA000000 		.4byte	.LVL23
 1372 070f B0070000 		.4byte	0x7b0
ARM GAS  C:\Users\johnn\AppData\Local\Temp\ccAJfIRe.s 			page 28


 1373 0713 12       		.uleb128 0x12
 1374 0714 B4000000 		.4byte	.LVL24
 1375 0718 6D070000 		.4byte	0x76d
 1376 071c 26070000 		.4byte	0x726
 1377 0720 0C       		.uleb128 0xc
 1378 0721 01       		.uleb128 0x1
 1379 0722 50       		.byte	0x50
 1380 0723 01       		.uleb128 0x1
 1381 0724 36       		.byte	0x36
 1382 0725 00       		.byte	0
 1383 0726 12       		.uleb128 0x12
 1384 0727 BC000000 		.4byte	.LVL25
 1385 072b 6D070000 		.4byte	0x76d
 1386 072f 39070000 		.4byte	0x739
 1387 0733 0C       		.uleb128 0xc
 1388 0734 01       		.uleb128 0x1
 1389 0735 50       		.byte	0x50
 1390 0736 01       		.uleb128 0x1
 1391 0737 37       		.byte	0x37
 1392 0738 00       		.byte	0
 1393 0739 0B       		.uleb128 0xb
 1394 073a C6000000 		.4byte	.LVL26
 1395 073e BC070000 		.4byte	0x7bc
 1396 0742 0C       		.uleb128 0xc
 1397 0743 01       		.uleb128 0x1
 1398 0744 50       		.byte	0x50
 1399 0745 02       		.uleb128 0x2
 1400 0746 09       		.byte	0x9
 1401 0747 84       		.byte	0x84
 1402 0748 0C       		.uleb128 0xc
 1403 0749 01       		.uleb128 0x1
 1404 074a 51       		.byte	0x51
 1405 074b 02       		.uleb128 0x2
 1406 074c 09       		.byte	0x9
 1407 074d 83       		.byte	0x83
 1408 074e 00       		.byte	0
 1409 074f 00       		.byte	0
 1410 0750 05       		.uleb128 0x5
 1411 0751 96000000 		.4byte	0x96
 1412 0755 13       		.uleb128 0x13
 1413 0756 82080000 		.4byte	.LASF117
 1414 075a 82080000 		.4byte	.LASF117
 1415 075e 03       		.byte	0x3
 1416 075f 8002     		.2byte	0x280
 1417 0761 13       		.uleb128 0x13
 1418 0762 82060000 		.4byte	.LASF118
 1419 0766 82060000 		.4byte	.LASF118
 1420 076a 04       		.byte	0x4
 1421 076b CC07     		.2byte	0x7cc
 1422 076d 14       		.uleb128 0x14
 1423 076e 60090000 		.4byte	.LASF119
 1424 0772 60090000 		.4byte	.LASF119
 1425 0776 05       		.byte	0x5
 1426 0777 41       		.byte	0x41
 1427 0778 14       		.uleb128 0x14
 1428 0779 A50A0000 		.4byte	.LASF120
 1429 077d A50A0000 		.4byte	.LASF120
ARM GAS  C:\Users\johnn\AppData\Local\Temp\ccAJfIRe.s 			page 29


 1430 0781 06       		.byte	0x6
 1431 0782 D9       		.byte	0xd9
 1432 0783 14       		.uleb128 0x14
 1433 0784 96030000 		.4byte	.LASF121
 1434 0788 96030000 		.4byte	.LASF121
 1435 078c 05       		.byte	0x5
 1436 078d 42       		.byte	0x42
 1437 078e 13       		.uleb128 0x13
 1438 078f D2050000 		.4byte	.LASF122
 1439 0793 D2050000 		.4byte	.LASF122
 1440 0797 03       		.byte	0x3
 1441 0798 7002     		.2byte	0x270
 1442 079a 14       		.uleb128 0x14
 1443 079b 280B0000 		.4byte	.LASF123
 1444 079f 280B0000 		.4byte	.LASF123
 1445 07a3 07       		.byte	0x7
 1446 07a4 72       		.byte	0x72
 1447 07a5 14       		.uleb128 0x14
 1448 07a6 060C0000 		.4byte	.LASF124
 1449 07aa 060C0000 		.4byte	.LASF124
 1450 07ae 05       		.byte	0x5
 1451 07af 45       		.byte	0x45
 1452 07b0 13       		.uleb128 0x13
 1453 07b1 D4030000 		.4byte	.LASF125
 1454 07b5 D4030000 		.4byte	.LASF125
 1455 07b9 08       		.byte	0x8
 1456 07ba 0F01     		.2byte	0x10f
 1457 07bc 14       		.uleb128 0x14
 1458 07bd FD0A0000 		.4byte	.LASF126
 1459 07c1 FD0A0000 		.4byte	.LASF126
 1460 07c5 05       		.byte	0x5
 1461 07c6 46       		.byte	0x46
 1462 07c7 00       		.byte	0
 1463              		.section	.debug_abbrev,"",%progbits
 1464              	.Ldebug_abbrev0:
 1465 0000 01       		.uleb128 0x1
 1466 0001 11       		.uleb128 0x11
 1467 0002 01       		.byte	0x1
 1468 0003 25       		.uleb128 0x25
 1469 0004 0E       		.uleb128 0xe
 1470 0005 13       		.uleb128 0x13
 1471 0006 0B       		.uleb128 0xb
 1472 0007 03       		.uleb128 0x3
 1473 0008 0E       		.uleb128 0xe
 1474 0009 1B       		.uleb128 0x1b
 1475 000a 0E       		.uleb128 0xe
 1476 000b 55       		.uleb128 0x55
 1477 000c 17       		.uleb128 0x17
 1478 000d 11       		.uleb128 0x11
 1479 000e 01       		.uleb128 0x1
 1480 000f 10       		.uleb128 0x10
 1481 0010 17       		.uleb128 0x17
 1482 0011 00       		.byte	0
 1483 0012 00       		.byte	0
 1484 0013 02       		.uleb128 0x2
 1485 0014 24       		.uleb128 0x24
 1486 0015 00       		.byte	0
ARM GAS  C:\Users\johnn\AppData\Local\Temp\ccAJfIRe.s 			page 30


 1487 0016 0B       		.uleb128 0xb
 1488 0017 0B       		.uleb128 0xb
 1489 0018 3E       		.uleb128 0x3e
 1490 0019 0B       		.uleb128 0xb
 1491 001a 03       		.uleb128 0x3
 1492 001b 0E       		.uleb128 0xe
 1493 001c 00       		.byte	0
 1494 001d 00       		.byte	0
 1495 001e 03       		.uleb128 0x3
 1496 001f 24       		.uleb128 0x24
 1497 0020 00       		.byte	0
 1498 0021 0B       		.uleb128 0xb
 1499 0022 0B       		.uleb128 0xb
 1500 0023 3E       		.uleb128 0x3e
 1501 0024 0B       		.uleb128 0xb
 1502 0025 03       		.uleb128 0x3
 1503 0026 08       		.uleb128 0x8
 1504 0027 00       		.byte	0
 1505 0028 00       		.byte	0
 1506 0029 04       		.uleb128 0x4
 1507 002a 16       		.uleb128 0x16
 1508 002b 00       		.byte	0
 1509 002c 03       		.uleb128 0x3
 1510 002d 0E       		.uleb128 0xe
 1511 002e 3A       		.uleb128 0x3a
 1512 002f 0B       		.uleb128 0xb
 1513 0030 3B       		.uleb128 0x3b
 1514 0031 05       		.uleb128 0x5
 1515 0032 49       		.uleb128 0x49
 1516 0033 13       		.uleb128 0x13
 1517 0034 00       		.byte	0
 1518 0035 00       		.byte	0
 1519 0036 05       		.uleb128 0x5
 1520 0037 35       		.uleb128 0x35
 1521 0038 00       		.byte	0
 1522 0039 49       		.uleb128 0x49
 1523 003a 13       		.uleb128 0x13
 1524 003b 00       		.byte	0
 1525 003c 00       		.byte	0
 1526 003d 06       		.uleb128 0x6
 1527 003e 0F       		.uleb128 0xf
 1528 003f 00       		.byte	0
 1529 0040 0B       		.uleb128 0xb
 1530 0041 0B       		.uleb128 0xb
 1531 0042 00       		.byte	0
 1532 0043 00       		.byte	0
 1533 0044 07       		.uleb128 0x7
 1534 0045 04       		.uleb128 0x4
 1535 0046 01       		.byte	0x1
 1536 0047 0B       		.uleb128 0xb
 1537 0048 0B       		.uleb128 0xb
 1538 0049 49       		.uleb128 0x49
 1539 004a 13       		.uleb128 0x13
 1540 004b 3A       		.uleb128 0x3a
 1541 004c 0B       		.uleb128 0xb
 1542 004d 3B       		.uleb128 0x3b
 1543 004e 05       		.uleb128 0x5
ARM GAS  C:\Users\johnn\AppData\Local\Temp\ccAJfIRe.s 			page 31


 1544 004f 01       		.uleb128 0x1
 1545 0050 13       		.uleb128 0x13
 1546 0051 00       		.byte	0
 1547 0052 00       		.byte	0
 1548 0053 08       		.uleb128 0x8
 1549 0054 28       		.uleb128 0x28
 1550 0055 00       		.byte	0
 1551 0056 03       		.uleb128 0x3
 1552 0057 0E       		.uleb128 0xe
 1553 0058 1C       		.uleb128 0x1c
 1554 0059 0B       		.uleb128 0xb
 1555 005a 00       		.byte	0
 1556 005b 00       		.byte	0
 1557 005c 09       		.uleb128 0x9
 1558 005d 2E       		.uleb128 0x2e
 1559 005e 01       		.byte	0x1
 1560 005f 3F       		.uleb128 0x3f
 1561 0060 19       		.uleb128 0x19
 1562 0061 03       		.uleb128 0x3
 1563 0062 0E       		.uleb128 0xe
 1564 0063 3A       		.uleb128 0x3a
 1565 0064 0B       		.uleb128 0xb
 1566 0065 3B       		.uleb128 0x3b
 1567 0066 0B       		.uleb128 0xb
 1568 0067 27       		.uleb128 0x27
 1569 0068 19       		.uleb128 0x19
 1570 0069 11       		.uleb128 0x11
 1571 006a 01       		.uleb128 0x1
 1572 006b 12       		.uleb128 0x12
 1573 006c 06       		.uleb128 0x6
 1574 006d 40       		.uleb128 0x40
 1575 006e 18       		.uleb128 0x18
 1576 006f 9742     		.uleb128 0x2117
 1577 0071 19       		.uleb128 0x19
 1578 0072 01       		.uleb128 0x1
 1579 0073 13       		.uleb128 0x13
 1580 0074 00       		.byte	0
 1581 0075 00       		.byte	0
 1582 0076 0A       		.uleb128 0xa
 1583 0077 05       		.uleb128 0x5
 1584 0078 00       		.byte	0
 1585 0079 03       		.uleb128 0x3
 1586 007a 0E       		.uleb128 0xe
 1587 007b 3A       		.uleb128 0x3a
 1588 007c 0B       		.uleb128 0xb
 1589 007d 3B       		.uleb128 0x3b
 1590 007e 0B       		.uleb128 0xb
 1591 007f 49       		.uleb128 0x49
 1592 0080 13       		.uleb128 0x13
 1593 0081 02       		.uleb128 0x2
 1594 0082 17       		.uleb128 0x17
 1595 0083 00       		.byte	0
 1596 0084 00       		.byte	0
 1597 0085 0B       		.uleb128 0xb
 1598 0086 898201   		.uleb128 0x4109
 1599 0089 01       		.byte	0x1
 1600 008a 11       		.uleb128 0x11
ARM GAS  C:\Users\johnn\AppData\Local\Temp\ccAJfIRe.s 			page 32


 1601 008b 01       		.uleb128 0x1
 1602 008c 31       		.uleb128 0x31
 1603 008d 13       		.uleb128 0x13
 1604 008e 00       		.byte	0
 1605 008f 00       		.byte	0
 1606 0090 0C       		.uleb128 0xc
 1607 0091 8A8201   		.uleb128 0x410a
 1608 0094 00       		.byte	0
 1609 0095 02       		.uleb128 0x2
 1610 0096 18       		.uleb128 0x18
 1611 0097 9142     		.uleb128 0x2111
 1612 0099 18       		.uleb128 0x18
 1613 009a 00       		.byte	0
 1614 009b 00       		.byte	0
 1615 009c 0D       		.uleb128 0xd
 1616 009d 2E       		.uleb128 0x2e
 1617 009e 01       		.byte	0x1
 1618 009f 3F       		.uleb128 0x3f
 1619 00a0 19       		.uleb128 0x19
 1620 00a1 03       		.uleb128 0x3
 1621 00a2 0E       		.uleb128 0xe
 1622 00a3 3A       		.uleb128 0x3a
 1623 00a4 0B       		.uleb128 0xb
 1624 00a5 3B       		.uleb128 0x3b
 1625 00a6 0B       		.uleb128 0xb
 1626 00a7 27       		.uleb128 0x27
 1627 00a8 19       		.uleb128 0x19
 1628 00a9 49       		.uleb128 0x49
 1629 00aa 13       		.uleb128 0x13
 1630 00ab 8701     		.uleb128 0x87
 1631 00ad 19       		.uleb128 0x19
 1632 00ae 11       		.uleb128 0x11
 1633 00af 01       		.uleb128 0x1
 1634 00b0 12       		.uleb128 0x12
 1635 00b1 06       		.uleb128 0x6
 1636 00b2 40       		.uleb128 0x40
 1637 00b3 18       		.uleb128 0x18
 1638 00b4 9642     		.uleb128 0x2116
 1639 00b6 19       		.uleb128 0x19
 1640 00b7 01       		.uleb128 0x1
 1641 00b8 13       		.uleb128 0x13
 1642 00b9 00       		.byte	0
 1643 00ba 00       		.byte	0
 1644 00bb 0E       		.uleb128 0xe
 1645 00bc 34       		.uleb128 0x34
 1646 00bd 00       		.byte	0
 1647 00be 03       		.uleb128 0x3
 1648 00bf 0E       		.uleb128 0xe
 1649 00c0 3A       		.uleb128 0x3a
 1650 00c1 0B       		.uleb128 0xb
 1651 00c2 3B       		.uleb128 0x3b
 1652 00c3 0B       		.uleb128 0xb
 1653 00c4 49       		.uleb128 0x49
 1654 00c5 13       		.uleb128 0x13
 1655 00c6 02       		.uleb128 0x2
 1656 00c7 18       		.uleb128 0x18
 1657 00c8 00       		.byte	0
ARM GAS  C:\Users\johnn\AppData\Local\Temp\ccAJfIRe.s 			page 33


 1658 00c9 00       		.byte	0
 1659 00ca 0F       		.uleb128 0xf
 1660 00cb 34       		.uleb128 0x34
 1661 00cc 00       		.byte	0
 1662 00cd 03       		.uleb128 0x3
 1663 00ce 0E       		.uleb128 0xe
 1664 00cf 3A       		.uleb128 0x3a
 1665 00d0 0B       		.uleb128 0xb
 1666 00d1 3B       		.uleb128 0x3b
 1667 00d2 0B       		.uleb128 0xb
 1668 00d3 49       		.uleb128 0x49
 1669 00d4 13       		.uleb128 0x13
 1670 00d5 00       		.byte	0
 1671 00d6 00       		.byte	0
 1672 00d7 10       		.uleb128 0x10
 1673 00d8 0B       		.uleb128 0xb
 1674 00d9 01       		.byte	0x1
 1675 00da 11       		.uleb128 0x11
 1676 00db 01       		.uleb128 0x1
 1677 00dc 12       		.uleb128 0x12
 1678 00dd 06       		.uleb128 0x6
 1679 00de 01       		.uleb128 0x1
 1680 00df 13       		.uleb128 0x13
 1681 00e0 00       		.byte	0
 1682 00e1 00       		.byte	0
 1683 00e2 11       		.uleb128 0x11
 1684 00e3 898201   		.uleb128 0x4109
 1685 00e6 00       		.byte	0
 1686 00e7 11       		.uleb128 0x11
 1687 00e8 01       		.uleb128 0x1
 1688 00e9 31       		.uleb128 0x31
 1689 00ea 13       		.uleb128 0x13
 1690 00eb 00       		.byte	0
 1691 00ec 00       		.byte	0
 1692 00ed 12       		.uleb128 0x12
 1693 00ee 898201   		.uleb128 0x4109
 1694 00f1 01       		.byte	0x1
 1695 00f2 11       		.uleb128 0x11
 1696 00f3 01       		.uleb128 0x1
 1697 00f4 31       		.uleb128 0x31
 1698 00f5 13       		.uleb128 0x13
 1699 00f6 01       		.uleb128 0x1
 1700 00f7 13       		.uleb128 0x13
 1701 00f8 00       		.byte	0
 1702 00f9 00       		.byte	0
 1703 00fa 13       		.uleb128 0x13
 1704 00fb 2E       		.uleb128 0x2e
 1705 00fc 00       		.byte	0
 1706 00fd 3F       		.uleb128 0x3f
 1707 00fe 19       		.uleb128 0x19
 1708 00ff 3C       		.uleb128 0x3c
 1709 0100 19       		.uleb128 0x19
 1710 0101 6E       		.uleb128 0x6e
 1711 0102 0E       		.uleb128 0xe
 1712 0103 03       		.uleb128 0x3
 1713 0104 0E       		.uleb128 0xe
 1714 0105 3A       		.uleb128 0x3a
ARM GAS  C:\Users\johnn\AppData\Local\Temp\ccAJfIRe.s 			page 34


 1715 0106 0B       		.uleb128 0xb
 1716 0107 3B       		.uleb128 0x3b
 1717 0108 05       		.uleb128 0x5
 1718 0109 00       		.byte	0
 1719 010a 00       		.byte	0
 1720 010b 14       		.uleb128 0x14
 1721 010c 2E       		.uleb128 0x2e
 1722 010d 00       		.byte	0
 1723 010e 3F       		.uleb128 0x3f
 1724 010f 19       		.uleb128 0x19
 1725 0110 3C       		.uleb128 0x3c
 1726 0111 19       		.uleb128 0x19
 1727 0112 6E       		.uleb128 0x6e
 1728 0113 0E       		.uleb128 0xe
 1729 0114 03       		.uleb128 0x3
 1730 0115 0E       		.uleb128 0xe
 1731 0116 3A       		.uleb128 0x3a
 1732 0117 0B       		.uleb128 0xb
 1733 0118 3B       		.uleb128 0x3b
 1734 0119 0B       		.uleb128 0xb
 1735 011a 00       		.byte	0
 1736 011b 00       		.byte	0
 1737 011c 00       		.byte	0
 1738              		.section	.debug_loc,"",%progbits
 1739              	.Ldebug_loc0:
 1740              	.LLST0:
 1741 0000 00000000 		.4byte	.LVL0
 1742 0004 0C000000 		.4byte	.LVL1
 1743 0008 0100     		.2byte	0x1
 1744 000a 50       		.byte	0x50
 1745 000b 0C000000 		.4byte	.LVL1
 1746 000f 12000000 		.4byte	.LFE35
 1747 0013 0400     		.2byte	0x4
 1748 0015 F3       		.byte	0xf3
 1749 0016 01       		.uleb128 0x1
 1750 0017 50       		.byte	0x50
 1751 0018 9F       		.byte	0x9f
 1752 0019 00000000 		.4byte	0
 1753 001d 00000000 		.4byte	0
 1754              	.LLST1:
 1755 0021 00000000 		.4byte	.LVL0
 1756 0025 0F000000 		.4byte	.LVL2-1
 1757 0029 0100     		.2byte	0x1
 1758 002b 51       		.byte	0x51
 1759 002c 0F000000 		.4byte	.LVL2-1
 1760 0030 12000000 		.4byte	.LFE35
 1761 0034 0400     		.2byte	0x4
 1762 0036 F3       		.byte	0xf3
 1763 0037 01       		.uleb128 0x1
 1764 0038 51       		.byte	0x51
 1765 0039 9F       		.byte	0x9f
 1766 003a 00000000 		.4byte	0
 1767 003e 00000000 		.4byte	0
 1768              		.section	.debug_aranges,"",%progbits
 1769 0000 24000000 		.4byte	0x24
 1770 0004 0200     		.2byte	0x2
 1771 0006 00000000 		.4byte	.Ldebug_info0
ARM GAS  C:\Users\johnn\AppData\Local\Temp\ccAJfIRe.s 			page 35


 1772 000a 04       		.byte	0x4
 1773 000b 00       		.byte	0
 1774 000c 0000     		.2byte	0
 1775 000e 0000     		.2byte	0
 1776 0010 00000000 		.4byte	.LFB35
 1777 0014 12000000 		.4byte	.LFE35-.LFB35
 1778 0018 00000000 		.4byte	.LFB36
 1779 001c 30020000 		.4byte	.LFE36-.LFB36
 1780 0020 00000000 		.4byte	0
 1781 0024 00000000 		.4byte	0
 1782              		.section	.debug_ranges,"",%progbits
 1783              	.Ldebug_ranges0:
 1784 0000 00000000 		.4byte	.LFB35
 1785 0004 12000000 		.4byte	.LFE35
 1786 0008 00000000 		.4byte	.LFB36
 1787 000c 30020000 		.4byte	.LFE36
 1788 0010 00000000 		.4byte	0
 1789 0014 00000000 		.4byte	0
 1790              		.section	.debug_line,"",%progbits
 1791              	.Ldebug_line0:
 1792 0000 40010000 		.section	.debug_str,"MS",%progbits,1
 1792      02008A00 
 1792      00000201 
 1792      FB0E0D00 
 1792      01010101 
 1793              	.LASF81:
 1794 0000 4359424C 		.ascii	"CYBLE_EVT_L2CAP_CBFC_RX_CREDIT_IND\000"
 1794      455F4556 
 1794      545F4C32 
 1794      4341505F 
 1794      43424643 
 1795              	.LASF22:
 1796 0023 4359424C 		.ascii	"CYBLE_EVT_STACK_BUSY_STATUS\000"
 1796      455F4556 
 1796      545F5354 
 1796      41434B5F 
 1796      42555359 
 1797              	.LASF10:
 1798 003f 75696E74 		.ascii	"uint16\000"
 1798      313600
 1799              	.LASF80:
 1800 0046 4359424C 		.ascii	"CYBLE_EVT_L2CAP_CBFC_DATA_READ\000"
 1800      455F4556 
 1800      545F4C32 
 1800      4341505F 
 1800      43424643 
 1801              	.LASF34:
 1802 0065 4359424C 		.ascii	"CYBLE_EVT_GAP_CONNECTION_UPDATE_COMPLETE\000"
 1802      455F4556 
 1802      545F4741 
 1802      505F434F 
 1802      4E4E4543 
 1803              	.LASF79:
 1804 008e 4359424C 		.ascii	"CYBLE_EVT_L2CAP_CBFC_DISCONN_CNF\000"
 1804      455F4556 
 1804      545F4C32 
 1804      4341505F 
ARM GAS  C:\Users\johnn\AppData\Local\Temp\ccAJfIRe.s 			page 36


 1804      43424643 
 1805              	.LASF39:
 1806 00af 4359424C 		.ascii	"CYBLE_EVT_GAP_OOB_GENERATED_NOTIFICATION\000"
 1806      455F4556 
 1806      545F4741 
 1806      505F4F4F 
 1806      425F4745 
 1807              	.LASF59:
 1808 00d8 4359424C 		.ascii	"CYBLE_EVT_GATTC_READ_MULTI_RSP\000"
 1808      455F4556 
 1808      545F4741 
 1808      5454435F 
 1808      52454144 
 1809              	.LASF64:
 1810 00f7 4359424C 		.ascii	"CYBLE_EVT_GATTS_EXEC_WRITE_REQ\000"
 1810      455F4556 
 1810      545F4741 
 1810      5454535F 
 1810      45584543 
 1811              	.LASF19:
 1812 0116 4359424C 		.ascii	"CYBLE_EVT_TIMEOUT\000"
 1812      455F4556 
 1812      545F5449 
 1812      4D454F55 
 1812      5400
 1813              	.LASF4:
 1814 0128 6C6F6E67 		.ascii	"long int\000"
 1814      20696E74 
 1814      00
 1815              	.LASF127:
 1816 0131 474E5520 		.ascii	"GNU C11 5.4.1 20160609 (release) [ARM/embedded-5-br"
 1816      43313120 
 1816      352E342E 
 1816      31203230 
 1816      31363036 
 1817 0164 616E6368 		.ascii	"anch revision 237715] -mcpu=cortex-m0 -mthumb -g -O"
 1817      20726576 
 1817      6973696F 
 1817      6E203233 
 1817      37373135 
 1818 0197 67202D66 		.ascii	"g -ffunction-sections -ffat-lto-objects\000"
 1818      66756E63 
 1818      74696F6E 
 1818      2D736563 
 1818      74696F6E 
 1819              	.LASF7:
 1820 01bf 6C6F6E67 		.ascii	"long long unsigned int\000"
 1820      206C6F6E 
 1820      6720756E 
 1820      7369676E 
 1820      65642069 
 1821              	.LASF21:
 1822 01d6 4359424C 		.ascii	"CYBLE_EVT_HCI_STATUS\000"
 1822      455F4556 
 1822      545F4843 
 1822      495F5354 
 1822      41545553 
ARM GAS  C:\Users\johnn\AppData\Local\Temp\ccAJfIRe.s 			page 37


 1823              	.LASF106:
 1824 01eb 4759524F 		.ascii	"GYRO_X_H\000"
 1824      5F585F48 
 1824      00
 1825              	.LASF105:
 1826 01f4 4759524F 		.ascii	"GYRO_X_L\000"
 1826      5F585F4C 
 1826      00
 1827              	.LASF89:
 1828 01fd 6576656E 		.ascii	"eventCode\000"
 1828      74436F64 
 1828      6500
 1829              	.LASF73:
 1830 0207 4359424C 		.ascii	"CYBLE_EVT_L2CAP_CONN_PARAM_UPDATE_REQ\000"
 1830      455F4556 
 1830      545F4C32 
 1830      4341505F 
 1830      434F4E4E 
 1831              	.LASF33:
 1832 022d 4359424C 		.ascii	"CYBLE_EVT_GAP_ENCRYPT_CHANGE\000"
 1832      455F4556 
 1832      545F4741 
 1832      505F454E 
 1832      43525950 
 1833              	.LASF37:
 1834 024a 4359424C 		.ascii	"CYBLE_EVT_GAP_NUMERIC_COMPARISON_REQUEST\000"
 1834      455F4556 
 1834      545F4741 
 1834      505F4E55 
 1834      4D455249 
 1835              	.LASF6:
 1836 0273 6C6F6E67 		.ascii	"long long int\000"
 1836      206C6F6E 
 1836      6720696E 
 1836      7400
 1837              	.LASF0:
 1838 0281 7369676E 		.ascii	"signed char\000"
 1838      65642063 
 1838      68617200 
 1839              	.LASF18:
 1840 028d 4359424C 		.ascii	"CYBLE_EVT_STACK_ON\000"
 1840      455F4556 
 1840      545F5354 
 1840      41434B5F 
 1840      4F4E00
 1841              	.LASF35:
 1842 02a0 4359424C 		.ascii	"CYBLE_EVT_GAPC_SCAN_START_STOP\000"
 1842      455F4556 
 1842      545F4741 
 1842      50435F53 
 1842      43414E5F 
 1843              	.LASF25:
 1844 02bf 4359424C 		.ascii	"CYBLE_EVT_GAP_AUTH_REQ\000"
 1844      455F4556 
 1844      545F4741 
 1844      505F4155 
 1844      54485F52 
ARM GAS  C:\Users\johnn\AppData\Local\Temp\ccAJfIRe.s 			page 38


 1845              	.LASF114:
 1846 02d6 4144435F 		.ascii	"ADC_Data_H\000"
 1846      44617461 
 1846      5F4800
 1847              	.LASF57:
 1848 02e1 4359424C 		.ascii	"CYBLE_EVT_GATTC_READ_RSP\000"
 1848      455F4556 
 1848      545F4741 
 1848      5454435F 
 1848      52454144 
 1849              	.LASF115:
 1850 02fa 4144435F 		.ascii	"ADC_Data_L\000"
 1850      44617461 
 1850      5F4C00
 1851              	.LASF100:
 1852 0305 41434345 		.ascii	"ACCEL_Z_L\000"
 1852      4C5F5A5F 
 1852      4C00
 1853              	.LASF62:
 1854 030f 4359424C 		.ascii	"CYBLE_EVT_GATTS_WRITE_CMD_REQ\000"
 1854      455F4556 
 1854      545F4741 
 1854      5454535F 
 1854      57524954 
 1855              	.LASF30:
 1856 032d 4359424C 		.ascii	"CYBLE_EVT_GAPP_ADVERTISEMENT_START_STOP\000"
 1856      455F4556 
 1856      545F4741 
 1856      50505F41 
 1856      44564552 
 1857              	.LASF9:
 1858 0355 75696E74 		.ascii	"uint8\000"
 1858      3800
 1859              	.LASF65:
 1860 035b 4359424C 		.ascii	"CYBLE_EVT_GATTC_EXEC_WRITE_RSP\000"
 1860      455F4556 
 1860      545F4741 
 1860      5454435F 
 1860      45584543 
 1861              	.LASF13:
 1862 037a 646F7562 		.ascii	"double\000"
 1862      6C6500
 1863              	.LASF130:
 1864 0381 53746163 		.ascii	"Stack_Handler\000"
 1864      6B5F4861 
 1864      6E646C65 
 1864      7200
 1865              	.LASF11:
 1866 038f 75696E74 		.ascii	"uint32\000"
 1866      333200
 1867              	.LASF121:
 1868 0396 4144435F 		.ascii	"ADC_ReadReg\000"
 1868      52656164 
 1868      52656700 
 1869              	.LASF88:
 1870 03a2 4359424C 		.ascii	"CYBLE_EVT_MAX\000"
 1870      455F4556 
ARM GAS  C:\Users\johnn\AppData\Local\Temp\ccAJfIRe.s 			page 39


 1870      545F4D41 
 1870      5800
 1871              	.LASF83:
 1872 03b0 4359424C 		.ascii	"CYBLE_EVT_L2CAP_CBFC_DATA_WRITE_IND\000"
 1872      455F4556 
 1872      545F4C32 
 1872      4341505F 
 1872      43424643 
 1873              	.LASF125:
 1874 03d4 4932435F 		.ascii	"I2C_I2CMasterStatus\000"
 1874      4932434D 
 1874      61737465 
 1874      72537461 
 1874      74757300 
 1875              	.LASF45:
 1876 03e8 4359424C 		.ascii	"CYBLE_EVT_GAP_SCAN_REQ_RECVD\000"
 1876      455F4556 
 1876      545F4741 
 1876      505F5343 
 1876      414E5F52 
 1877              	.LASF70:
 1878 0405 4359424C 		.ascii	"CYBLE_EVT_GATTC_STOP_CMD_COMPLETE\000"
 1878      455F4556 
 1878      545F4741 
 1878      5454435F 
 1878      53544F50 
 1879              	.LASF8:
 1880 0427 756E7369 		.ascii	"unsigned int\000"
 1880      676E6564 
 1880      20696E74 
 1880      00
 1881              	.LASF85:
 1882 0434 4359424C 		.ascii	"CYBLE_EVT_LE_PING_AUTH_TIMEOUT\000"
 1882      455F4556 
 1882      545F4C45 
 1882      5F50494E 
 1882      475F4155 
 1883              	.LASF5:
 1884 0453 6C6F6E67 		.ascii	"long unsigned int\000"
 1884      20756E73 
 1884      69676E65 
 1884      6420696E 
 1884      7400
 1885              	.LASF44:
 1886 0465 4359424C 		.ascii	"CYBLE_EVT_GAP_CONN_ESTB\000"
 1886      455F4556 
 1886      545F4741 
 1886      505F434F 
 1886      4E4E5F45 
 1887              	.LASF99:
 1888 047d 41434345 		.ascii	"ACCEL_Y_H\000"
 1888      4C5F595F 
 1888      4800
 1889              	.LASF52:
 1890 0487 4359424C 		.ascii	"CYBLE_EVT_GATTC_XCHNG_MTU_RSP\000"
 1890      455F4556 
 1890      545F4741 
ARM GAS  C:\Users\johnn\AppData\Local\Temp\ccAJfIRe.s 			page 40


 1890      5454435F 
 1890      5843484E 
 1891              	.LASF69:
 1892 04a5 4359424C 		.ascii	"CYBLE_EVT_GATTS_DATA_SIGNED_CMD_REQ\000"
 1892      455F4556 
 1892      545F4741 
 1892      5454535F 
 1892      44415441 
 1893              	.LASF98:
 1894 04c9 41434345 		.ascii	"ACCEL_Y_L\000"
 1894      4C5F595F 
 1894      4C00
 1895              	.LASF72:
 1896 04d3 4359424C 		.ascii	"CYBLE_EVT_GATTC_LONG_PROCEDURE_END\000"
 1896      455F4556 
 1896      545F4741 
 1896      5454435F 
 1896      4C4F4E47 
 1897              	.LASF93:
 1898 04f6 64657669 		.ascii	"deviceID\000"
 1898      63654944 
 1898      00
 1899              	.LASF17:
 1900 04ff 4359424C 		.ascii	"CYBLE_EVT_HOST_INVALID\000"
 1900      455F4556 
 1900      545F484F 
 1900      53545F49 
 1900      4E56414C 
 1901              	.LASF55:
 1902 0516 4359424C 		.ascii	"CYBLE_EVT_GATTC_FIND_INFO_RSP\000"
 1902      455F4556 
 1902      545F4741 
 1902      5454435F 
 1902      46494E44 
 1903              	.LASF23:
 1904 0534 4359424C 		.ascii	"CYBLE_EVT_MEMORY_REQUEST\000"
 1904      455F4556 
 1904      545F4D45 
 1904      4D4F5259 
 1904      5F524551 
 1905              	.LASF26:
 1906 054d 4359424C 		.ascii	"CYBLE_EVT_GAP_PASSKEY_ENTRY_REQUEST\000"
 1906      455F4556 
 1906      545F4741 
 1906      505F5041 
 1906      53534B45 
 1907              	.LASF31:
 1908 0571 4359424C 		.ascii	"CYBLE_EVT_GAP_DEVICE_CONNECTED\000"
 1908      455F4556 
 1908      545F4741 
 1908      505F4445 
 1908      56494345 
 1909              	.LASF128:
 1910 0590 6D61696E 		.ascii	"main.c\000"
 1910      2E6300
 1911              	.LASF60:
 1912 0597 4359424C 		.ascii	"CYBLE_EVT_GATTS_WRITE_REQ\000"
ARM GAS  C:\Users\johnn\AppData\Local\Temp\ccAJfIRe.s 			page 41


 1912      455F4556 
 1912      545F4741 
 1912      5454535F 
 1912      57524954 
 1913              	.LASF46:
 1914 05b1 4359424C 		.ascii	"CYBLE_EVT_GAP_AUTH_REQ_REPLY_ERR\000"
 1914      455F4556 
 1914      545F4741 
 1914      505F4155 
 1914      54485F52 
 1915              	.LASF122:
 1916 05d2 4379426C 		.ascii	"CyBle_Start\000"
 1916      655F5374 
 1916      61727400 
 1917              	.LASF102:
 1918 05de 41434345 		.ascii	"ACCEL_X\000"
 1918      4C5F5800 
 1919              	.LASF103:
 1920 05e6 41434345 		.ascii	"ACCEL_Y\000"
 1920      4C5F5900 
 1921              	.LASF104:
 1922 05ee 41434345 		.ascii	"ACCEL_Z\000"
 1922      4C5F5A00 
 1923              	.LASF92:
 1924 05f6 63686563 		.ascii	"checkWrite\000"
 1924      6B577269 
 1924      746500
 1925              	.LASF27:
 1926 0601 4359424C 		.ascii	"CYBLE_EVT_GAP_PASSKEY_DISPLAY_REQUEST\000"
 1926      455F4556 
 1926      545F4741 
 1926      505F5041 
 1926      53534B45 
 1927              	.LASF49:
 1928 0627 4359424C 		.ascii	"CYBLE_EVT_GATT_CONNECT_IND\000"
 1928      455F4556 
 1928      545F4741 
 1928      54545F43 
 1928      4F4E4E45 
 1929              	.LASF75:
 1930 0642 4359424C 		.ascii	"CYBLE_EVT_L2CAP_COMMAND_REJ\000"
 1930      455F4556 
 1930      545F4C32 
 1930      4341505F 
 1930      434F4D4D 
 1931              	.LASF24:
 1932 065e 4359424C 		.ascii	"CYBLE_EVT_GAPC_SCAN_PROGRESS_RESULT\000"
 1932      455F4556 
 1932      545F4741 
 1932      50435F53 
 1932      43414E5F 
 1933              	.LASF118:
 1934 0682 4379426C 		.ascii	"CyBle_ProcessEvents\000"
 1934      655F5072 
 1934      6F636573 
 1934      73457665 
 1934      6E747300 
ARM GAS  C:\Users\johnn\AppData\Local\Temp\ccAJfIRe.s 			page 42


 1935              	.LASF47:
 1936 0696 4359424C 		.ascii	"CYBLE_EVT_GAP_SMP_LOC_P256_KEYS_GEN_AND_SET_COMPLET"
 1936      455F4556 
 1936      545F4741 
 1936      505F534D 
 1936      505F4C4F 
 1937 06c9 4500     		.ascii	"E\000"
 1938              	.LASF76:
 1939 06cb 4359424C 		.ascii	"CYBLE_EVT_L2CAP_CBFC_CONN_IND\000"
 1939      455F4556 
 1939      545F4C32 
 1939      4341505F 
 1939      43424643 
 1940              	.LASF54:
 1941 06e9 4359424C 		.ascii	"CYBLE_EVT_GATTC_READ_BY_TYPE_RSP\000"
 1941      455F4556 
 1941      545F4741 
 1941      5454435F 
 1941      52454144 
 1942              	.LASF16:
 1943 070a 73697A65 		.ascii	"sizetype\000"
 1943      74797065 
 1943      00
 1944              	.LASF15:
 1945 0713 6C6F6E67 		.ascii	"long double\000"
 1945      20646F75 
 1945      626C6500 
 1946              	.LASF29:
 1947 071f 4359424C 		.ascii	"CYBLE_EVT_GAP_AUTH_FAILED\000"
 1947      455F4556 
 1947      545F4741 
 1947      505F4155 
 1947      54485F46 
 1948              	.LASF101:
 1949 0739 41434345 		.ascii	"ACCEL_Z_H\000"
 1949      4C5F5A5F 
 1949      4800
 1950              	.LASF61:
 1951 0743 4359424C 		.ascii	"CYBLE_EVT_GATTC_WRITE_RSP\000"
 1951      455F4556 
 1951      545F4741 
 1951      5454435F 
 1951      57524954 
 1952              	.LASF42:
 1953 075d 4359424C 		.ascii	"CYBLE_EVT_GAPC_DIRECT_ADV_REPORT\000"
 1953      455F4556 
 1953      545F4741 
 1953      50435F44 
 1953      49524543 
 1954              	.LASF40:
 1955 077e 4359424C 		.ascii	"CYBLE_EVT_GAP_DATA_LENGTH_CHANGE\000"
 1955      455F4556 
 1955      545F4741 
 1955      505F4441 
 1955      54415F4C 
 1956              	.LASF91:
 1957 079f 4D617374 		.ascii	"MasterStatus\000"
ARM GAS  C:\Users\johnn\AppData\Local\Temp\ccAJfIRe.s 			page 43


 1957      65725374 
 1957      61747573 
 1957      00
 1958              	.LASF97:
 1959 07ac 41434345 		.ascii	"ACCEL_X_H\000"
 1959      4C5F585F 
 1959      4800
 1960              	.LASF28:
 1961 07b6 4359424C 		.ascii	"CYBLE_EVT_GAP_AUTH_COMPLETE\000"
 1961      455F4556 
 1961      545F4741 
 1961      505F4155 
 1961      54485F43 
 1962              	.LASF96:
 1963 07d2 41434345 		.ascii	"ACCEL_X_L\000"
 1963      4C5F585F 
 1963      4C00
 1964              	.LASF66:
 1965 07dc 4359424C 		.ascii	"CYBLE_EVT_GATTC_HANDLE_VALUE_NTF\000"
 1965      455F4556 
 1965      545F4741 
 1965      5454435F 
 1965      48414E44 
 1966              	.LASF77:
 1967 07fd 4359424C 		.ascii	"CYBLE_EVT_L2CAP_CBFC_CONN_CNF\000"
 1967      455F4556 
 1967      545F4C32 
 1967      4341505F 
 1967      43424643 
 1968              	.LASF53:
 1969 081b 4359424C 		.ascii	"CYBLE_EVT_GATTC_READ_BY_GROUP_TYPE_RSP\000"
 1969      455F4556 
 1969      545F4741 
 1969      5454435F 
 1969      52454144 
 1970              	.LASF129:
 1971 0842 433A5C55 		.ascii	"C:\\Users\\johnn\\Documents\\PSoC Creator\\Kevin_BL"
 1971      73657273 
 1971      5C6A6F68 
 1971      6E6E5C44 
 1971      6F63756D 
 1972 0870 455F4932 		.ascii	"E_I2C.cydsn\000"
 1972      432E6379 
 1972      64736E00 
 1973              	.LASF12:
 1974 087c 666C6F61 		.ascii	"float\000"
 1974      7400
 1975              	.LASF117:
 1976 0882 4379426C 		.ascii	"CyBle_GappStartAdvertisement\000"
 1976      655F4761 
 1976      70705374 
 1976      61727441 
 1976      64766572 
 1977              	.LASF50:
 1978 089f 4359424C 		.ascii	"CYBLE_EVT_GATT_DISCONNECT_IND\000"
 1978      455F4556 
 1978      545F4741 
ARM GAS  C:\Users\johnn\AppData\Local\Temp\ccAJfIRe.s 			page 44


 1978      54545F44 
 1978      4953434F 
 1979              	.LASF1:
 1980 08bd 756E7369 		.ascii	"unsigned char\000"
 1980      676E6564 
 1980      20636861 
 1980      7200
 1981              	.LASF38:
 1982 08cb 4359424C 		.ascii	"CYBLE_EVT_GAP_KEYPRESS_NOTIFICATION\000"
 1982      455F4556 
 1982      545F4741 
 1982      505F4B45 
 1982      59505245 
 1983              	.LASF2:
 1984 08ef 73686F72 		.ascii	"short int\000"
 1984      7420696E 
 1984      7400
 1985              	.LASF67:
 1986 08f9 4359424C 		.ascii	"CYBLE_EVT_GATTC_HANDLE_VALUE_IND\000"
 1986      455F4556 
 1986      545F4741 
 1986      5454435F 
 1986      48414E44 
 1987              	.LASF86:
 1988 091a 4359424C 		.ascii	"CYBLE_EVT_HCI_PKT\000"
 1988      455F4556 
 1988      545F4843 
 1988      495F504B 
 1988      5400
 1989              	.LASF111:
 1990 092c 4759524F 		.ascii	"GYRO_X\000"
 1990      5F5800
 1991              	.LASF112:
 1992 0933 4759524F 		.ascii	"GYRO_Y\000"
 1992      5F5900
 1993              	.LASF113:
 1994 093a 4759524F 		.ascii	"GYRO_Z\000"
 1994      5F5A00
 1995              	.LASF63:
 1996 0941 4359424C 		.ascii	"CYBLE_EVT_GATTS_PREP_WRITE_REQ\000"
 1996      455F4556 
 1996      545F4741 
 1996      5454535F 
 1996      50524550 
 1997              	.LASF119:
 1998 0960 61636365 		.ascii	"accel_ReadReg\000"
 1998      6C5F5265 
 1998      61645265 
 1998      6700
 1999              	.LASF68:
 2000 096e 4359424C 		.ascii	"CYBLE_EVT_GATTS_HANDLE_VALUE_CNF\000"
 2000      455F4556 
 2000      545F4741 
 2000      5454535F 
 2000      48414E44 
 2001              	.LASF48:
 2002 098f 4359424C 		.ascii	"CYBLE_EVT_GATTC_ERROR_RSP\000"
ARM GAS  C:\Users\johnn\AppData\Local\Temp\ccAJfIRe.s 			page 45


 2002      455F4556 
 2002      545F4741 
 2002      5454435F 
 2002      4552524F 
 2003              	.LASF43:
 2004 09a9 4359424C 		.ascii	"CYBLE_EVT_GAP_SMP_NEGOTIATED_AUTH_INFO\000"
 2004      455F4556 
 2004      545F4741 
 2004      505F534D 
 2004      505F4E45 
 2005              	.LASF110:
 2006 09d0 4759524F 		.ascii	"GYRO_Z_H\000"
 2006      5F5A5F48 
 2006      00
 2007              	.LASF109:
 2008 09d9 4759524F 		.ascii	"GYRO_Z_L\000"
 2008      5F5A5F4C 
 2008      00
 2009              	.LASF87:
 2010 09e2 4359424C 		.ascii	"CYBLE_EVT_FLASH_CORRUPT\000"
 2010      455F4556 
 2010      545F464C 
 2010      4153485F 
 2010      434F5252 
 2011              	.LASF14:
 2012 09fa 63686172 		.ascii	"char\000"
 2012      00
 2013              	.LASF32:
 2014 09ff 4359424C 		.ascii	"CYBLE_EVT_GAP_DEVICE_DISCONNECTED\000"
 2014      455F4556 
 2014      545F4741 
 2014      505F4445 
 2014      56494345 
 2015              	.LASF71:
 2016 0a21 4359424C 		.ascii	"CYBLE_EVT_GATTS_READ_CHAR_VAL_ACCESS_REQ\000"
 2016      455F4556 
 2016      545F4741 
 2016      5454535F 
 2016      52454144 
 2017              	.LASF94:
 2018 0a4a 586F7574 		.ascii	"XoutH\000"
 2018      4800
 2019              	.LASF82:
 2020 0a50 4359424C 		.ascii	"CYBLE_EVT_L2CAP_CBFC_TX_CREDIT_IND\000"
 2020      455F4556 
 2020      545F4C32 
 2020      4341505F 
 2020      43424643 
 2021              	.LASF95:
 2022 0a73 586F7574 		.ascii	"XoutL\000"
 2022      4C00
 2023              	.LASF20:
 2024 0a79 4359424C 		.ascii	"CYBLE_EVT_HARDWARE_ERROR\000"
 2024      455F4556 
 2024      545F4841 
 2024      52445741 
 2024      52455F45 
ARM GAS  C:\Users\johnn\AppData\Local\Temp\ccAJfIRe.s 			page 46


 2025              	.LASF3:
 2026 0a92 73686F72 		.ascii	"short unsigned int\000"
 2026      7420756E 
 2026      7369676E 
 2026      65642069 
 2026      6E7400
 2027              	.LASF120:
 2028 0aa5 43794465 		.ascii	"CyDelay\000"
 2028      6C617900 
 2029              	.LASF56:
 2030 0aad 4359424C 		.ascii	"CYBLE_EVT_GATTC_FIND_BY_TYPE_VALUE_RSP\000"
 2030      455F4556 
 2030      545F4741 
 2030      5454435F 
 2030      46494E44 
 2031              	.LASF51:
 2032 0ad4 4359424C 		.ascii	"CYBLE_EVT_GATTS_XCNHG_MTU_REQ\000"
 2032      455F4556 
 2032      545F4741 
 2032      5454535F 
 2032      58434E48 
 2033              	.LASF90:
 2034 0af2 6576656E 		.ascii	"eventParam\000"
 2034      74506172 
 2034      616D00
 2035              	.LASF126:
 2036 0afd 4144435F 		.ascii	"ADC_WriteReg\000"
 2036      57726974 
 2036      65526567 
 2036      00
 2037              	.LASF58:
 2038 0b0a 4359424C 		.ascii	"CYBLE_EVT_GATTC_READ_BLOB_RSP\000"
 2038      455F4556 
 2038      545F4741 
 2038      5454435F 
 2038      52454144 
 2039              	.LASF123:
 2040 0b28 4932435F 		.ascii	"I2C_Start\000"
 2040      53746172 
 2040      7400
 2041              	.LASF108:
 2042 0b32 4759524F 		.ascii	"GYRO_Y_H\000"
 2042      5F595F48 
 2042      00
 2043              	.LASF107:
 2044 0b3b 4759524F 		.ascii	"GYRO_Y_L\000"
 2044      5F595F4C 
 2044      00
 2045              	.LASF36:
 2046 0b44 4359424C 		.ascii	"CYBLE_EVT_GAP_KEYINFO_EXCHNGE_CMPLT\000"
 2046      455F4556 
 2046      545F4741 
 2046      505F4B45 
 2046      59494E46 
 2047              	.LASF116:
 2048 0b68 4144435F 		.ascii	"ADC_Data_Buffer\000"
 2048      44617461 
ARM GAS  C:\Users\johnn\AppData\Local\Temp\ccAJfIRe.s 			page 47


 2048      5F427566 
 2048      66657200 
 2049              	.LASF78:
 2050 0b78 4359424C 		.ascii	"CYBLE_EVT_L2CAP_CBFC_DISCONN_IND\000"
 2050      455F4556 
 2050      545F4C32 
 2050      4341505F 
 2050      43424643 
 2051              	.LASF84:
 2052 0b99 4359424C 		.ascii	"CYBLE_EVT_PENDING_FLASH_WRITE\000"
 2052      455F4556 
 2052      545F5045 
 2052      4E44494E 
 2052      475F464C 
 2053              	.LASF74:
 2054 0bb7 4359424C 		.ascii	"CYBLE_EVT_L2CAP_CONN_PARAM_UPDATE_RSP\000"
 2054      455F4556 
 2054      545F4C32 
 2054      4341505F 
 2054      434F4E4E 
 2055              	.LASF131:
 2056 0bdd 6D61696E 		.ascii	"main\000"
 2056      00
 2057              	.LASF41:
 2058 0be2 4359424C 		.ascii	"CYBLE_EVT_GAP_ENHANCE_CONN_COMPLETE\000"
 2058      455F4556 
 2058      545F4741 
 2058      505F454E 
 2058      48414E43 
 2059              	.LASF124:
 2060 0c06 61636365 		.ascii	"accel_WriteReg\000"
 2060      6C5F5772 
 2060      69746552 
 2060      656700
 2061              		.ident	"GCC: (GNU Tools for ARM Embedded Processors) 5.4.1 20160609 (release) [ARM/embedded-5-bran
